TN:
SF:/home/marija/2023_Analysis_libfacedetection/libfacedetection/src/facedetectcnn.h
FN:142,_ZN9CDataBlobIfEC2Ev
FNDA:118,_ZN9CDataBlobIfEC2Ev
FN:156,_ZN9CDataBlobIfED2Ev
FNDA:0,_ZN9CDataBlobIfED2Ev
FN:161,_ZN9CDataBlobIfEC2EOS0_
FNDA:25,_ZN9CDataBlobIfEC2EOS0_
FN:170,_ZN9CDataBlobIfEaSEOS0_
FNDA:25,_ZN9CDataBlobIfEaSEOS0_
FN:176,_ZN9CDataBlobIfE7setNULLEv
FNDA:0,_ZN9CDataBlobIfE7setNULLEv
FN:195,_ZN9CDataBlobIfE6createEiii
FNDA:0,_ZN9CDataBlobIfE6createEiii
FN:242,_ZN9CDataBlobIfE3ptrEii
FNDA:0,_ZN9CDataBlobIfE3ptrEii
FN:350,_ZN7FiltersIfEC2Ev
FNDA:53,_ZN7FiltersIfEC2Ev
FN:359,_ZN7FiltersIfEaSER15ConvInfoStruct_
FNDA:53,_ZN7FiltersIfEaSER15ConvInfoStruct_
DA:142,118
DA:143,118
DA:144,118
DA:145,118
DA:146,118
DA:147,118
DA:148,118
DA:156,0
DA:158,0
DA:159,0
DA:161,25
DA:162,25
DA:163,25
DA:164,25
DA:165,25
DA:166,25
DA:167,25
DA:168,25
DA:170,25
DA:171,25
DA:172,25
DA:173,25
DA:176,0
DA:178,0
BRDA:178,0,0,-
BRDA:178,0,1,-
DA:179,0
DA:180,0
DA:181,0
DA:182,0
DA:195,0
DA:197,0
DA:199,0
DA:200,0
DA:201,0
DA:204,0
DA:205,0
BRDA:205,0,0,-
BRDA:205,0,1,-
DA:206,0
DA:208,0
DA:209,0
DA:211,0
BRDA:211,0,0,-
BRDA:211,0,1,-
DA:213,0
DA:214,0
DA:215,0
DA:216,0
DA:217,0
DA:239,0
DA:242,0
DA:244,0
BRDA:244,0,0,-
BRDA:244,0,1,-
BRDA:244,0,2,-
BRDA:244,0,3,-
BRDA:244,0,4,-
BRDA:244,0,5,-
BRDA:244,0,6,-
BRDA:244,0,7,-
DA:245,0
DA:247,0
DA:350,53
DA:351,53
DA:352,53
DA:353,53
DA:354,53
DA:355,53
DA:356,53
DA:357,53
DA:359,53
DA:361,53
BRDA:361,0,0,0
BRDA:361,0,1,53
DA:363,0
DA:364,0
DA:366,106
BRDA:366,0,0,53
BRDA:366,0,1,0
BRDA:366,0,2,0
BRDA:366,0,3,53
BRDA:366,0,4,0
BRDA:366,0,5,53
DA:367,53
DA:369,0
DA:370,0
DA:373,53
DA:374,53
DA:375,53
DA:376,53
DA:377,53
DA:379,53
BRDA:379,0,0,27
BRDA:379,0,1,26
BRDA:379,0,2,27
BRDA:379,0,3,0
DA:381,27
DA:383,26
BRDA:383,0,0,26
BRDA:383,0,1,0
BRDA:383,0,2,26
BRDA:383,0,3,0
DA:385,26
DA:389,0
DA:390,0
DA:393,53
DA:396,1087
BRDA:396,0,0,1034
BRDA:396,0,1,53
DA:397,1034
DA:398,1034
DA:399,1034
DA:400,53
DA:402,53
end_of_record
SF:/usr/include/c++/9/ext/new_allocator.h
FN:89,_ZN9__gnu_cxx13new_allocatorI9FaceRect_ED2Ev
FNDA:0,_ZN9__gnu_cxx13new_allocatorI9FaceRect_ED2Ev
FN:119,_ZN9__gnu_cxx13new_allocatorI9FaceRect_E10deallocateEPS1_m
FNDA:0,_ZN9__gnu_cxx13new_allocatorI9FaceRect_E10deallocateEPS1_m
DA:89,0
DA:119,0
DA:128,0
end_of_record
SF:/usr/include/c++/9/bits/stl_construct.h
FN:117,_ZNSt12_Destroy_auxILb1EE9__destroyIP9FaceRect_EEvT_S4_
FNDA:0,_ZNSt12_Destroy_auxILb1EE9__destroyIP9FaceRect_EEvT_S4_
FN:127,_ZSt8_DestroyIP9FaceRect_EvT_S2_
FNDA:0,_ZSt8_DestroyIP9FaceRect_EvT_S2_
FN:203,_ZSt8_DestroyIP9FaceRect_S0_EvT_S2_RSaIT0_E
FNDA:0,_ZSt8_DestroyIP9FaceRect_S0_EvT_S2_RSaIT0_E
DA:117,0
DA:127,0
DA:137,0
DA:138,0
DA:203,0
DA:206,0
DA:207,0
end_of_record
SF:/usr/include/c++/9/typeinfo
FN:120,_ZNKSt9type_infoeqERKS_
FNDA:159,_ZNKSt9type_infoeqERKS_
FN:136,_ZNKSt9type_infoneERKS_
FNDA:159,_ZNKSt9type_infoneERKS_
DA:120,159
DA:122,159
DA:123,159
BRDA:123,0,0,0
BRDA:123,0,1,159
BRDA:123,0,2,0
BRDA:123,0,3,0
DA:124,159
BRDA:124,0,0,0
BRDA:124,0,1,0
DA:136,159
DA:137,159
end_of_record
SF:/usr/include/c++/9/new
FN:173,_ZnwmPv
FNDA:0,_ZnwmPv
DA:173,0
DA:174,0
end_of_record
SF:/usr/include/c++/9/iostream
end_of_record
SF:/home/marija/2023_Analysis_libfacedetection/libfacedetection/src/facedetectcnn-model.cpp
FN:64,_Z15init_parametersv
FNDA:1,_Z15init_parametersv
FN:70,_Z16objectdetect_cnnPhiii
FNDA:1,_Z16objectdetect_cnnPhiii
FN:206,_Z14facedetect_cnnPhS_iii
FNDA:1,_Z14facedetect_cnnPhS_iii
DA:64,1
DA:66,54
BRDA:66,0,0,53
BRDA:66,0,1,1
DA:67,53
DA:68,1
DA:70,1
DA:74,1
BRDA:74,0,0,1
BRDA:74,0,1,0
DA:76,1
BRDA:76,0,0,1
BRDA:76,0,1,0
DA:77,1
DA:83,2
BRDA:83,0,0,1
BRDA:83,0,1,0
DA:88,1
BRDA:88,0,0,1
BRDA:88,0,1,0
BRDA:88,0,2,1
BRDA:88,0,3,0
DA:92,1
BRDA:92,0,0,1
BRDA:92,0,1,0
BRDA:92,0,2,1
BRDA:92,0,3,0
DA:96,1
BRDA:96,0,0,1
BRDA:96,0,1,0
BRDA:96,0,2,1
BRDA:96,0,3,0
DA:101,1
BRDA:101,0,0,1
BRDA:101,0,1,0
BRDA:101,0,2,1
BRDA:101,0,3,0
DA:106,1
BRDA:106,0,0,1
BRDA:106,0,1,0
BRDA:106,0,2,1
BRDA:106,0,3,0
DA:111,1
BRDA:111,0,0,1
BRDA:111,0,1,0
BRDA:111,0,2,1
BRDA:111,0,3,0
DA:115,2
BRDA:115,0,0,1
BRDA:115,0,1,0
DA:120,1
BRDA:120,0,0,1
BRDA:120,0,1,0
BRDA:120,0,2,1
BRDA:120,0,3,0
DA:124,2
BRDA:124,0,0,1
BRDA:124,0,1,0
DA:129,1
BRDA:129,0,0,1
BRDA:129,0,1,0
BRDA:129,0,2,1
BRDA:129,0,3,0
DA:133,2
BRDA:133,0,0,1
BRDA:133,0,1,0
DA:136,26
BRDA:136,0,0,3
BRDA:136,0,1,1
BRDA:136,0,2,3
BRDA:136,0,3,1
BRDA:136,0,4,3
BRDA:136,0,5,1
BRDA:136,0,6,3
BRDA:136,0,7,1
BRDA:136,0,8,3
BRDA:136,0,9,1
BRDA:136,0,10,3
BRDA:136,0,11,1
BRDA:136,0,12,3
BRDA:136,0,13,1
BRDA:136,0,14,3
BRDA:136,0,15,1
BRDA:136,0,16,0
BRDA:136,0,17,0
BRDA:136,0,18,0
BRDA:136,0,19,0
BRDA:136,0,20,0
BRDA:136,0,21,0
BRDA:136,0,22,0
BRDA:136,0,23,0
DA:139,1
BRDA:139,0,0,1
BRDA:139,0,1,0
BRDA:139,0,2,1
BRDA:139,0,3,0
DA:140,1
BRDA:140,0,0,1
BRDA:140,0,1,0
BRDA:140,0,2,1
BRDA:140,0,3,0
DA:141,1
BRDA:141,0,0,1
BRDA:141,0,1,0
BRDA:141,0,2,1
BRDA:141,0,3,0
DA:142,1
BRDA:142,0,0,1
BRDA:142,0,1,0
BRDA:142,0,2,1
BRDA:142,0,3,0
DA:143,1
BRDA:143,0,0,1
BRDA:143,0,1,0
BRDA:143,0,2,1
BRDA:143,0,3,0
DA:148,1
BRDA:148,0,0,1
BRDA:148,0,1,0
BRDA:148,0,2,1
BRDA:148,0,3,0
BRDA:148,0,4,1
BRDA:148,0,5,0
DA:153,1
BRDA:153,0,0,1
BRDA:153,0,1,0
BRDA:153,0,2,1
BRDA:153,0,3,0
DA:154,1
BRDA:154,0,0,1
BRDA:154,0,1,0
BRDA:154,0,2,1
BRDA:154,0,3,0
DA:155,1
BRDA:155,0,0,1
BRDA:155,0,1,0
BRDA:155,0,2,1
BRDA:155,0,3,0
DA:156,1
BRDA:156,0,0,1
BRDA:156,0,1,0
BRDA:156,0,2,1
BRDA:156,0,3,0
DA:157,1
BRDA:157,0,0,1
BRDA:157,0,1,0
BRDA:157,0,2,1
BRDA:157,0,3,0
DA:162,1
BRDA:162,0,0,1
BRDA:162,0,1,0
BRDA:162,0,2,1
BRDA:162,0,3,0
BRDA:162,0,4,1
BRDA:162,0,5,0
DA:167,1
BRDA:167,0,0,1
BRDA:167,0,1,0
BRDA:167,0,2,1
BRDA:167,0,3,0
DA:168,1
BRDA:168,0,0,1
BRDA:168,0,1,0
BRDA:168,0,2,1
BRDA:168,0,3,0
DA:169,1
BRDA:169,0,0,1
BRDA:169,0,1,0
BRDA:169,0,2,1
BRDA:169,0,3,0
DA:170,1
BRDA:170,0,0,1
BRDA:170,0,1,0
BRDA:170,0,2,1
BRDA:170,0,3,0
DA:171,1
BRDA:171,0,0,1
BRDA:171,0,1,0
BRDA:171,0,2,1
BRDA:171,0,3,0
DA:176,2
BRDA:176,0,0,1
BRDA:176,0,1,0
DA:177,2
BRDA:177,0,0,1
BRDA:177,0,1,0
DA:178,2
BRDA:178,0,0,1
BRDA:178,0,1,0
DA:183,1
BRDA:183,0,0,1
BRDA:183,0,1,0
DA:184,1
BRDA:184,0,0,1
BRDA:184,0,1,0
DA:185,1
BRDA:185,0,0,1
BRDA:185,0,1,0
DA:187,1
BRDA:187,0,0,1
BRDA:187,0,1,0
DA:188,1
BRDA:188,0,0,1
BRDA:188,0,1,0
DA:189,1
BRDA:189,0,0,1
BRDA:189,0,1,0
DA:191,3
BRDA:191,0,0,1
BRDA:191,0,1,0
BRDA:191,0,2,1
BRDA:191,0,3,0
BRDA:191,0,4,1
BRDA:191,0,5,0
BRDA:191,0,6,1
BRDA:191,0,7,0
DA:192,3
BRDA:192,0,0,1
BRDA:192,0,1,0
BRDA:192,0,2,1
BRDA:192,0,3,0
BRDA:192,0,4,1
BRDA:192,0,5,0
BRDA:192,0,6,1
BRDA:192,0,7,0
DA:193,3
BRDA:193,0,0,1
BRDA:193,0,1,0
BRDA:193,0,2,1
BRDA:193,0,3,0
BRDA:193,0,4,1
BRDA:193,0,5,0
BRDA:193,0,6,1
BRDA:193,0,7,0
DA:194,3
BRDA:194,0,0,1
BRDA:194,0,1,0
BRDA:194,0,2,1
BRDA:194,0,3,0
BRDA:194,0,4,1
BRDA:194,0,5,0
BRDA:194,0,6,1
BRDA:194,0,7,0
DA:196,1
BRDA:196,0,0,1
BRDA:196,0,1,0
DA:197,1
BRDA:197,0,0,1
BRDA:197,0,1,0
DA:201,1
BRDA:201,0,0,1
BRDA:201,0,1,0
DA:203,2
DA:206,1
DA:210,1
BRDA:210,0,0,0
BRDA:210,0,1,1
DA:212,0
BRDA:212,0,0,-
BRDA:212,0,1,-
DA:213,0
DA:217,1
DA:218,1
DA:219,1
DA:220,1
DA:222,1
BRDA:222,0,0,1
BRDA:222,0,1,0
DA:224,1
DA:225,1
DA:227,1
DA:228,1
DA:230,101
BRDA:230,0,0,100
BRDA:230,0,1,1
DA:233,100
DA:234,100
DA:235,100
DA:236,100
DA:237,100
DA:238,100
DA:240,1100
BRDA:240,0,0,1000
BRDA:240,0,1,100
DA:242,1000
DA:246,1
end_of_record
SF:/usr/include/c++/9/bits/stl_vector.h
FN:273,_ZNSt12_Vector_baseI9FaceRect_SaIS0_EE19_M_get_Tp_allocatorEv
FNDA:0,_ZNSt12_Vector_baseI9FaceRect_SaIS0_EE19_M_get_Tp_allocatorEv
FN:330,_ZNSt12_Vector_baseI9FaceRect_SaIS0_EED2Ev
FNDA:0,_ZNSt12_Vector_baseI9FaceRect_SaIS0_EED2Ev
FN:347,_ZNSt12_Vector_baseI9FaceRect_SaIS0_EE13_M_deallocateEPS0_m
FNDA:0,_ZNSt12_Vector_baseI9FaceRect_SaIS0_EE13_M_deallocateEPS0_m
FN:675,_ZNSt6vectorI9FaceRect_SaIS0_EED2Ev
FNDA:0,_ZNSt6vectorI9FaceRect_SaIS0_EED2Ev
FN:915,_ZNKSt6vectorI9FaceRect_SaIS0_EE4sizeEv
FNDA:0,_ZNKSt6vectorI9FaceRect_SaIS0_EE4sizeEv
FN:1040,_ZNSt6vectorI9FaceRect_SaIS0_EEixEm
FNDA:1500,_ZNSt6vectorI9FaceRect_SaIS0_EEixEm
DA:273,0
DA:274,0
DA:330,0
DA:332,0
DA:333,0
DA:334,0
DA:347,0
DA:350,0
BRDA:350,0,0,-
BRDA:350,0,1,-
DA:351,0
DA:352,0
DA:675,0
DA:677,0
DA:678,0
DA:680,0
DA:915,0
DA:916,0
DA:1040,1500
DA:1043,1500
end_of_record
SF:/usr/include/c++/9/bits/allocator.h
FN:152,_ZNSaI9FaceRect_ED2Ev
FNDA:0,_ZNSaI9FaceRect_ED2Ev
DA:152,0
end_of_record
SF:/usr/include/c++/9/bits/move.h
FN:99,_ZSt4moveIR9CDataBlobIfEEONSt16remove_referenceIT_E4typeEOS4_
FNDA:25,_ZSt4moveIR9CDataBlobIfEEONSt16remove_referenceIT_E4typeEOS4_
DA:99,25
DA:100,25
end_of_record
SF:/usr/include/c++/9/bits/alloc_traits.h
FN:468,_ZNSt16allocator_traitsISaI9FaceRect_EE10deallocateERS1_PS0_m
FNDA:0,_ZNSt16allocator_traitsISaI9FaceRect_EE10deallocateERS1_PS0_m
DA:468,0
DA:469,0
end_of_record
TN:
SF:/usr/include/c++/9/iostream
end_of_record
SF:/home/marija/2023_Analysis_libfacedetection/libfacedetection/src/facedetectcnn-data.cpp
end_of_record
TN:
SF:/usr/include/opencv4/opencv2/core/utility.hpp
FN:314,_ZN2cv9TickMeterC2Ev
FNDA:25,_ZN2cv9TickMeterC2Ev
FN:322,_ZN2cv9TickMeter5startEv
FNDA:25,_ZN2cv9TickMeter5startEv
FN:330,_ZN2cv9TickMeter4stopEv
FNDA:25,_ZN2cv9TickMeter4stopEv
FN:343,_ZNK2cv9TickMeter12getTimeTicksEv
FNDA:25,_ZNK2cv9TickMeter12getTimeTicksEv
FN:359,_ZNK2cv9TickMeter12getTimeMilliEv
FNDA:25,_ZNK2cv9TickMeter12getTimeMilliEv
FN:367,_ZNK2cv9TickMeter10getTimeSecEv
FNDA:25,_ZNK2cv9TickMeter10getTimeSecEv
FN:383,_ZN2cv9TickMeter5resetEv
FNDA:25,_ZN2cv9TickMeter5resetEv
DA:314,25
DA:315,25
DA:316,25
DA:317,25
DA:322,25
DA:324,25
DA:325,25
DA:330,25
DA:332,25
DA:333,25
BRDA:333,0,0,0
BRDA:333,0,1,25
DA:334,0
DA:335,25
DA:336,25
DA:337,25
DA:343,25
DA:345,25
DA:359,25
DA:361,25
DA:367,25
DA:369,25
DA:383,25
DA:385,25
DA:386,25
DA:387,25
DA:388,25
end_of_record
SF:/usr/include/c++/9/bits/basic_string.tcc
FN:206,_ZNSt7__cxx1112basic_stringIcSt11char_traitsIcESaIcEE12_M_constructIPcEEvT_S7_St20forward_iterator_tag
FNDA:0,_ZNSt7__cxx1112basic_stringIcSt11char_traitsIcESaIcEE12_M_constructIPcEEvT_S7_St20forward_iterator_tag
FN:206,_ZNSt7__cxx1112basic_stringIcSt11char_traitsIcESaIcEE12_M_constructIPKcEEvT_S8_St20forward_iterator_tag
FNDA:53,_ZNSt7__cxx1112basic_stringIcSt11char_traitsIcESaIcEE12_M_constructIPKcEEvT_S8_St20forward_iterator_tag
DA:206,0
DA:211,0
BRDA:211,0,0,-
BRDA:211,0,1,-
BRDA:211,0,2,-
BRDA:211,0,3,-
BRDA:211,0,4,-
BRDA:211,0,5,-
DA:212,0
DA:215,0
BRDA:215,0,0,-
BRDA:215,0,1,-
DA:217,0
BRDA:217,0,0,-
BRDA:217,0,1,-
DA:219,0
BRDA:219,0,0,-
BRDA:219,0,1,-
BRDA:219,0,2,-
BRDA:219,0,3,-
DA:220,0
BRDA:220,0,0,-
BRDA:220,0,1,-
DA:225,0
BRDA:225,0,0,-
BRDA:225,0,1,-
DA:226,0
DA:228,0
BRDA:228,0,0,0
BRDA:228,0,1,0
DA:229,0
DA:232,0
BRDA:232,0,0,-
BRDA:232,0,1,-
DA:233,0
DA:206,53
DA:211,53
BRDA:211,0,0,0
BRDA:211,0,1,53
BRDA:211,0,2,0
BRDA:211,0,3,0
BRDA:211,0,4,0
BRDA:211,0,5,53
DA:212,0
DA:215,53
BRDA:215,0,0,53
BRDA:215,0,1,0
DA:217,53
BRDA:217,0,0,1
BRDA:217,0,1,52
DA:219,1
BRDA:219,0,0,1
BRDA:219,0,1,0
BRDA:219,0,2,1
BRDA:219,0,3,0
DA:220,1
BRDA:220,0,0,1
BRDA:220,0,1,0
DA:225,53
BRDA:225,0,0,53
BRDA:225,0,1,0
DA:226,0
DA:228,0
BRDA:228,0,0,0
BRDA:228,0,1,0
DA:229,0
DA:232,53
BRDA:232,0,0,53
BRDA:232,0,1,0
DA:233,53
end_of_record
SF:/usr/include/opencv4/opencv2/core/mat.inl.hpp
FN:76,_ZN2cv11_InputArray4initEiPKv
FNDA:694,_ZN2cv11_InputArray4initEiPKv
FN:86,_ZN2cv11_InputArrayC2Ev
FNDA:240,_ZN2cv11_InputArrayC2Ev
FN:88,_ZN2cv11_InputArrayC2ERKNS_3MatE
FNDA:25,_ZN2cv11_InputArrayC2ERKNS_3MatE
FN:166,_ZN2cv11_InputArrayD2Ev
FNDA:265,_ZN2cv11_InputArrayD2Ev
FN:188,_ZN2cv12_OutputArrayC2Ev
FNDA:189,_ZN2cv12_OutputArrayC2Ev
FN:190,_ZN2cv12_OutputArrayC2ERNS_3MatE
FNDA:51,_ZN2cv12_OutputArrayC2ERNS_3MatE
FN:316,_ZN2cv17_InputOutputArrayC2ERNS_3MatE
FNDA:189,_ZN2cv17_InputOutputArrayC2ERNS_3MatE
FN:450,_ZN2cv3MatC2Ev
FNDA:52,_ZN2cv3MatC2Ev
FN:735,_ZN2cv3MatD2Ev
FNDA:52,_ZN2cv3MatD2Ev
FN:808,_ZNK2cv3Mat5cloneEv
FNDA:51,_ZNK2cv3Mat5cloneEv
FN:848,_ZN2cv3Mat7releaseEv
FNDA:52,_ZN2cv3Mat7releaseEv
FN:943,_ZNK2cv3Mat5emptyEv
FNDA:26,_ZNK2cv3Mat5emptyEv
FN:949,_ZNK2cv3Mat5totalEv
FNDA:25,_ZNK2cv3Mat5totalEv
FN:971,_ZN2cv3Mat3ptrEi
FNDA:25,_ZN2cv3Mat3ptrEi
FN:1444,_ZN2cv7MatSizeC2EPi
FNDA:52,_ZN2cv7MatSizeC2EPi
FN:1461,_ZNK2cv7MatSizeixEi
FNDA:0,_ZNK2cv7MatSizeixEi
FN:1519,_ZN2cv7MatStepC2Em
FNDA:52,_ZN2cv7MatStepC2Em
FN:1536,_ZNK2cv7MatStepcvmEv
FNDA:25,_ZNK2cv7MatStepcvmEv
DA:76,694
DA:77,694
DA:86,240
DA:88,25
DA:166,265
DA:188,189
DA:190,51
DA:316,189
DA:450,52
DA:452,52
DA:453,52
DA:735,104
DA:737,52
DA:738,52
BRDA:738,0,0,0
BRDA:738,0,1,52
DA:739,0
DA:740,52
DA:808,51
DA:810,51
DA:811,51
BRDA:811,0,0,51
BRDA:811,0,1,0
BRDA:811,0,2,51
BRDA:811,0,3,0
DA:812,51
DA:848,52
DA:850,52
BRDA:850,0,0,50
BRDA:850,0,1,2
BRDA:850,0,2,50
BRDA:850,0,3,0
BRDA:850,0,4,50
BRDA:850,0,5,2
DA:851,50
DA:852,52
DA:853,52
DA:854,154
BRDA:854,0,0,102
BRDA:854,0,1,52
DA:855,102
DA:866,52
DA:943,26
DA:945,26
BRDA:945,0,0,25
BRDA:945,0,1,1
BRDA:945,0,2,25
BRDA:945,0,3,0
BRDA:945,0,4,0
BRDA:945,0,5,25
DA:949,25
DA:951,25
BRDA:951,0,0,25
BRDA:951,0,1,0
DA:952,25
DA:953,0
DA:954,0
BRDA:954,0,0,-
BRDA:954,0,1,-
DA:955,0
DA:956,0
DA:971,25
DA:974,25
DA:1444,52
DA:1445,52
DA:1461,0
DA:1467,0
DA:1519,52
DA:1521,52
DA:1522,52
DA:1536,25
DA:1539,25
end_of_record
SF:/usr/include/c++/9/ext/new_allocator.h
FN:80,_ZN9__gnu_cxx13new_allocatorIcEC2Ev
FNDA:0,_ZN9__gnu_cxx13new_allocatorIcEC2Ev
FN:83,_ZN9__gnu_cxx13new_allocatorIcEC2ERKS1_
FNDA:0,_ZN9__gnu_cxx13new_allocatorIcEC2ERKS1_
FN:89,_ZN9__gnu_cxx13new_allocatorIcED2Ev
FNDA:0,_ZN9__gnu_cxx13new_allocatorIcED2Ev
DA:80,0
DA:83,0
DA:89,0
end_of_record
SF:/usr/include/c++/9/ext/type_traits.h
FN:152,_ZN9__gnu_cxx17__is_null_pointerIcEEbPT_
FNDA:0,_ZN9__gnu_cxx17__is_null_pointerIcEEbPT_
FN:152,_ZN9__gnu_cxx17__is_null_pointerIKcEEbPT_
FNDA:53,_ZN9__gnu_cxx17__is_null_pointerIKcEEbPT_
DA:152,0
DA:153,0
DA:152,53
DA:153,53
end_of_record
SF:/usr/include/opencv4/opencv2/core/mat.hpp
end_of_record
SF:/usr/include/c++/9/bits/char_traits.h
FN:100,_ZN9__gnu_cxx11char_traitsIcE2eqERKcS3_
FNDA:0,_ZN9__gnu_cxx11char_traitsIcE2eqERKcS3_
FN:161,_ZN9__gnu_cxx11char_traitsIcE6lengthEPKc
FNDA:0,_ZN9__gnu_cxx11char_traitsIcE6lengthEPKc
FN:336,_ZNSt11char_traitsIcE6lengthEPKc
FNDA:53,_ZNSt11char_traitsIcE6lengthEPKc
DA:100,0
DA:101,0
DA:161,0
DA:164,0
DA:165,0
BRDA:165,0,0,-
BRDA:165,0,1,-
DA:166,0
DA:167,0
DA:236,53
DA:336,53
DA:339,53
BRDA:339,0,0,0
BRDA:339,0,1,53
DA:340,0
DA:342,53
end_of_record
SF:/usr/include/opencv4/opencv2/core/types.hpp
FN:1164,_ZN2cv6Point_IiEC2Eii
FNDA:162,_ZN2cv6Point_IiEC2Eii
FN:1681,_ZN2cv5Size_IiEC2Ev
FNDA:265,_ZN2cv5Size_IiEC2Ev
FN:1827,_ZN2cv5Rect_IiEC2Eiiii
FNDA:27,_ZN2cv5Rect_IiEC2Eiiii
FN:2158,_ZN2cv7Scalar_IdEC2Edddd
FNDA:189,_ZN2cv7Scalar_IdEC2Edddd
DA:1164,162
DA:1165,162
DA:1681,265
DA:1682,265
DA:1827,27
DA:1828,27
DA:2158,189
DA:2160,189
DA:2161,189
DA:2162,189
DA:2163,189
DA:2164,189
end_of_record
SF:/usr/include/c++/9/bits/basic_string.h
FN:247,_ZNSt7__cxx1112basic_stringIcSt11char_traitsIcESaIcEE16_M_construct_auxIPcEEvT_S7_St12__false_type
FNDA:0,_ZNSt7__cxx1112basic_stringIcSt11char_traitsIcESaIcEE16_M_construct_auxIPcEEvT_S7_St12__false_type
FN:247,_ZNSt7__cxx1112basic_stringIcSt11char_traitsIcESaIcEE16_M_construct_auxIPKcEEvT_S8_St12__false_type
FNDA:53,_ZNSt7__cxx1112basic_stringIcSt11char_traitsIcESaIcEE16_M_construct_auxIPKcEEvT_S8_St12__false_type
FN:267,_ZNSt7__cxx1112basic_stringIcSt11char_traitsIcESaIcEE12_M_constructIPcEEvT_S7_
FNDA:0,_ZNSt7__cxx1112basic_stringIcSt11char_traitsIcESaIcEE12_M_constructIPcEEvT_S7_
FN:267,_ZNSt7__cxx1112basic_stringIcSt11char_traitsIcESaIcEE12_M_constructIPKcEEvT_S8_
FNDA:53,_ZNSt7__cxx1112basic_stringIcSt11char_traitsIcESaIcEE12_M_constructIPKcEEvT_S8_
FN:529,_ZNSt7__cxx1112basic_stringIcSt11char_traitsIcESaIcEEC2IS3_EEPKcRKS3_
FNDA:53,_ZNSt7__cxx1112basic_stringIcSt11char_traitsIcESaIcEEC2IS3_EEPKcRKS3_
DA:247,0
DA:251,0
BRDA:251,0,0,-
BRDA:251,0,1,-
DA:252,0
DA:247,53
DA:251,53
BRDA:251,0,0,53
BRDA:251,0,1,0
DA:252,53
DA:267,0
DA:270,0
DA:271,0
DA:267,53
DA:270,53
DA:271,53
DA:529,53
DA:530,53
DA:531,53
BRDA:531,0,0,53
BRDA:531,0,1,0
BRDA:531,0,2,53
BRDA:531,0,3,0
BRDA:531,0,4,53
BRDA:531,0,5,0
end_of_record
SF:/usr/include/c++/9/new
FN:173,_ZnwmPv
FNDA:1988,_ZnwmPv
DA:173,1988
DA:174,1988
end_of_record
SF:/usr/include/c++/9/iostream
end_of_record
SF:/usr/include/c++/9/bits/stl_iterator_base_types.h
FN:205,_ZSt19__iterator_categoryIPcENSt15iterator_traitsIT_E17iterator_categoryERKS2_
FNDA:0,_ZSt19__iterator_categoryIPcENSt15iterator_traitsIT_E17iterator_categoryERKS2_
FN:205,_ZSt19__iterator_categoryIPKcENSt15iterator_traitsIT_E17iterator_categoryERKS3_
FNDA:53,_ZSt19__iterator_categoryIPKcENSt15iterator_traitsIT_E17iterator_categoryERKS3_
DA:205,0
DA:206,0
DA:205,53
DA:206,53
end_of_record
SF:/usr/include/c++/9/ext/alloc_traits.h
FN:97,_ZN9__gnu_cxx14__alloc_traitsISaIcEcE17_S_select_on_copyERKS1_
FNDA:0,_ZN9__gnu_cxx14__alloc_traitsISaIcEcE17_S_select_on_copyERKS1_
DA:97,0
DA:98,0
end_of_record
SF:/home/marija/2023_Analysis_libfacedetection/TestSamples/detect-camera.cpp
FN:48,main
FNDA:1,main
DA:48,1
DA:50,1
BRDA:50,0,0,0
BRDA:50,0,1,1
DA:52,0
BRDA:52,0,0,-
BRDA:52,0,1,-
DA:53,0
DA:56,1
DA:59,1
DA:60,1
BRDA:60,0,0,0
BRDA:60,0,1,1
DA:62,0
BRDA:62,0,0,-
BRDA:62,0,1,-
DA:63,0
DA:67,2
BRDA:67,0,0,1
BRDA:67,0,1,0
DA:68,2
BRDA:68,0,0,1
BRDA:68,0,1,0
DA:70,1
BRDA:70,0,0,1
BRDA:70,0,1,0
DA:72,1
BRDA:72,0,0,1
BRDA:72,0,1,0
BRDA:72,0,2,1
BRDA:72,0,3,0
DA:73,1
BRDA:73,0,0,1
BRDA:73,0,1,0
BRDA:73,0,2,0
BRDA:73,0,3,1
DA:75,0
BRDA:75,0,0,-
BRDA:75,0,1,-
BRDA:75,0,2,-
BRDA:75,0,3,-
DA:76,0
DA:80,1
BRDA:80,0,0,1
BRDA:80,0,1,0
BRDA:80,0,2,1
BRDA:80,0,3,0
DA:84,26
BRDA:84,0,0,26
BRDA:84,0,1,0
DA:86,26
BRDA:86,0,0,26
BRDA:86,0,1,0
DA:87,26
BRDA:87,0,0,26
BRDA:87,0,1,0
BRDA:87,0,2,1
BRDA:87,0,3,25
DA:88,1
DA:95,25
BRDA:95,0,0,25
BRDA:95,0,1,0
DA:96,25
BRDA:96,0,0,25
BRDA:96,0,1,0
DA:98,25
BRDA:98,0,0,25
BRDA:98,0,1,0
DA:100,25
BRDA:100,0,0,25
BRDA:100,0,1,0
DA:101,25
BRDA:101,0,0,25
BRDA:101,0,1,0
BRDA:101,0,2,25
BRDA:101,0,3,0
DA:103,25
BRDA:103,0,0,25
BRDA:103,0,1,0
BRDA:103,0,2,25
BRDA:103,0,3,0
DA:104,25
BRDA:104,0,0,25
BRDA:104,0,1,0
DA:106,52
BRDA:106,0,0,52
BRDA:106,0,1,0
BRDA:106,0,2,27
BRDA:106,0,3,25
DA:108,27
DA:109,27
DA:110,27
DA:111,27
DA:112,27
DA:113,27
DA:117,27
DA:118,27
BRDA:118,0,0,27
BRDA:118,0,1,0
BRDA:118,0,2,27
BRDA:118,0,3,0
BRDA:118,0,4,27
BRDA:118,0,5,0
BRDA:118,0,6,27
BRDA:118,0,7,0
DA:121,27
BRDA:121,0,0,27
BRDA:121,0,1,0
BRDA:121,0,2,27
BRDA:121,0,3,0
BRDA:121,0,4,27
BRDA:121,0,5,0
DA:123,27
BRDA:123,0,0,27
BRDA:123,0,1,0
BRDA:123,0,2,27
BRDA:123,0,3,0
BRDA:123,0,4,27
BRDA:123,0,5,0
DA:124,27
BRDA:124,0,0,27
BRDA:124,0,1,0
BRDA:124,0,2,27
BRDA:124,0,3,0
BRDA:124,0,4,27
BRDA:124,0,5,0
DA:125,27
BRDA:125,0,0,27
BRDA:125,0,1,0
BRDA:125,0,2,27
BRDA:125,0,3,0
BRDA:125,0,4,27
BRDA:125,0,5,0
DA:126,27
BRDA:126,0,0,27
BRDA:126,0,1,0
BRDA:126,0,2,27
BRDA:126,0,3,0
BRDA:126,0,4,27
BRDA:126,0,5,0
DA:127,27
BRDA:127,0,0,27
BRDA:127,0,1,0
BRDA:127,0,2,27
BRDA:127,0,3,0
BRDA:127,0,4,27
BRDA:127,0,5,0
DA:130,27
DA:132,27
BRDA:132,0,0,27
BRDA:132,0,1,0
DA:135,25
BRDA:135,0,0,25
BRDA:135,0,1,0
BRDA:135,0,2,25
BRDA:135,0,3,0
BRDA:135,0,4,25
BRDA:135,0,5,0
DA:137,25
BRDA:137,0,0,25
BRDA:137,0,1,0
BRDA:137,0,2,0
BRDA:137,0,3,25
DA:138,0
DA:139,25
DA:146,1
DA:148,1
end_of_record
SF:/usr/include/opencv4/opencv2/flann/any.h
FN:36,_ZN7cvflann7anyimpllsERSoRKNS0_9empty_anyE
FNDA:0,_ZN7cvflann7anyimpllsERSoRKNS0_9empty_anyE
FN:53,_ZN7cvflann7anyimpl15base_any_policyD2Ev
FNDA:9,_ZN7cvflann7anyimpl15base_any_policyD2Ev
FN:53,_ZN7cvflann7anyimpl15base_any_policyD0Ev
FNDA:0,_ZN7cvflann7anyimpl15base_any_policyD0Ev
FN:59,_ZN7cvflann7anyimpl21typed_base_any_policyINS_20flann_centers_init_tEE8get_sizeEv
FNDA:0,_ZN7cvflann7anyimpl21typed_base_any_policyINS_20flann_centers_init_tEE8get_sizeEv
FN:59,_ZN7cvflann7anyimpl21typed_base_any_policyIjE8get_sizeEv
FNDA:0,_ZN7cvflann7anyimpl21typed_base_any_policyIjE8get_sizeEv
FN:59,_ZN7cvflann7anyimpl21typed_base_any_policyIbE8get_sizeEv
FNDA:0,_ZN7cvflann7anyimpl21typed_base_any_policyIbE8get_sizeEv
FN:59,_ZN7cvflann7anyimpl21typed_base_any_policyIfE8get_sizeEv
FNDA:0,_ZN7cvflann7anyimpl21typed_base_any_policyIfE8get_sizeEv
FN:59,_ZN7cvflann7anyimpl21typed_base_any_policyIiE8get_sizeEv
FNDA:0,_ZN7cvflann7anyimpl21typed_base_any_policyIiE8get_sizeEv
FN:59,_ZN7cvflann7anyimpl21typed_base_any_policyIPKcE8get_sizeEv
FNDA:0,_ZN7cvflann7anyimpl21typed_base_any_policyIPKcE8get_sizeEv
FN:59,_ZN7cvflann7anyimpl21typed_base_any_policyINS0_9empty_anyEE8get_sizeEv
FNDA:0,_ZN7cvflann7anyimpl21typed_base_any_policyINS0_9empty_anyEE8get_sizeEv
FN:59,_ZN7cvflann7anyimpl21typed_base_any_policyINSt7__cxx1112basic_stringIcSt11char_traitsIcESaIcEEEE8get_sizeEv
FNDA:0,_ZN7cvflann7anyimpl21typed_base_any_policyINSt7__cxx1112basic_stringIcSt11char_traitsIcESaIcEEEE8get_sizeEv
FN:59,_ZN7cvflann7anyimpl21typed_base_any_policyINS_17flann_algorithm_tEE8get_sizeEv
FNDA:0,_ZN7cvflann7anyimpl21typed_base_any_policyINS_17flann_algorithm_tEE8get_sizeEv
FN:60,_ZN7cvflann7anyimpl21typed_base_any_policyINS_20flann_centers_init_tEE4typeEv
FNDA:0,_ZN7cvflann7anyimpl21typed_base_any_policyINS_20flann_centers_init_tEE4typeEv
FN:60,_ZN7cvflann7anyimpl21typed_base_any_policyIiE4typeEv
FNDA:0,_ZN7cvflann7anyimpl21typed_base_any_policyIiE4typeEv
FN:60,_ZN7cvflann7anyimpl21typed_base_any_policyINS_17flann_algorithm_tEE4typeEv
FNDA:0,_ZN7cvflann7anyimpl21typed_base_any_policyINS_17flann_algorithm_tEE4typeEv
FN:60,_ZN7cvflann7anyimpl21typed_base_any_policyIPKcE4typeEv
FNDA:0,_ZN7cvflann7anyimpl21typed_base_any_policyIPKcE4typeEv
FN:60,_ZN7cvflann7anyimpl21typed_base_any_policyIfE4typeEv
FNDA:0,_ZN7cvflann7anyimpl21typed_base_any_policyIfE4typeEv
FN:60,_ZN7cvflann7anyimpl21typed_base_any_policyINS0_9empty_anyEE4typeEv
FNDA:0,_ZN7cvflann7anyimpl21typed_base_any_policyINS0_9empty_anyEE4typeEv
FN:60,_ZN7cvflann7anyimpl21typed_base_any_policyIbE4typeEv
FNDA:0,_ZN7cvflann7anyimpl21typed_base_any_policyIbE4typeEv
FN:60,_ZN7cvflann7anyimpl21typed_base_any_policyIjE4typeEv
FNDA:0,_ZN7cvflann7anyimpl21typed_base_any_policyIjE4typeEv
FN:60,_ZN7cvflann7anyimpl21typed_base_any_policyINSt7__cxx1112basic_stringIcSt11char_traitsIcESaIcEEEE4typeEv
FNDA:0,_ZN7cvflann7anyimpl21typed_base_any_policyINSt7__cxx1112basic_stringIcSt11char_traitsIcESaIcEEEE4typeEv
FN:67,_ZN7cvflann7anyimpl16small_any_policyIbE13static_deleteEPPv
FNDA:0,_ZN7cvflann7anyimpl16small_any_policyIbE13static_deleteEPPv
FN:67,_ZN7cvflann7anyimpl16small_any_policyIfE13static_deleteEPPv
FNDA:0,_ZN7cvflann7anyimpl16small_any_policyIfE13static_deleteEPPv
FN:67,_ZN7cvflann7anyimpl16small_any_policyIPKcE13static_deleteEPPv
FNDA:0,_ZN7cvflann7anyimpl16small_any_policyIPKcE13static_deleteEPPv
FN:67,_ZN7cvflann7anyimpl16small_any_policyIjE13static_deleteEPPv
FNDA:0,_ZN7cvflann7anyimpl16small_any_policyIjE13static_deleteEPPv
FN:67,_ZN7cvflann7anyimpl16small_any_policyIiE13static_deleteEPPv
FNDA:0,_ZN7cvflann7anyimpl16small_any_policyIiE13static_deleteEPPv
FN:68,_ZN7cvflann7anyimpl16small_any_policyIbE15copy_from_valueEPKvPPv
FNDA:0,_ZN7cvflann7anyimpl16small_any_policyIbE15copy_from_valueEPKvPPv
FN:68,_ZN7cvflann7anyimpl16small_any_policyIPKcE15copy_from_valueEPKvPPv
FNDA:0,_ZN7cvflann7anyimpl16small_any_policyIPKcE15copy_from_valueEPKvPPv
FN:68,_ZN7cvflann7anyimpl16small_any_policyIfE15copy_from_valueEPKvPPv
FNDA:0,_ZN7cvflann7anyimpl16small_any_policyIfE15copy_from_valueEPKvPPv
FN:68,_ZN7cvflann7anyimpl16small_any_policyIjE15copy_from_valueEPKvPPv
FNDA:0,_ZN7cvflann7anyimpl16small_any_policyIjE15copy_from_valueEPKvPPv
FN:68,_ZN7cvflann7anyimpl16small_any_policyIiE15copy_from_valueEPKvPPv
FNDA:0,_ZN7cvflann7anyimpl16small_any_policyIiE15copy_from_valueEPKvPPv
FN:72,_ZN7cvflann7anyimpl16small_any_policyIPKcE5cloneEPKPvPS5_
FNDA:0,_ZN7cvflann7anyimpl16small_any_policyIPKcE5cloneEPKPvPS5_
FN:72,_ZN7cvflann7anyimpl16small_any_policyIiE5cloneEPKPvPS3_
FNDA:0,_ZN7cvflann7anyimpl16small_any_policyIiE5cloneEPKPvPS3_
FN:72,_ZN7cvflann7anyimpl16small_any_policyIjE5cloneEPKPvPS3_
FNDA:0,_ZN7cvflann7anyimpl16small_any_policyIjE5cloneEPKPvPS3_
FN:72,_ZN7cvflann7anyimpl16small_any_policyIfE5cloneEPKPvPS3_
FNDA:0,_ZN7cvflann7anyimpl16small_any_policyIfE5cloneEPKPvPS3_
FN:72,_ZN7cvflann7anyimpl16small_any_policyIbE5cloneEPKPvPS3_
FNDA:0,_ZN7cvflann7anyimpl16small_any_policyIbE5cloneEPKPvPS3_
FN:73,_ZN7cvflann7anyimpl16small_any_policyIfE4moveEPKPvPS3_
FNDA:0,_ZN7cvflann7anyimpl16small_any_policyIfE4moveEPKPvPS3_
FN:73,_ZN7cvflann7anyimpl16small_any_policyIiE4moveEPKPvPS3_
FNDA:0,_ZN7cvflann7anyimpl16small_any_policyIiE4moveEPKPvPS3_
FN:73,_ZN7cvflann7anyimpl16small_any_policyIjE4moveEPKPvPS3_
FNDA:0,_ZN7cvflann7anyimpl16small_any_policyIjE4moveEPKPvPS3_
FN:73,_ZN7cvflann7anyimpl16small_any_policyIbE4moveEPKPvPS3_
FNDA:0,_ZN7cvflann7anyimpl16small_any_policyIbE4moveEPKPvPS3_
FN:73,_ZN7cvflann7anyimpl16small_any_policyIPKcE4moveEPKPvPS5_
FNDA:0,_ZN7cvflann7anyimpl16small_any_policyIPKcE4moveEPKPvPS5_
FN:74,_ZN7cvflann7anyimpl16small_any_policyIPKcE9get_valueEPPv
FNDA:0,_ZN7cvflann7anyimpl16small_any_policyIPKcE9get_valueEPPv
FN:74,_ZN7cvflann7anyimpl16small_any_policyIjE9get_valueEPPv
FNDA:0,_ZN7cvflann7anyimpl16small_any_policyIjE9get_valueEPPv
FN:74,_ZN7cvflann7anyimpl16small_any_policyIfE9get_valueEPPv
FNDA:0,_ZN7cvflann7anyimpl16small_any_policyIfE9get_valueEPPv
FN:74,_ZN7cvflann7anyimpl16small_any_policyIiE9get_valueEPPv
FNDA:0,_ZN7cvflann7anyimpl16small_any_policyIiE9get_valueEPPv
FN:74,_ZN7cvflann7anyimpl16small_any_policyIbE9get_valueEPPv
FNDA:0,_ZN7cvflann7anyimpl16small_any_policyIbE9get_valueEPPv
FN:75,_ZN7cvflann7anyimpl16small_any_policyIbE9get_valueEPKPv
FNDA:0,_ZN7cvflann7anyimpl16small_any_policyIbE9get_valueEPKPv
FN:75,_ZN7cvflann7anyimpl16small_any_policyIjE9get_valueEPKPv
FNDA:0,_ZN7cvflann7anyimpl16small_any_policyIjE9get_valueEPKPv
FN:75,_ZN7cvflann7anyimpl16small_any_policyIfE9get_valueEPKPv
FNDA:0,_ZN7cvflann7anyimpl16small_any_policyIfE9get_valueEPKPv
FN:75,_ZN7cvflann7anyimpl16small_any_policyIiE9get_valueEPKPv
FNDA:0,_ZN7cvflann7anyimpl16small_any_policyIiE9get_valueEPKPv
FN:75,_ZN7cvflann7anyimpl16small_any_policyIPKcE9get_valueEPKPv
FNDA:0,_ZN7cvflann7anyimpl16small_any_policyIPKcE9get_valueEPKPv
FN:76,_ZN7cvflann7anyimpl16small_any_policyIfE5printERSoPKPv
FNDA:0,_ZN7cvflann7anyimpl16small_any_policyIfE5printERSoPKPv
FN:76,_ZN7cvflann7anyimpl16small_any_policyIPKcE5printERSoPKPv
FNDA:0,_ZN7cvflann7anyimpl16small_any_policyIPKcE5printERSoPKPv
FN:76,_ZN7cvflann7anyimpl16small_any_policyIiE5printERSoPKPv
FNDA:0,_ZN7cvflann7anyimpl16small_any_policyIiE5printERSoPKPv
FN:76,_ZN7cvflann7anyimpl16small_any_policyIjE5printERSoPKPv
FNDA:0,_ZN7cvflann7anyimpl16small_any_policyIjE5printERSoPKPv
FN:76,_ZN7cvflann7anyimpl16small_any_policyIbE5printERSoPKPv
FNDA:0,_ZN7cvflann7anyimpl16small_any_policyIbE5printERSoPKPv
FN:82,_ZN7cvflann7anyimpl14big_any_policyINS0_9empty_anyEE13static_deleteEPPv
FNDA:0,_ZN7cvflann7anyimpl14big_any_policyINS0_9empty_anyEE13static_deleteEPPv
FN:82,_ZN7cvflann7anyimpl14big_any_policyINSt7__cxx1112basic_stringIcSt11char_traitsIcESaIcEEEE13static_deleteEPPv
FNDA:0,_ZN7cvflann7anyimpl14big_any_policyINSt7__cxx1112basic_stringIcSt11char_traitsIcESaIcEEEE13static_deleteEPPv
FN:82,_ZN7cvflann7anyimpl14big_any_policyINS_20flann_centers_init_tEE13static_deleteEPPv
FNDA:0,_ZN7cvflann7anyimpl14big_any_policyINS_20flann_centers_init_tEE13static_deleteEPPv
FN:82,_ZN7cvflann7anyimpl14big_any_policyINS_17flann_algorithm_tEE13static_deleteEPPv
FNDA:0,_ZN7cvflann7anyimpl14big_any_policyINS_17flann_algorithm_tEE13static_deleteEPPv
FN:87,_ZN7cvflann7anyimpl14big_any_policyINSt7__cxx1112basic_stringIcSt11char_traitsIcESaIcEEEE15copy_from_valueEPKvPPv
FNDA:0,_ZN7cvflann7anyimpl14big_any_policyINSt7__cxx1112basic_stringIcSt11char_traitsIcESaIcEEEE15copy_from_valueEPKvPPv
FN:87,_ZN7cvflann7anyimpl14big_any_policyINS_20flann_centers_init_tEE15copy_from_valueEPKvPPv
FNDA:0,_ZN7cvflann7anyimpl14big_any_policyINS_20flann_centers_init_tEE15copy_from_valueEPKvPPv
FN:87,_ZN7cvflann7anyimpl14big_any_policyINS_17flann_algorithm_tEE15copy_from_valueEPKvPPv
FNDA:0,_ZN7cvflann7anyimpl14big_any_policyINS_17flann_algorithm_tEE15copy_from_valueEPKvPPv
FN:87,_ZN7cvflann7anyimpl14big_any_policyINS0_9empty_anyEE15copy_from_valueEPKvPPv
FNDA:0,_ZN7cvflann7anyimpl14big_any_policyINS0_9empty_anyEE15copy_from_valueEPKvPPv
FN:91,_ZN7cvflann7anyimpl14big_any_policyINS_17flann_algorithm_tEE5cloneEPKPvPS4_
FNDA:0,_ZN7cvflann7anyimpl14big_any_policyINS_17flann_algorithm_tEE5cloneEPKPvPS4_
FN:91,_ZN7cvflann7anyimpl14big_any_policyINS_20flann_centers_init_tEE5cloneEPKPvPS4_
FNDA:0,_ZN7cvflann7anyimpl14big_any_policyINS_20flann_centers_init_tEE5cloneEPKPvPS4_
FN:91,_ZN7cvflann7anyimpl14big_any_policyINS0_9empty_anyEE5cloneEPKPvPS4_
FNDA:0,_ZN7cvflann7anyimpl14big_any_policyINS0_9empty_anyEE5cloneEPKPvPS4_
FN:91,_ZN7cvflann7anyimpl14big_any_policyINSt7__cxx1112basic_stringIcSt11char_traitsIcESaIcEEEE5cloneEPKPvPS9_
FNDA:0,_ZN7cvflann7anyimpl14big_any_policyINSt7__cxx1112basic_stringIcSt11char_traitsIcESaIcEEEE5cloneEPKPvPS9_
FN:95,_ZN7cvflann7anyimpl14big_any_policyINS0_9empty_anyEE4moveEPKPvPS4_
FNDA:0,_ZN7cvflann7anyimpl14big_any_policyINS0_9empty_anyEE4moveEPKPvPS4_
FN:95,_ZN7cvflann7anyimpl14big_any_policyINS_17flann_algorithm_tEE4moveEPKPvPS4_
FNDA:0,_ZN7cvflann7anyimpl14big_any_policyINS_17flann_algorithm_tEE4moveEPKPvPS4_
FN:95,_ZN7cvflann7anyimpl14big_any_policyINS_20flann_centers_init_tEE4moveEPKPvPS4_
FNDA:0,_ZN7cvflann7anyimpl14big_any_policyINS_20flann_centers_init_tEE4moveEPKPvPS4_
FN:95,_ZN7cvflann7anyimpl14big_any_policyINSt7__cxx1112basic_stringIcSt11char_traitsIcESaIcEEEE4moveEPKPvPS9_
FNDA:0,_ZN7cvflann7anyimpl14big_any_policyINSt7__cxx1112basic_stringIcSt11char_traitsIcESaIcEEEE4moveEPKPvPS9_
FN:100,_ZN7cvflann7anyimpl14big_any_policyINS0_9empty_anyEE9get_valueEPPv
FNDA:0,_ZN7cvflann7anyimpl14big_any_policyINS0_9empty_anyEE9get_valueEPPv
FN:100,_ZN7cvflann7anyimpl14big_any_policyINSt7__cxx1112basic_stringIcSt11char_traitsIcESaIcEEEE9get_valueEPPv
FNDA:0,_ZN7cvflann7anyimpl14big_any_policyINSt7__cxx1112basic_stringIcSt11char_traitsIcESaIcEEEE9get_valueEPPv
FN:100,_ZN7cvflann7anyimpl14big_any_policyINS_17flann_algorithm_tEE9get_valueEPPv
FNDA:0,_ZN7cvflann7anyimpl14big_any_policyINS_17flann_algorithm_tEE9get_valueEPPv
FN:100,_ZN7cvflann7anyimpl14big_any_policyINS_20flann_centers_init_tEE9get_valueEPPv
FNDA:0,_ZN7cvflann7anyimpl14big_any_policyINS_20flann_centers_init_tEE9get_valueEPPv
FN:101,_ZN7cvflann7anyimpl14big_any_policyINSt7__cxx1112basic_stringIcSt11char_traitsIcESaIcEEEE9get_valueEPKPv
FNDA:0,_ZN7cvflann7anyimpl14big_any_policyINSt7__cxx1112basic_stringIcSt11char_traitsIcESaIcEEEE9get_valueEPKPv
FN:101,_ZN7cvflann7anyimpl14big_any_policyINS0_9empty_anyEE9get_valueEPKPv
FNDA:0,_ZN7cvflann7anyimpl14big_any_policyINS0_9empty_anyEE9get_valueEPKPv
FN:101,_ZN7cvflann7anyimpl14big_any_policyINS_17flann_algorithm_tEE9get_valueEPKPv
FNDA:0,_ZN7cvflann7anyimpl14big_any_policyINS_17flann_algorithm_tEE9get_valueEPKPv
FN:101,_ZN7cvflann7anyimpl14big_any_policyINS_20flann_centers_init_tEE9get_valueEPKPv
FNDA:0,_ZN7cvflann7anyimpl14big_any_policyINS_20flann_centers_init_tEE9get_valueEPKPv
FN:102,_ZN7cvflann7anyimpl14big_any_policyINS0_9empty_anyEE5printERSoPKPv
FNDA:0,_ZN7cvflann7anyimpl14big_any_policyINS0_9empty_anyEE5printERSoPKPv
FN:105,_ZN7cvflann7anyimpl14big_any_policyINS_20flann_centers_init_tEE5printERSoPKPv
FNDA:0,_ZN7cvflann7anyimpl14big_any_policyINS_20flann_centers_init_tEE5printERSoPKPv
FN:110,_ZN7cvflann7anyimpl14big_any_policyINS_17flann_algorithm_tEE5printERSoPKPv
FNDA:0,_ZN7cvflann7anyimpl14big_any_policyINS_17flann_algorithm_tEE5printERSoPKPv
FN:115,_ZN7cvflann7anyimpl14big_any_policyINSt7__cxx1112basic_stringIcSt11char_traitsIcESaIcEEEE5printERSoPKPv
FNDA:0,_ZN7cvflann7anyimpl14big_any_policyINSt7__cxx1112basic_stringIcSt11char_traitsIcESaIcEEEE5printERSoPKPv
DA:36,0
DA:38,0
DA:39,0
DA:53,0
DA:53,9
DA:59,0
DA:59,0
DA:59,0
DA:59,0
DA:59,0
DA:59,0
DA:59,0
DA:59,0
DA:59,0
DA:60,0
DA:60,0
DA:60,0
DA:60,0
DA:60,0
DA:60,0
DA:60,0
DA:60,0
DA:60,0
DA:67,0
DA:67,0
DA:67,0
DA:67,0
DA:67,0
DA:68,0
DA:70,0
DA:71,0
DA:68,0
DA:70,0
DA:71,0
DA:68,0
DA:70,0
DA:71,0
DA:68,0
DA:70,0
DA:71,0
DA:68,0
DA:70,0
DA:71,0
DA:72,0
DA:72,0
DA:72,0
DA:72,0
DA:72,0
DA:73,0
DA:73,0
DA:73,0
DA:73,0
DA:73,0
DA:74,0
DA:74,0
DA:74,0
DA:74,0
DA:74,0
DA:75,0
DA:75,0
DA:75,0
DA:75,0
DA:75,0
DA:76,0
DA:76,0
DA:76,0
DA:76,0
DA:76,0
DA:82,0
DA:84,0
BRDA:84,0,0,-
BRDA:84,0,1,-
BRDA:84,0,2,-
BRDA:84,0,3,-
DA:85,0
DA:86,0
DA:82,0
DA:84,0
BRDA:84,0,0,-
BRDA:84,0,1,-
BRDA:84,0,2,-
BRDA:84,0,3,-
DA:85,0
DA:86,0
DA:82,0
DA:84,0
BRDA:84,0,0,-
BRDA:84,0,1,-
BRDA:84,0,2,-
BRDA:84,0,3,-
DA:85,0
DA:86,0
DA:82,0
DA:84,0
BRDA:84,0,0,-
BRDA:84,0,1,-
BRDA:84,0,2,-
BRDA:84,0,3,-
DA:85,0
DA:86,0
DA:87,0
DA:89,0
DA:90,0
DA:87,0
DA:89,0
DA:90,0
DA:87,0
DA:89,0
BRDA:89,0,0,-
BRDA:89,0,1,-
DA:90,0
DA:87,0
DA:89,0
DA:90,0
DA:91,0
DA:93,0
DA:94,0
DA:91,0
DA:93,0
DA:94,0
DA:91,0
DA:93,0
BRDA:93,0,0,-
BRDA:93,0,1,-
DA:94,0
DA:91,0
DA:93,0
DA:94,0
DA:95,0
DA:97,0
DA:98,0
DA:99,0
DA:95,0
DA:97,0
DA:98,0
DA:99,0
DA:95,0
DA:97,0
DA:98,0
DA:99,0
DA:95,0
DA:97,0
DA:99,0
DA:100,0
DA:100,0
DA:100,0
DA:100,0
DA:101,0
DA:101,0
DA:101,0
DA:101,0
DA:102,0
DA:105,0
DA:107,0
DA:108,0
DA:110,0
DA:112,0
DA:113,0
DA:115,0
DA:117,0
DA:118,0
end_of_record
SF:/usr/include/opencv4/opencv2/core/matx.hpp
FN:536,_ZN2cv4MatxIdLi4ELi1EEC2Ev
FNDA:189,_ZN2cv4MatxIdLi4ELi1EEC2Ev
FN:969,_ZN2cv3VecIdLi4EEC2Ev
FNDA:189,_ZN2cv3VecIdLi4EEC2Ev
DA:536,189
DA:538,945
BRDA:538,0,0,756
BRDA:538,0,1,189
DA:539,189
DA:969,189
end_of_record
SF:/usr/include/c++/9/bits/alloc_traits.h
FN:513,_ZNSt16allocator_traitsISaIcEE37select_on_container_copy_constructionERKS0_
FNDA:0,_ZNSt16allocator_traitsISaIcEE37select_on_container_copy_constructionERKS0_
DA:513,0
DA:514,0
end_of_record
SF:/usr/include/c++/9/bits/stl_iterator_base_funcs.h
FN:98,_ZSt10__distanceIPcENSt15iterator_traitsIT_E15difference_typeES2_S2_St26random_access_iterator_tag
FNDA:0,_ZSt10__distanceIPcENSt15iterator_traitsIT_E15difference_typeES2_S2_St26random_access_iterator_tag
FN:98,_ZSt10__distanceIPKcENSt15iterator_traitsIT_E15difference_typeES3_S3_St26random_access_iterator_tag
FNDA:53,_ZSt10__distanceIPKcENSt15iterator_traitsIT_E15difference_typeES3_S3_St26random_access_iterator_tag
FN:138,_ZSt8distanceIPcENSt15iterator_traitsIT_E15difference_typeES2_S2_
FNDA:0,_ZSt8distanceIPcENSt15iterator_traitsIT_E15difference_typeES2_S2_
FN:138,_ZSt8distanceIPKcENSt15iterator_traitsIT_E15difference_typeES3_S3_
FNDA:53,_ZSt8distanceIPKcENSt15iterator_traitsIT_E15difference_typeES3_S3_
DA:98,0
DA:104,0
DA:98,53
DA:104,53
DA:138,0
DA:141,0
DA:142,0
DA:138,53
DA:141,53
DA:142,106
end_of_record
SF:/usr/include/c++/9/bits/move.h
FN:99,_ZSt4moveIRSaIcEEONSt16remove_referenceIT_E4typeEOS3_
FNDA:0,_ZSt4moveIRSaIcEEONSt16remove_referenceIT_E4typeEOS3_
DA:99,0
DA:100,0
end_of_record
TN:
SF:/usr/include/c++/9/bits/stl_construct.h
FN:74,_ZSt10_ConstructISt4pairIf15NormalizedBBox_EJEEvPT_DpOT0_
FNDA:0,_ZSt10_ConstructISt4pairIf15NormalizedBBox_EJEEvPT_DpOT0_
FN:74,_ZSt10_ConstructISt4pairIf15NormalizedBBox_EJS2_EEvPT_DpOT0_
FNDA:1882,_ZSt10_ConstructISt4pairIf15NormalizedBBox_EJS2_EEvPT_DpOT0_
FN:117,_ZNSt12_Destroy_auxILb1EE9__destroyIP9FaceRect_EEvT_S4_
FNDA:1,_ZNSt12_Destroy_auxILb1EE9__destroyIP9FaceRect_EEvT_S4_
FN:117,_ZNSt12_Destroy_auxILb1EE9__destroyIPSt4pairIf15NormalizedBBox_EEEvT_S6_
FNDA:5,_ZNSt12_Destroy_auxILb1EE9__destroyIPSt4pairIf15NormalizedBBox_EEEvT_S6_
FN:127,_ZSt8_DestroyIP9FaceRect_EvT_S2_
FNDA:1,_ZSt8_DestroyIP9FaceRect_EvT_S2_
FN:127,_ZSt8_DestroyIPSt4pairIf15NormalizedBBox_EEvT_S4_
FNDA:5,_ZSt8_DestroyIPSt4pairIf15NormalizedBBox_EEvT_S4_
FN:203,_ZSt8_DestroyIP9FaceRect_S0_EvT_S2_RSaIT0_E
FNDA:1,_ZSt8_DestroyIP9FaceRect_S0_EvT_S2_RSaIT0_E
FN:203,_ZSt8_DestroyIPSt4pairIf15NormalizedBBox_ES2_EvT_S4_RSaIT0_E
FNDA:4,_ZSt8_DestroyIPSt4pairIf15NormalizedBBox_ES2_EvT_S4_RSaIT0_E
DA:74,0
DA:75,0
DA:74,1882
DA:75,1882
DA:117,1
DA:117,5
DA:127,1
DA:137,1
DA:138,1
DA:127,5
DA:137,5
DA:138,5
DA:203,1
DA:206,1
DA:207,1
DA:203,4
DA:206,4
DA:207,4
end_of_record
SF:/usr/include/c++/9/bits/stl_iterator_base_types.h
FN:205,_ZSt19__iterator_categoryIPcENSt15iterator_traitsIT_E17iterator_categoryERKS2_
FNDA:0,_ZSt19__iterator_categoryIPcENSt15iterator_traitsIT_E17iterator_categoryERKS2_
FN:205,_ZSt19__iterator_categoryIN9__gnu_cxx17__normal_iteratorIPSt4pairIf15NormalizedBBox_ESt6vectorIS4_SaIS4_EEEEENSt15iterator_traitsIT_E17iterator_categoryERKSB_
FNDA:1,_ZSt19__iterator_categoryIN9__gnu_cxx17__normal_iteratorIPSt4pairIf15NormalizedBBox_ESt6vectorIS4_SaIS4_EEEEENSt15iterator_traitsIT_E17iterator_categoryERKSB_
DA:205,0
DA:206,0
DA:205,1
DA:206,1
end_of_record
SF:/usr/include/c++/9/bits/stl_pair.h
FN:229,_ZNSt4pairIf15NormalizedBBox_EC2IfS0_Lb1EEEv
FNDA:0,_ZNSt4pairIf15NormalizedBBox_EC2IfS0_Lb1EEEv
FN:341,_ZNSt4pairIPS_If15NormalizedBBox_ElEC2IS2_iLb1EEEOT_OT0_
FNDA:0,_ZNSt4pairIPS_If15NormalizedBBox_ElEC2IS2_iLb1EEEOT_OT0_
FN:341,_ZNSt4pairIPS_If15NormalizedBBox_ElEC2IRS2_RlLb1EEEOT_OT0_
FNDA:1,_ZNSt4pairIPS_If15NormalizedBBox_ElEC2IRS2_RlLb1EEEOT_OT0_
FN:341,_ZNSt4pairIf15NormalizedBBox_EC2IRfRS0_Lb1EEEOT_OT0_
FNDA:1882,_ZNSt4pairIf15NormalizedBBox_EC2IRfRS0_Lb1EEEOT_OT0_
FN:389,_ZNSt4pairIf15NormalizedBBox_EaSEOS1_
FNDA:521733,_ZNSt4pairIf15NormalizedBBox_EaSEOS1_
FN:424,_ZNSt4pairIf15NormalizedBBox_E4swapERS1_
FNDA:0,_ZNSt4pairIf15NormalizedBBox_E4swapERS1_
FN:495,_ZSt4swapIf15NormalizedBBox_ENSt9enable_ifIXsrSt6__and_IJSt14__is_swappableIT_ES3_IT0_EEE5valueEvE4typeERSt4pairIS4_S6_ESD_
FNDA:0,_ZSt4swapIf15NormalizedBBox_ENSt9enable_ifIXsrSt6__and_IJSt14__is_swappableIT_ES3_IT0_EEE5valueEvE4typeERSt4pairIS4_S6_ESD_
FN:524,_ZSt9make_pairIRfR15NormalizedBBox_ESt4pairINSt17__decay_and_stripIT_E6__typeENS4_IT0_E6__typeEEOS5_OS8_
FNDA:1882,_ZSt9make_pairIRfR15NormalizedBBox_ESt4pairINSt17__decay_and_stripIT_E6__typeENS4_IT0_E6__typeEEOS5_OS8_
DA:229,0
DA:230,0
DA:341,0
DA:342,0
DA:341,1
DA:342,1
DA:341,1882
DA:342,1882
DA:389,521733
DA:396,521733
DA:397,521733
DA:398,521733
DA:424,0
DA:429,0
DA:430,0
DA:431,0
DA:495,0
DA:497,0
DA:524,1882
DA:529,1882
end_of_record
SF:/usr/include/c++/9/iostream
end_of_record
SF:/usr/include/c++/9/bits/basic_string.h
FN:247,_ZNSt7__cxx1112basic_stringIcSt11char_traitsIcESaIcEE16_M_construct_auxIPcEEvT_S7_St12__false_type
FNDA:0,_ZNSt7__cxx1112basic_stringIcSt11char_traitsIcESaIcEE16_M_construct_auxIPcEEvT_S7_St12__false_type
FN:267,_ZNSt7__cxx1112basic_stringIcSt11char_traitsIcESaIcEE12_M_constructIPcEEvT_S7_
FNDA:0,_ZNSt7__cxx1112basic_stringIcSt11char_traitsIcESaIcEE12_M_constructIPcEEvT_S7_
FN:629,_ZNSt7__cxx1112basic_stringIcSt11char_traitsIcESaIcEEC2IPcvEET_S7_RKS3_
FNDA:0,_ZNSt7__cxx1112basic_stringIcSt11char_traitsIcESaIcEEC2IPcvEET_S7_RKS3_
FN:6549,_ZNSt7__cxx119to_stringEi
FNDA:0,_ZNSt7__cxx119to_stringEi
DA:247,0
DA:251,0
BRDA:251,0,0,-
BRDA:251,0,1,-
DA:252,0
DA:267,0
DA:270,0
DA:271,0
DA:629,0
DA:631,0
DA:632,0
BRDA:632,0,0,-
BRDA:632,0,1,-
DA:6549,0
DA:6551,0
end_of_record
SF:/usr/include/c++/9/ext/new_allocator.h
FN:80,_ZN9__gnu_cxx13new_allocatorI9FaceRect_EC2Ev
FNDA:1,_ZN9__gnu_cxx13new_allocatorI9FaceRect_EC2Ev
FN:80,_ZN9__gnu_cxx13new_allocatorISt4pairIf15NormalizedBBox_EEC2Ev
FNDA:2,_ZN9__gnu_cxx13new_allocatorISt4pairIf15NormalizedBBox_EEC2Ev
FN:80,_ZN9__gnu_cxx13new_allocatorIcEC2Ev
FNDA:0,_ZN9__gnu_cxx13new_allocatorIcEC2Ev
FN:89,_ZN9__gnu_cxx13new_allocatorI9FaceRect_ED2Ev
FNDA:1,_ZN9__gnu_cxx13new_allocatorI9FaceRect_ED2Ev
FN:89,_ZN9__gnu_cxx13new_allocatorISt4pairIf15NormalizedBBox_EED2Ev
FNDA:2,_ZN9__gnu_cxx13new_allocatorISt4pairIf15NormalizedBBox_EED2Ev
FN:89,_ZN9__gnu_cxx13new_allocatorIcED2Ev
FNDA:0,_ZN9__gnu_cxx13new_allocatorIcED2Ev
FN:102,_ZN9__gnu_cxx13new_allocatorI9FaceRect_E8allocateEmPKv
FNDA:8,_ZN9__gnu_cxx13new_allocatorI9FaceRect_E8allocateEmPKv
FN:102,_ZN9__gnu_cxx13new_allocatorISt4pairIf15NormalizedBBox_EE8allocateEmPKv
FNDA:21,_ZN9__gnu_cxx13new_allocatorISt4pairIf15NormalizedBBox_EE8allocateEmPKv
FN:119,_ZN9__gnu_cxx13new_allocatorI9FaceRect_E10deallocateEPS1_m
FNDA:8,_ZN9__gnu_cxx13new_allocatorI9FaceRect_E10deallocateEPS1_m
FN:119,_ZN9__gnu_cxx13new_allocatorISt4pairIf15NormalizedBBox_EE10deallocateEPS3_m
FNDA:21,_ZN9__gnu_cxx13new_allocatorISt4pairIf15NormalizedBBox_EE10deallocateEPS3_m
FN:132,_ZNK9__gnu_cxx13new_allocatorI9FaceRect_E8max_sizeEv
FNDA:24,_ZNK9__gnu_cxx13new_allocatorI9FaceRect_E8max_sizeEv
FN:132,_ZNK9__gnu_cxx13new_allocatorISt4pairIf15NormalizedBBox_EE8max_sizeEv
FNDA:63,_ZNK9__gnu_cxx13new_allocatorISt4pairIf15NormalizedBBox_EE8max_sizeEv
FN:144,_ZN9__gnu_cxx13new_allocatorISt4pairIf15NormalizedBBox_EE9constructIS3_JS3_EEEvPT_DpOT0_
FNDA:4184,_ZN9__gnu_cxx13new_allocatorISt4pairIf15NormalizedBBox_EE9constructIS3_JS3_EEEvPT_DpOT0_
FN:144,_ZN9__gnu_cxx13new_allocatorI9FaceRect_E9constructIS1_JRS1_EEEvPT_DpOT0_
FNDA:100,_ZN9__gnu_cxx13new_allocatorI9FaceRect_E9constructIS1_JRS1_EEEvPT_DpOT0_
FN:144,_ZN9__gnu_cxx13new_allocatorISt4pairIf15NormalizedBBox_EE9constructIS3_JRKS3_EEEvPT_DpOT0_
FNDA:190,_ZN9__gnu_cxx13new_allocatorISt4pairIf15NormalizedBBox_EE9constructIS3_JRKS3_EEEvPT_DpOT0_
FN:150,_ZN9__gnu_cxx13new_allocatorISt4pairIf15NormalizedBBox_EE7destroyIS3_EEvPT_
FNDA:3302,_ZN9__gnu_cxx13new_allocatorISt4pairIf15NormalizedBBox_EE7destroyIS3_EEvPT_
DA:80,1
DA:80,2
DA:80,0
DA:89,1
DA:89,2
DA:89,0
DA:102,8
DA:104,8
BRDA:104,0,0,0
BRDA:104,0,1,8
DA:105,0
DA:114,8
DA:102,21
DA:104,21
BRDA:104,0,0,0
BRDA:104,0,1,21
DA:105,0
DA:114,21
DA:119,8
DA:128,8
DA:119,21
DA:128,21
DA:132,24
DA:135,24
DA:132,63
DA:135,63
DA:144,4184
DA:146,4184
DA:144,100
DA:146,100
DA:144,190
DA:146,190
DA:150,3302
DA:152,3302
end_of_record
SF:/usr/include/c++/9/cmath
FN:222,_ZSt3expf
FNDA:90972,_ZSt3expf
FN:463,_ZSt4sqrtf
FNDA:45486,_ZSt4sqrtf
DA:222,90972
DA:223,90972
DA:463,45486
DA:464,45486
end_of_record
SF:/usr/include/c++/9/bits/stl_iterator_base_funcs.h
FN:98,_ZSt10__distanceIPcENSt15iterator_traitsIT_E15difference_typeES2_S2_St26random_access_iterator_tag
FNDA:0,_ZSt10__distanceIPcENSt15iterator_traitsIT_E15difference_typeES2_S2_St26random_access_iterator_tag
FN:98,_ZSt10__distanceIN9__gnu_cxx17__normal_iteratorIPSt4pairIf15NormalizedBBox_ESt6vectorIS4_SaIS4_EEEEENSt15iterator_traitsIT_E15difference_typeESB_SB_St26random_access_iterator_tag
FNDA:1,_ZSt10__distanceIN9__gnu_cxx17__normal_iteratorIPSt4pairIf15NormalizedBBox_ESt6vectorIS4_SaIS4_EEEEENSt15iterator_traitsIT_E15difference_typeESB_SB_St26random_access_iterator_tag
FN:138,_ZSt8distanceIPcENSt15iterator_traitsIT_E15difference_typeES2_S2_
FNDA:0,_ZSt8distanceIPcENSt15iterator_traitsIT_E15difference_typeES2_S2_
FN:138,_ZSt8distanceIN9__gnu_cxx17__normal_iteratorIPSt4pairIf15NormalizedBBox_ESt6vectorIS4_SaIS4_EEEEENSt15iterator_traitsIT_E15difference_typeESB_SB_
FNDA:1,_ZSt8distanceIN9__gnu_cxx17__normal_iteratorIPSt4pairIf15NormalizedBBox_ESt6vectorIS4_SaIS4_EEEEENSt15iterator_traitsIT_E15difference_typeESB_SB_
FN:174,_ZSt9__advanceIN9__gnu_cxx17__normal_iteratorIPSt4pairIf15NormalizedBBox_ESt6vectorIS4_SaIS4_EEEElEvRT_T0_St26random_access_iterator_tag
FNDA:0,_ZSt9__advanceIN9__gnu_cxx17__normal_iteratorIPSt4pairIf15NormalizedBBox_ESt6vectorIS4_SaIS4_EEEElEvRT_T0_St26random_access_iterator_tag
FN:202,_ZSt7advanceIN9__gnu_cxx17__normal_iteratorIPSt4pairIf15NormalizedBBox_ESt6vectorIS4_SaIS4_EEEElEvRT_T0_
FNDA:0,_ZSt7advanceIN9__gnu_cxx17__normal_iteratorIPSt4pairIf15NormalizedBBox_ESt6vectorIS4_SaIS4_EEEElEvRT_T0_
DA:98,0
DA:104,0
DA:98,1
DA:104,1
DA:138,0
DA:141,0
DA:142,0
DA:138,1
DA:141,1
DA:142,2
DA:174,0
DA:185,0
DA:186,0
DA:202,0
DA:205,0
DA:206,0
DA:207,0
end_of_record
SF:/home/marija/2023_Analysis_libfacedetection/libfacedetection/src/facedetectcnn.cpp
FN:54,_Z7myAllocm
FNDA:187,_Z7myAllocm
FN:70,_Z7myFree_Pv
FNDA:187,_Z7myFree_Pv
FN:82,_Z36setDataFrom3x3S2P1to1x1S1P0FromImagePKhiiiii
FNDA:1,_Z36setDataFrom3x3S2P1to1x1S1P0FromImagePKhiiiii
FN:128,_Z10dotProductPKfS0_i
FNDA:47166800,_Z10dotProductPKfS0_i
FN:178,_Z9vecMulAddPKfS0_Pfi
FNDA:12791400,_Z9vecMulAddPKfS0_Pfi
FN:218,_Z6vecAddPKfPfi
FNDA:1427390,_Z6vecAddPKfPfi
FN:256,_Z6vecAddPKfS0_Pfi
FNDA:43320,_Z6vecAddPKfS0_Pfi
FN:294,_Z24convolution_1x1pointwiseRK9CDataBlobIfERK7FiltersIfERS0_
FNDA:27,_Z24convolution_1x1pointwiseRK9CDataBlobIfERK7FiltersIfERS0_
FN:316,_Z24convolution_3x3depthwiseRK9CDataBlobIfERK7FiltersIfERS0_
FNDA:26,_Z24convolution_3x3depthwiseRK9CDataBlobIfERK7FiltersIfERS0_
FN:353,_Z4reluR9CDataBlobIfE
FNDA:15,_Z4reluR9CDataBlobIfE
FN:390,_Z13IntersectBBoxRK15NormalizedBBox_S1_PS_
FNDA:79774,_Z13IntersectBBoxRK15NormalizedBBox_S1_PS_
FN:411,_Z14JaccardOverlapRK15NormalizedBBox_S1_
FNDA:79774,_Z14JaccardOverlapRK15NormalizedBBox_S1_
FN:432,_Z24SortScoreBBoxPairDescendRKSt4pairIf15NormalizedBBox_ES3_
FNDA:20290,_Z24SortScoreBBoxPairDescendRKSt4pairIf15NormalizedBBox_ES3_
FN:438,_Z10upsampleX2RK9CDataBlobIfE
FNDA:2,_Z10upsampleX2RK9CDataBlobIfE
FN:462,_Z10elementAddRK9CDataBlobIfES2_
FNDA:2,_Z10elementAddRK9CDataBlobIfES2_
FN:479,_Z11convolutionRK9CDataBlobIfERK7FiltersIfEb
FNDA:53,_Z11convolutionRK9CDataBlobIfERK7FiltersIfEb
FN:508,_Z13convolutionDPRK9CDataBlobIfERK7FiltersIfES6_b
FNDA:26,_Z13convolutionDPRK9CDataBlobIfERK7FiltersIfES6_b
FN:516,_Z21convolution4layerUnitRK9CDataBlobIfERK7FiltersIfES6_S6_S6_b
FNDA:5,_Z21convolution4layerUnitRK9CDataBlobIfERK7FiltersIfES6_S6_S6_b
FN:527,_Z15maxpooling2x2S2RK9CDataBlobIfE
FNDA:4,_Z15maxpooling2x2S2RK9CDataBlobIfE
FN:622,_Z8meshgridiiif
FNDA:3,_Z8meshgridiiif
FN:635,_Z11bbox_decodeR9CDataBlobIfERKS0_i
FNDA:3,_Z11bbox_decodeR9CDataBlobIfERKS0_i
FN:661,_Z10kps_decodeR9CDataBlobIfERKS0_i
FNDA:3,_Z10kps_decodeR9CDataBlobIfERKS0_i
FN:686,_Z7concat3IfE9CDataBlobIT_ERKS2_S4_S4_
FNDA:4,_Z7concat3IfE9CDataBlobIT_ERKS2_S4_S4_
FN:733,_Z11blob2vectorIfE9CDataBlobIT_ERKS2_
FNDA:12,_Z11blob2vectorIfE9CDataBlobIT_ERKS2_
FN:759,_Z7sigmoidR9CDataBlobIfE
FNDA:2,_Z7sigmoidR9CDataBlobIfE
FN:773,_Z16detection_outputRK9CDataBlobIfES2_S2_S2_ffii
FNDA:1,_Z16detection_outputRK9CDataBlobIfES2_S2_S2_ffii
DA:54,187
DA:57,187
DA:58,187
BRDA:58,0,0,92
BRDA:58,0,1,95
DA:60,187
BRDA:60,0,0,0
BRDA:60,0,1,187
DA:61,0
DA:64,187
DA:65,187
DA:67,187
DA:70,187
DA:73,187
BRDA:73,0,0,187
BRDA:73,0,1,0
DA:75,187
BRDA:75,0,0,0
BRDA:75,0,1,187
DA:76,0
DA:77,187
DA:82,1
DA:83,1
BRDA:83,0,0,0
BRDA:83,0,1,1
DA:84,0
DA:85,0
DA:87,1
BRDA:87,0,0,0
BRDA:87,0,1,1
DA:88,0
DA:89,0
DA:91,1
DA:92,1
DA:93,1
DA:94,1
DA:99,609
BRDA:99,0,0,608
BRDA:99,0,1,1
DA:100,555104
BRDA:100,0,0,554496
BRDA:100,0,1,608
DA:101,554496
DA:102,2217980
BRDA:102,0,0,1663490
BRDA:102,0,1,554496
DA:103,1663490
DA:105,1663490
BRDA:105,0,0,1662580
BRDA:105,0,1,912
BRDA:105,0,2,20976
BRDA:105,0,3,1641600
DA:106,21888
DA:108,6566400
BRDA:108,0,0,4924800
BRDA:108,0,1,1641600
DA:109,4924800
DA:111,4924800
BRDA:111,0,0,4923000
BRDA:111,0,1,1800
BRDA:111,0,2,63000
BRDA:111,0,3,4860000
DA:112,64800
DA:114,4860000
DA:116,4860000
DA:117,4860000
DA:118,4860000
DA:119,4860000
DA:124,1
DA:128,47166800
DA:130,47166800
DA:169,1610850000
BRDA:169,0,0,1563680000
BRDA:169,0,1,47166800
DA:171,1563680000
DA:175,47166800
DA:178,12791400
DA:211,355816000
BRDA:211,0,0,343025000
BRDA:211,0,1,12791400
DA:212,343025000
DA:215,12791400
DA:218,1427390
DA:248,39722300
BRDA:248,0,0,38294900
BRDA:248,0,1,1427390
DA:250,38294900
DA:253,1427390
DA:256,43320
DA:286,2815800
BRDA:286,0,0,2772480
BRDA:286,0,1,43320
DA:288,2772480
DA:291,43320
DA:294,27
DA:299,4321
BRDA:299,0,0,4294
BRDA:299,0,1,27
DA:301,1986180
BRDA:301,0,0,1981890
BRDA:301,0,1,4294
DA:303,1981890
DA:304,1981890
DA:305,49148700
BRDA:305,0,0,47166800
BRDA:305,0,1,1981890
DA:307,47166800
DA:308,47166800
DA:309,47166800
DA:313,27
DA:316,26
DA:319,26
DA:323,3712
BRDA:323,0,0,3686
BRDA:323,0,1,26
DA:325,3686
DA:326,3686
DA:327,3686
DA:328,3686
BRDA:328,0,0,26
BRDA:328,0,1,3660
DA:330,1431080
BRDA:330,0,0,1427390
BRDA:330,0,1,3686
DA:332,1427390
DA:333,1427390
DA:334,1427390
DA:335,1427390
DA:336,1427390
BRDA:336,0,0,3686
BRDA:336,0,1,1423710
DA:339,5698520
BRDA:339,0,0,4271120
BRDA:339,0,1,1427390
DA:340,17062500
BRDA:340,0,0,12791400
BRDA:340,0,1,4271120
DA:342,12791400
DA:343,12791400
DA:344,12791400
DA:345,12791400
DA:347,1427390
DA:350,26
DA:353,15
DA:355,15
BRDA:355,0,0,0
BRDA:355,0,1,15
DA:357,0
DA:358,0
DA:361,15
DA:383,46439100
BRDA:383,0,0,46439000
BRDA:383,0,1,15
DA:384,46439000
BRDA:384,0,0,25935800
BRDA:384,0,1,20503300
DA:387,15
DA:390,79774
DA:393,79774
BRDA:393,0,0,38911
BRDA:393,0,1,40863
BRDA:393,0,2,3507
BRDA:393,0,3,35404
DA:394,3507
BRDA:394,0,0,2268
BRDA:394,0,1,1239
BRDA:394,0,2,1434
BRDA:394,0,3,834
DA:397,78940
DA:398,78940
DA:399,78940
DA:400,78940
DA:404,834
DA:405,834
DA:406,834
DA:407,834
DA:409,79774
DA:411,79774
DA:414,79774
BRDA:414,0,0,79774
BRDA:414,0,1,0
DA:416,79774
DA:417,79774
DA:419,79774
BRDA:419,0,0,834
BRDA:419,0,1,78940
BRDA:419,0,2,834
BRDA:419,0,3,0
DA:421,834
DA:422,834
DA:423,834
DA:424,834
DA:428,78940
DA:432,20290
DA:434,20290
DA:438,2
DA:439,2
BRDA:439,0,0,0
BRDA:439,0,1,2
DA:440,0
DA:441,0
DA:444,2
DA:446,116
BRDA:446,0,0,114
BRDA:446,0,1,2
DA:447,10944
BRDA:447,0,0,10830
BRDA:447,0,1,114
DA:448,10830
DA:449,10830
DA:450,10830
DA:451,703950
BRDA:451,0,0,693120
BRDA:451,0,1,10830
DA:452,693120
DA:453,693120
DA:454,693120
DA:455,693120
DA:459,2
DA:462,2
DA:463,2
BRDA:463,0,0,2
BRDA:463,0,1,0
BRDA:463,0,2,2
BRDA:463,0,3,0
BRDA:463,0,4,0
BRDA:463,0,5,2
DA:464,0
DA:465,0
DA:467,2
DA:468,230
BRDA:468,0,0,228
BRDA:468,0,1,2
DA:469,43548
BRDA:469,0,0,43320
BRDA:469,0,1,228
DA:470,43320
DA:471,43320
DA:472,43320
DA:473,43320
DA:476,2
DA:479,53
DA:481,53
BRDA:481,0,0,53
BRDA:481,0,1,0
BRDA:481,0,2,53
BRDA:481,0,3,0
BRDA:481,0,4,0
BRDA:481,0,5,53
BRDA:481,0,6,0
BRDA:481,0,7,53
DA:483,0
DA:484,0
DA:486,53
BRDA:486,0,0,0
BRDA:486,0,1,53
DA:488,0
DA:489,0
DA:491,53
DA:492,53
BRDA:492,0,0,27
BRDA:492,0,1,26
BRDA:492,0,2,27
BRDA:492,0,3,0
DA:493,27
BRDA:493,0,0,27
BRDA:493,0,1,0
DA:494,26
BRDA:494,0,0,26
BRDA:494,0,1,0
BRDA:494,0,2,26
BRDA:494,0,3,0
DA:495,26
BRDA:495,0,0,26
BRDA:495,0,1,0
DA:498,0
BRDA:498,0,0,-
BRDA:498,0,1,-
BRDA:498,0,2,-
BRDA:498,0,3,-
BRDA:498,0,4,-
BRDA:498,0,5,-
DA:499,0
DA:502,53
BRDA:502,0,0,15
BRDA:502,0,1,38
DA:503,15
BRDA:503,0,0,15
BRDA:503,0,1,0
DA:505,53
DA:508,26
DA:511,52
BRDA:511,0,0,26
BRDA:511,0,1,0
DA:512,26
BRDA:512,0,0,26
BRDA:512,0,1,0
DA:513,52
DA:516,5
DA:520,10
BRDA:520,0,0,5
BRDA:520,0,1,0
DA:521,5
BRDA:521,0,0,5
BRDA:521,0,1,0
DA:522,10
DA:527,4
DA:529,4
BRDA:529,0,0,0
BRDA:529,0,1,4
DA:531,0
DA:532,0
DA:534,4
DA:535,4
DA:536,4
DA:538,4
BRDA:538,0,0,4
BRDA:538,0,1,0
BRDA:538,0,2,0
BRDA:538,0,3,4
DA:540,0
DA:541,0
DA:544,4
DA:545,4
DA:547,574
BRDA:547,0,0,570
BRDA:547,0,1,4
DA:549,184680
BRDA:549,0,0,184110
BRDA:549,0,1,570
DA:552,184110
DA:554,184110
DA:555,184110
DA:556,184110
BRDA:556,0,0,0
BRDA:556,0,1,184110
DA:557,184110
BRDA:557,0,0,0
BRDA:557,0,1,184110
DA:559,552330
BRDA:559,0,0,368220
BRDA:559,0,1,184110
DA:561,1104660
BRDA:561,0,0,736440
BRDA:561,0,1,368220
DA:563,736440
DA:567,184110
DA:568,184110
DA:607,5313200
BRDA:607,0,0,5129090
BRDA:607,0,1,184110
DA:609,5129090
DA:610,20516400
BRDA:610,0,0,15387300
BRDA:610,0,1,5129090
DA:612,15387300
BRDA:612,0,0,3477080
BRDA:612,0,1,11910200
DA:614,5129090
DA:619,4
DA:622,3
DA:623,3
DA:624,269
BRDA:624,0,0,266
BRDA:624,0,1,3
DA:625,266
DA:626,45752
BRDA:626,0,0,45486
BRDA:626,0,1,266
DA:627,45486
DA:628,45486
DA:629,45486
DA:632,3
DA:635,3
DA:636,3
BRDA:636,0,0,3
BRDA:636,0,1,0
BRDA:636,0,2,0
BRDA:636,0,3,3
DA:638,0
DA:639,0
BRDA:639,0,0,-
BRDA:639,0,1,-
BRDA:639,0,2,-
BRDA:639,0,3,-
BRDA:639,0,4,-
BRDA:639,0,5,-
BRDA:639,0,6,-
BRDA:639,0,7,-
BRDA:639,0,8,-
BRDA:639,0,9,-
BRDA:639,0,10,-
BRDA:639,0,11,-
BRDA:639,0,12,-
BRDA:639,0,13,-
BRDA:639,0,14,-
BRDA:639,0,15,-
BRDA:639,0,16,-
BRDA:639,0,17,-
BRDA:639,0,18,-
BRDA:639,0,19,-
BRDA:639,0,20,-
BRDA:639,0,21,-
BRDA:639,0,22,-
BRDA:639,0,23,-
DA:641,3
BRDA:641,0,0,0
BRDA:641,0,1,3
DA:642,0
DA:644,3
DA:645,269
BRDA:645,0,0,266
BRDA:645,0,1,3
DA:646,45752
BRDA:646,0,0,45486
BRDA:646,0,1,266
DA:647,45486
DA:648,45486
DA:649,45486
DA:650,45486
DA:651,45486
DA:652,45486
DA:653,45486
DA:654,45486
DA:655,45486
DA:656,45486
DA:659,3
DA:661,3
DA:662,3
BRDA:662,0,0,3
BRDA:662,0,1,0
BRDA:662,0,2,0
BRDA:662,0,3,3
DA:663,0
DA:664,0
DA:666,3
BRDA:666,0,0,0
BRDA:666,0,1,3
DA:667,0
DA:668,0
DA:670,3
DA:671,3
DA:673,269
BRDA:673,0,0,266
BRDA:673,0,1,3
DA:674,45752
BRDA:674,0,0,45486
BRDA:674,0,1,266
DA:675,45486
DA:676,45486
DA:677,272916
BRDA:677,0,0,227430
BRDA:677,0,1,45486
DA:678,227430
DA:679,227430
DA:683,3
DA:686,4
DA:688,4
BRDA:688,0,0,4
BRDA:688,0,1,0
BRDA:688,0,2,4
BRDA:688,0,3,0
BRDA:688,0,4,0
BRDA:688,0,5,4
BRDA:688,0,6,0
BRDA:688,0,7,4
DA:690,0
DA:691,0
DA:694,4
BRDA:694,0,0,4
BRDA:694,0,1,0
DA:695,4
BRDA:695,0,0,4
BRDA:695,0,1,0
DA:696,4
BRDA:696,0,0,4
BRDA:696,0,1,0
DA:697,4
BRDA:697,0,0,0
BRDA:697,0,1,4
DA:699,0
DA:700,0
DA:702,4
DA:703,4
DA:704,4
DA:706,4
BRDA:706,0,0,4
BRDA:706,0,1,0
BRDA:706,0,2,4
BRDA:706,0,3,0
BRDA:706,0,4,0
BRDA:706,0,5,4
DA:708,0
DA:709,0
DA:712,4
DA:714,8
BRDA:714,0,0,4
BRDA:714,0,1,4
DA:716,8
BRDA:716,0,0,4
BRDA:716,0,1,4
DA:718,4
DA:719,4
DA:720,4
DA:721,4
DA:723,4
DA:724,4
DA:725,4
DA:728,4
DA:733,12
DA:735,12
BRDA:735,0,0,0
BRDA:735,0,1,12
DA:737,0
DA:738,0
DA:741,12
DA:743,12
DA:744,12
DA:745,1076
BRDA:745,0,0,1064
BRDA:745,0,1,12
DA:747,183008
BRDA:747,0,0,181944
BRDA:747,0,1,1064
DA:749,181944
DA:750,181944
DA:751,181944
DA:755,12
DA:759,2
DA:760,4
BRDA:760,0,0,2
BRDA:760,0,1,2
DA:761,4
BRDA:761,0,0,2
BRDA:761,0,1,2
DA:762,2
DA:763,90974
BRDA:763,0,0,90972
BRDA:763,0,1,2
DA:764,90972
DA:765,90972
DA:766,90972
DA:767,90972
DA:771,2
DA:773,1
DA:782,1
BRDA:782,0,0,1
BRDA:782,0,1,0
BRDA:782,0,2,1
BRDA:782,0,3,0
BRDA:782,0,4,1
BRDA:782,0,5,0
BRDA:782,0,6,0
BRDA:782,0,7,1
BRDA:782,0,8,0
BRDA:782,0,9,1
DA:784,0
BRDA:784,0,0,-
BRDA:784,0,1,-
BRDA:784,0,2,-
BRDA:784,0,3,-
BRDA:784,0,4,-
BRDA:784,0,5,-
DA:785,0
DA:787,1
BRDA:787,0,0,1
BRDA:787,0,1,0
BRDA:787,0,2,1
BRDA:787,0,3,0
BRDA:787,0,4,1
BRDA:787,0,5,0
BRDA:787,0,6,1
BRDA:787,0,7,0
BRDA:787,0,8,1
BRDA:787,0,9,0
BRDA:787,0,10,1
BRDA:787,0,11,0
BRDA:787,0,12,1
BRDA:787,0,13,0
BRDA:787,0,14,0
BRDA:787,0,15,1
DA:788,0
BRDA:788,0,0,-
BRDA:788,0,1,-
BRDA:788,0,2,-
BRDA:788,0,3,-
BRDA:788,0,4,-
BRDA:788,0,5,-
DA:789,0
DA:792,1
BRDA:792,0,0,0
BRDA:792,0,1,1
DA:793,0
BRDA:793,0,0,-
BRDA:793,0,1,-
BRDA:793,0,2,-
BRDA:793,0,3,-
BRDA:793,0,4,-
BRDA:793,0,5,-
BRDA:793,0,6,-
BRDA:793,0,7,-
BRDA:793,0,8,-
BRDA:793,0,9,-
DA:794,0
DA:797,1
DA:798,1
DA:799,1
DA:800,1
DA:802,2
DA:803,2
DA:806,45487
BRDA:806,0,0,45486
BRDA:806,0,1,1
DA:808,45486
DA:811,45486
BRDA:811,0,0,1882
BRDA:811,0,1,43604
DA:814,1882
DA:815,1882
DA:816,1882
DA:817,1882
DA:820,1882
DA:821,1882
BRDA:821,0,0,1882
BRDA:821,0,1,0
BRDA:821,0,2,1882
BRDA:821,0,3,0
DA:826,1
BRDA:826,0,0,1
BRDA:826,0,1,0
DA:829,1
BRDA:829,0,0,1
BRDA:829,0,1,0
BRDA:829,0,2,1
BRDA:829,0,3,0
BRDA:829,0,4,1
BRDA:829,0,5,0
DA:830,1
BRDA:830,0,0,1
BRDA:830,0,1,0
DA:834,1
DA:835,1001
BRDA:835,0,0,1000
BRDA:835,0,1,1
DA:836,1000
DA:837,1000
DA:838,80774
BRDA:838,0,0,80578
BRDA:838,0,1,196
DA:840,80578
BRDA:840,0,0,79774
BRDA:840,0,1,804
DA:842,79774
DA:843,79774
BRDA:843,0,0,79774
BRDA:843,0,1,0
DA:844,79774
DA:848,804
DA:851,1000
BRDA:851,0,0,190
BRDA:851,0,1,810
DA:852,190
BRDA:852,0,0,190
BRDA:852,0,1,0
DA:854,1000
BRDA:854,0,0,1000
BRDA:854,0,1,0
DA:856,1
BRDA:856,0,0,1
BRDA:856,0,1,0
BRDA:856,0,2,1
BRDA:856,0,3,0
BRDA:856,0,4,1
BRDA:856,0,5,0
DA:857,1
BRDA:857,0,0,1
BRDA:857,0,1,0
DA:861,1
DA:863,1
DA:864,101
BRDA:864,0,0,100
BRDA:864,0,1,1
DA:866,100
DA:869,100
DA:870,100
DA:871,100
DA:872,100
DA:873,100
DA:875,1100
BRDA:875,0,0,1000
BRDA:875,0,1,100
DA:876,1000
DA:878,100
BRDA:878,0,0,100
BRDA:878,0,1,0
DA:881,2
end_of_record
SF:/usr/include/c++/9/bits/cpp_type_traits.h
FN:428,_ZSt12__miter_baseIPSt4pairIf15NormalizedBBox_EET_S4_
FNDA:376,_ZSt12__miter_baseIPSt4pairIf15NormalizedBBox_EET_S4_
FN:428,_ZSt12__miter_baseIN9__gnu_cxx17__normal_iteratorIPSt4pairIf15NormalizedBBox_ESt6vectorIS4_SaIS4_EEEEET_SA_
FNDA:3624,_ZSt12__miter_baseIN9__gnu_cxx17__normal_iteratorIPSt4pairIf15NormalizedBBox_ESt6vectorIS4_SaIS4_EEEEET_SA_
DA:428,376
DA:429,376
DA:428,3624
DA:429,3624
end_of_record
SF:/usr/include/c++/9/bits/move.h
FN:47,_ZSt11__addressofISt4pairIf15NormalizedBBox_EEPT_RS3_
FNDA:8788,_ZSt11__addressofISt4pairIf15NormalizedBBox_EEPT_RS3_
FN:74,_ZSt7forwardIPSt4pairIf15NormalizedBBox_EEOT_RNSt16remove_referenceIS4_E4typeE
FNDA:0,_ZSt7forwardIPSt4pairIf15NormalizedBBox_EEOT_RNSt16remove_referenceIS4_E4typeE
FN:74,_ZSt7forwardIiEOT_RNSt16remove_referenceIS0_E4typeE
FNDA:0,_ZSt7forwardIiEOT_RNSt16remove_referenceIS0_E4typeE
FN:74,_ZSt7forwardIRfEOT_RNSt16remove_referenceIS1_E4typeE
FNDA:3764,_ZSt7forwardIRfEOT_RNSt16remove_referenceIS1_E4typeE
FN:74,_ZSt7forwardIR15NormalizedBBox_EOT_RNSt16remove_referenceIS2_E4typeE
FNDA:3764,_ZSt7forwardIR15NormalizedBBox_EOT_RNSt16remove_referenceIS2_E4typeE
FN:74,_ZSt7forwardIR9FaceRect_EOT_RNSt16remove_referenceIS2_E4typeE
FNDA:308,_ZSt7forwardIR9FaceRect_EOT_RNSt16remove_referenceIS2_E4typeE
FN:74,_ZSt7forwardISt4pairIf15NormalizedBBox_EEOT_RNSt16remove_referenceIS3_E4typeE
FNDA:12144,_ZSt7forwardISt4pairIf15NormalizedBBox_EEOT_RNSt16remove_referenceIS3_E4typeE
FN:74,_ZSt7forwardIRKSt4pairIf15NormalizedBBox_EEOT_RNSt16remove_referenceIS5_E4typeE
FNDA:389,_ZSt7forwardIRKSt4pairIf15NormalizedBBox_EEOT_RNSt16remove_referenceIS5_E4typeE
FN:74,_ZSt7forwardIRPSt4pairIf15NormalizedBBox_EEOT_RNSt16remove_referenceIS5_E4typeE
FNDA:1,_ZSt7forwardIRPSt4pairIf15NormalizedBBox_EEOT_RNSt16remove_referenceIS5_E4typeE
FN:74,_ZSt7forwardIRlEOT_RNSt16remove_referenceIS1_E4typeE
FNDA:1,_ZSt7forwardIRlEOT_RNSt16remove_referenceIS1_E4typeE
FN:74,_ZSt7forwardIfEOT_RNSt16remove_referenceIS0_E4typeE
FNDA:521733,_ZSt7forwardIfEOT_RNSt16remove_referenceIS0_E4typeE
FN:74,_ZSt7forwardI15NormalizedBBox_EOT_RNSt16remove_referenceIS1_E4typeE
FNDA:521733,_ZSt7forwardI15NormalizedBBox_EOT_RNSt16remove_referenceIS1_E4typeE
FN:99,_ZSt4moveIRN9__gnu_cxx5__ops15_Iter_comp_iterIPFbRKSt4pairIf15NormalizedBBox_ES7_EEEEONSt16remove_referenceIT_E4typeEOSD_
FNDA:1168,_ZSt4moveIRN9__gnu_cxx5__ops15_Iter_comp_iterIPFbRKSt4pairIf15NormalizedBBox_ES7_EEEEONSt16remove_referenceIT_E4typeEOSD_
FN:99,_ZSt4moveIRPFbRKSt4pairIf15NormalizedBBox_ES4_EEONSt16remove_referenceIT_E4typeEOS9_
FNDA:1170,_ZSt4moveIRPFbRKSt4pairIf15NormalizedBBox_ES4_EEONSt16remove_referenceIT_E4typeEOS9_
FN:99,_ZSt4moveIRlEONSt16remove_referenceIT_E4typeEOS2_
FNDA:0,_ZSt4moveIRlEONSt16remove_referenceIT_E4typeEOS2_
FN:99,_ZSt4moveIRSt4pairIf15NormalizedBBox_EEONSt16remove_referenceIT_E4typeEOS5_
FNDA:529411,_ZSt4moveIRSt4pairIf15NormalizedBBox_EEONSt16remove_referenceIT_E4typeEOS5_
FN:99,_ZSt4moveIRfEONSt16remove_referenceIT_E4typeEOS2_
FNDA:0,_ZSt4moveIRfEONSt16remove_referenceIT_E4typeEOS2_
FN:99,_ZSt4moveIR15NormalizedBBox_EONSt16remove_referenceIT_E4typeEOS3_
FNDA:0,_ZSt4moveIR15NormalizedBBox_EONSt16remove_referenceIT_E4typeEOS3_
FN:182,_ZSt4swapI15NormalizedBBox_ENSt9enable_ifIXsrSt6__and_IJSt6__not_ISt15__is_tuple_likeIT_EESt21is_move_constructibleIS5_ESt18is_move_assignableIS5_EEE5valueEvE4typeERS5_SF_
FNDA:0,_ZSt4swapI15NormalizedBBox_ENSt9enable_ifIXsrSt6__and_IJSt6__not_ISt15__is_tuple_likeIT_EESt21is_move_constructibleIS5_ESt18is_move_assignableIS5_EEE5valueEvE4typeERS5_SF_
FN:182,_ZSt4swapIlENSt9enable_ifIXsrSt6__and_IJSt6__not_ISt15__is_tuple_likeIT_EESt21is_move_constructibleIS4_ESt18is_move_assignableIS4_EEE5valueEvE4typeERS4_SE_
FNDA:0,_ZSt4swapIlENSt9enable_ifIXsrSt6__and_IJSt6__not_ISt15__is_tuple_likeIT_EESt21is_move_constructibleIS4_ESt18is_move_assignableIS4_EEE5valueEvE4typeERS4_SE_
FN:182,_ZSt4swapIfENSt9enable_ifIXsrSt6__and_IJSt6__not_ISt15__is_tuple_likeIT_EESt21is_move_constructibleIS4_ESt18is_move_assignableIS4_EEE5valueEvE4typeERS4_SE_
FNDA:0,_ZSt4swapIfENSt9enable_ifIXsrSt6__and_IJSt6__not_ISt15__is_tuple_likeIT_EESt21is_move_constructibleIS4_ESt18is_move_assignableIS4_EEE5valueEvE4typeERS4_SE_
DA:47,8788
DA:48,8788
DA:74,521733
DA:75,521733
DA:74,521733
DA:75,521733
DA:74,0
DA:75,0
DA:74,1
DA:75,1
DA:74,1
DA:75,1
DA:74,389
DA:75,389
DA:74,12144
DA:75,12144
DA:74,308
DA:75,308
DA:74,3764
DA:75,3764
DA:74,3764
DA:75,3764
DA:74,0
DA:75,0
DA:99,0
DA:100,0
DA:99,0
DA:100,0
DA:99,0
DA:100,0
DA:99,1168
DA:100,1168
DA:99,1170
DA:100,1170
DA:99,529411
DA:100,529411
DA:182,0
DA:193,0
DA:194,0
DA:195,0
DA:196,0
DA:182,0
DA:193,0
DA:194,0
DA:195,0
DA:196,0
DA:182,0
DA:193,0
DA:194,0
DA:195,0
DA:196,0
end_of_record
SF:/usr/include/c++/9/bits/alloc_traits.h
FN:442,_ZNSt16allocator_traitsISaI9FaceRect_EE8allocateERS1_m
FNDA:8,_ZNSt16allocator_traitsISaI9FaceRect_EE8allocateERS1_m
FN:442,_ZNSt16allocator_traitsISaISt4pairIf15NormalizedBBox_EEE8allocateERS3_m
FNDA:21,_ZNSt16allocator_traitsISaISt4pairIf15NormalizedBBox_EEE8allocateERS3_m
FN:468,_ZNSt16allocator_traitsISaI9FaceRect_EE10deallocateERS1_PS0_m
FNDA:8,_ZNSt16allocator_traitsISaI9FaceRect_EE10deallocateERS1_PS0_m
FN:468,_ZNSt16allocator_traitsISaISt4pairIf15NormalizedBBox_EEE10deallocateERS3_PS2_m
FNDA:21,_ZNSt16allocator_traitsISaISt4pairIf15NormalizedBBox_EEE10deallocateERS3_PS2_m
FN:481,_ZNSt16allocator_traitsISaISt4pairIf15NormalizedBBox_EEE9constructIS2_JS2_EEEvRS3_PT_DpOT0_
FNDA:4184,_ZNSt16allocator_traitsISaISt4pairIf15NormalizedBBox_EEE9constructIS2_JS2_EEEvRS3_PT_DpOT0_
FN:481,_ZNSt16allocator_traitsISaI9FaceRect_EE9constructIS0_JRS0_EEEvRS1_PT_DpOT0_
FNDA:100,_ZNSt16allocator_traitsISaI9FaceRect_EE9constructIS0_JRS0_EEEvRS1_PT_DpOT0_
FN:481,_ZNSt16allocator_traitsISaISt4pairIf15NormalizedBBox_EEE9constructIS2_JRKS2_EEEvRS3_PT_DpOT0_
FNDA:190,_ZNSt16allocator_traitsISaISt4pairIf15NormalizedBBox_EEE9constructIS2_JRKS2_EEEvRS3_PT_DpOT0_
FN:494,_ZNSt16allocator_traitsISaISt4pairIf15NormalizedBBox_EEE7destroyIS2_EEvRS3_PT_
FNDA:3302,_ZNSt16allocator_traitsISaISt4pairIf15NormalizedBBox_EEE7destroyIS2_EEvRS3_PT_
FN:504,_ZNSt16allocator_traitsISaI9FaceRect_EE8max_sizeERKS1_
FNDA:16,_ZNSt16allocator_traitsISaI9FaceRect_EE8max_sizeERKS1_
FN:504,_ZNSt16allocator_traitsISaISt4pairIf15NormalizedBBox_EEE8max_sizeERKS3_
FNDA:42,_ZNSt16allocator_traitsISaISt4pairIf15NormalizedBBox_EEE8max_sizeERKS3_
DA:442,8
DA:443,8
DA:442,21
DA:443,21
DA:468,8
DA:469,8
DA:468,21
DA:469,21
DA:481,4184
DA:483,4184
DA:481,100
DA:483,100
DA:481,190
DA:483,190
DA:494,3302
DA:496,3302
DA:504,16
DA:505,16
DA:504,42
DA:505,42
end_of_record
SF:/usr/include/c++/9/bits/stl_algobase.h
FN:123,_ZSt9iter_swapIN9__gnu_cxx17__normal_iteratorIPSt4pairIf15NormalizedBBox_ESt6vectorIS4_SaIS4_EEEES9_EvT_T0_
FNDA:0,_ZSt9iter_swapIN9__gnu_cxx17__normal_iteratorIPSt4pairIf15NormalizedBBox_ESt6vectorIS4_SaIS4_EEEES9_EvT_T0_
FN:169,_ZSt11swap_rangesIN9__gnu_cxx17__normal_iteratorIPSt4pairIf15NormalizedBBox_ESt6vectorIS4_SaIS4_EEEES9_ET0_T_SB_SA_
FNDA:0,_ZSt11swap_rangesIN9__gnu_cxx17__normal_iteratorIPSt4pairIf15NormalizedBBox_ESt6vectorIS4_SaIS4_EEEES9_ET0_T_SB_SA_
FN:198,_ZSt3minImERKT_S2_S2_
FNDA:58,_ZSt3minImERKT_S2_S2_
FN:198,_ZSt3minIfERKT_S2_S2_
FNDA:92640,_ZSt3minIfERKT_S2_S2_
FN:198,_ZSt3minIlERKT_S2_S2_
FNDA:16,_ZSt3minIlERKT_S2_S2_
FN:222,_ZSt3maxImERKT_S2_S2_
FNDA:29,_ZSt3maxImERKT_S2_S2_
FN:222,_ZSt3maxIfERKT_S2_S2_
FNDA:92640,_ZSt3maxIfERKT_S2_S2_
FN:280,_ZSt12__niter_baseIP9FaceRect_ET_S2_
FNDA:48,_ZSt12__niter_baseIP9FaceRect_ET_S2_
FN:280,_ZSt12__niter_baseIPSt4pairIf15NormalizedBBox_EET_S4_
FNDA:871,_ZSt12__niter_baseIPSt4pairIf15NormalizedBBox_EET_S4_
FN:289,_ZSt12__niter_wrapIN9__gnu_cxx17__normal_iteratorIPSt4pairIf15NormalizedBBox_ESt6vectorIS4_SaIS4_EEEES5_ET_SA_T0_
FNDA:1631,_ZSt12__niter_wrapIN9__gnu_cxx17__normal_iteratorIPSt4pairIf15NormalizedBBox_ESt6vectorIS4_SaIS4_EEEES5_ET_SA_T0_
FN:295,_ZSt12__niter_wrapIPSt4pairIf15NormalizedBBox_EET_RKS4_S4_
FNDA:369,_ZSt12__niter_wrapIPSt4pairIf15NormalizedBBox_EET_RKS4_S4_
FN:356,_ZNSt11__copy_moveILb1ELb0ESt26random_access_iterator_tagE8__copy_mIPSt4pairIf15NormalizedBBox_ES6_EET0_T_S8_S7_
FNDA:1556,_ZNSt11__copy_moveILb1ELb0ESt26random_access_iterator_tagE8__copy_mIPSt4pairIf15NormalizedBBox_ES6_EET0_T_S8_S7_
FN:393,_ZSt13__copy_move_aILb1EPSt4pairIf15NormalizedBBox_ES3_ET1_T0_S5_S4_
FNDA:1556,_ZSt13__copy_move_aILb1EPSt4pairIf15NormalizedBBox_ES3_ET1_T0_S5_S4_
FN:438,_ZSt14__copy_move_a2ILb1EN9__gnu_cxx17__normal_iteratorIPSt4pairIf15NormalizedBBox_ESt6vectorIS4_SaIS4_EEEES5_ET1_T0_SB_SA_
FNDA:369,_ZSt14__copy_move_a2ILb1EN9__gnu_cxx17__normal_iteratorIPSt4pairIf15NormalizedBBox_ESt6vectorIS4_SaIS4_EEEES5_ET1_T0_SB_SA_
FN:438,_ZSt14__copy_move_a2ILb1EN9__gnu_cxx17__normal_iteratorIPSt4pairIf15NormalizedBBox_ESt6vectorIS4_SaIS4_EEEES9_ET1_T0_SB_SA_
FNDA:999,_ZSt14__copy_move_a2ILb1EN9__gnu_cxx17__normal_iteratorIPSt4pairIf15NormalizedBBox_ESt6vectorIS4_SaIS4_EEEES9_ET1_T0_SB_SA_
FN:438,_ZSt14__copy_move_a2ILb1EPSt4pairIf15NormalizedBBox_EN9__gnu_cxx17__normal_iteratorIS3_St6vectorIS2_SaIS2_EEEEET1_T0_SB_SA_
FNDA:188,_ZSt14__copy_move_a2ILb1EPSt4pairIf15NormalizedBBox_EN9__gnu_cxx17__normal_iteratorIS3_St6vectorIS2_SaIS2_EEEEET1_T0_SB_SA_
FN:497,_ZSt4moveIN9__gnu_cxx17__normal_iteratorIPSt4pairIf15NormalizedBBox_ESt6vectorIS4_SaIS4_EEEES5_ET0_T_SB_SA_
FNDA:369,_ZSt4moveIN9__gnu_cxx17__normal_iteratorIPSt4pairIf15NormalizedBBox_ESt6vectorIS4_SaIS4_EEEES5_ET0_T_SB_SA_
FN:497,_ZSt4moveIPSt4pairIf15NormalizedBBox_EN9__gnu_cxx17__normal_iteratorIS3_St6vectorIS2_SaIS2_EEEEET0_T_SB_SA_
FNDA:188,_ZSt4moveIPSt4pairIf15NormalizedBBox_EN9__gnu_cxx17__normal_iteratorIS3_St6vectorIS2_SaIS2_EEEEET0_T_SB_SA_
FN:497,_ZSt4moveIN9__gnu_cxx17__normal_iteratorIPSt4pairIf15NormalizedBBox_ESt6vectorIS4_SaIS4_EEEES9_ET0_T_SB_SA_
FNDA:999,_ZSt4moveIN9__gnu_cxx17__normal_iteratorIPSt4pairIf15NormalizedBBox_ESt6vectorIS4_SaIS4_EEEES9_ET0_T_SB_SA_
FN:562,_ZNSt20__copy_move_backwardILb1ELb0ESt26random_access_iterator_tagE13__copy_move_bIPSt4pairIf15NormalizedBBox_ES6_EET0_T_S8_S7_
FNDA:444,_ZNSt20__copy_move_backwardILb1ELb0ESt26random_access_iterator_tagE13__copy_move_bIPSt4pairIf15NormalizedBBox_ES6_EET0_T_S8_S7_
FN:595,_ZSt22__copy_move_backward_aILb1EPSt4pairIf15NormalizedBBox_ES3_ET1_T0_S5_S4_
FNDA:444,_ZSt22__copy_move_backward_aILb1EPSt4pairIf15NormalizedBBox_ES3_ET1_T0_S5_S4_
FN:613,_ZSt23__copy_move_backward_a2ILb1EN9__gnu_cxx17__normal_iteratorIPSt4pairIf15NormalizedBBox_ESt6vectorIS4_SaIS4_EEEES9_ET1_T0_SB_SA_
FNDA:444,_ZSt23__copy_move_backward_a2ILb1EN9__gnu_cxx17__normal_iteratorIPSt4pairIf15NormalizedBBox_ESt6vectorIS4_SaIS4_EEEES9_ET1_T0_SB_SA_
FN:613,_ZSt23__copy_move_backward_a2ILb1EPSt4pairIf15NormalizedBBox_EN9__gnu_cxx17__normal_iteratorIS3_St6vectorIS2_SaIS2_EEEEET1_T0_SB_SA_
FNDA:0,_ZSt23__copy_move_backward_a2ILb1EPSt4pairIf15NormalizedBBox_EN9__gnu_cxx17__normal_iteratorIS3_St6vectorIS2_SaIS2_EEEEET1_T0_SB_SA_
FN:676,_ZSt13move_backwardIN9__gnu_cxx17__normal_iteratorIPSt4pairIf15NormalizedBBox_ESt6vectorIS4_SaIS4_EEEES9_ET0_T_SB_SA_
FNDA:444,_ZSt13move_backwardIN9__gnu_cxx17__normal_iteratorIPSt4pairIf15NormalizedBBox_ESt6vectorIS4_SaIS4_EEEES9_ET0_T_SB_SA_
FN:676,_ZSt13move_backwardIPSt4pairIf15NormalizedBBox_EN9__gnu_cxx17__normal_iteratorIS3_St6vectorIS2_SaIS2_EEEEET0_T_SB_SA_
FNDA:0,_ZSt13move_backwardIPSt4pairIf15NormalizedBBox_EN9__gnu_cxx17__normal_iteratorIS3_St6vectorIS2_SaIS2_EEEEET0_T_SB_SA_
FN:966,_ZSt13__lower_boundIN9__gnu_cxx17__normal_iteratorIPSt4pairIf15NormalizedBBox_ESt6vectorIS4_SaIS4_EEEES4_NS0_5__ops14_Iter_comp_valIPFbRKS4_SD_EEEET_SH_SH_RKT0_T1_
FNDA:0,_ZSt13__lower_boundIN9__gnu_cxx17__normal_iteratorIPSt4pairIf15NormalizedBBox_ESt6vectorIS4_SaIS4_EEEES4_NS0_5__ops14_Iter_comp_valIPFbRKS4_SD_EEEET_SH_SH_RKT0_T1_
DA:123,0
DA:151,0
DA:153,0
DA:169,0
DA:179,0
BRDA:179,0,0,-
BRDA:179,0,1,-
DA:180,0
DA:181,0
DA:198,16
DA:203,16
BRDA:203,0,0,6
BRDA:203,0,1,10
DA:204,6
DA:205,10
DA:198,92640
DA:203,92640
BRDA:203,0,0,797
BRDA:203,0,1,91843
DA:204,797
DA:205,91843
DA:198,58
DA:203,58
BRDA:203,0,0,0
BRDA:203,0,1,58
DA:204,0
DA:205,58
DA:222,92640
DA:227,92640
BRDA:227,0,0,747
BRDA:227,0,1,91893
DA:228,747
DA:229,91893
DA:222,29
DA:227,29
BRDA:227,0,0,3
BRDA:227,0,1,26
DA:228,3
DA:229,26
DA:280,48
DA:282,48
DA:280,871
DA:282,871
DA:289,1631
DA:290,1631
DA:295,369
DA:296,369
DA:356,1556
DA:359,502912
BRDA:359,0,0,501356
BRDA:359,0,1,1556
DA:361,501356
DA:362,501356
DA:363,501356
DA:365,1556
DA:393,1556
DA:398,1556
DA:404,1556
DA:438,188
DA:440,188
DA:443,188
DA:438,369
DA:440,369
DA:443,369
DA:438,999
DA:440,999
DA:443,999
DA:497,188
DA:505,188
DA:506,188
DA:497,369
DA:505,369
DA:506,369
DA:497,999
DA:505,999
DA:506,999
DA:562,444
DA:565,1698
BRDA:565,0,0,1254
BRDA:565,0,1,444
DA:566,1254
DA:567,444
DA:595,444
DA:600,444
DA:606,444
DA:608,444
DA:613,0
DA:615,0
DA:618,0
DA:613,444
DA:615,444
DA:618,444
DA:676,0
DA:686,0
DA:688,0
DA:676,444
DA:686,444
DA:688,444
DA:966,0
DA:972,0
DA:974,0
BRDA:974,0,0,-
BRDA:974,0,1,-
DA:976,0
DA:977,0
DA:978,0
BRDA:978,0,0,-
BRDA:978,0,1,-
DA:979,0
BRDA:979,0,0,-
BRDA:979,0,1,-
BRDA:979,0,2,-
BRDA:979,0,3,-
DA:981,0
DA:982,0
DA:983,0
DA:986,0
DA:988,0
end_of_record
SF:/usr/include/c++/9/new
FN:173,_ZnwmPv
FNDA:0,_ZnwmPv
DA:173,0
DA:174,0
end_of_record
SF:/usr/include/c++/9/ext/type_traits.h
FN:152,_ZN9__gnu_cxx17__is_null_pointerIcEEbPT_
FNDA:0,_ZN9__gnu_cxx17__is_null_pointerIcEEbPT_
DA:152,0
DA:153,0
end_of_record
SF:/usr/include/c++/9/bits/stl_uninitialized.h
FN:539,_ZNSt27__uninitialized_default_n_1ILb0EE18__uninit_default_nIPSt4pairIf15NormalizedBBox_EmEET_S6_T0_
FNDA:0,_ZNSt27__uninitialized_default_n_1ILb0EE18__uninit_default_nIPSt4pairIf15NormalizedBBox_EmEET_S6_T0_
FN:592,_ZSt25__uninitialized_default_nIPSt4pairIf15NormalizedBBox_EmET_S4_T0_
FNDA:0,_ZSt25__uninitialized_default_nIPSt4pairIf15NormalizedBBox_EmET_S4_T0_
FN:661,_ZSt27__uninitialized_default_n_aIPSt4pairIf15NormalizedBBox_EmS2_ET_S4_T0_RSaIT1_E
FNDA:0,_ZSt27__uninitialized_default_n_aIPSt4pairIf15NormalizedBBox_EmS2_ET_S4_T0_RSaIT1_E
FN:905,_ZSt19__relocate_object_aISt4pairIf15NormalizedBBox_ES2_SaIS2_EEvPT_PT0_RT1_
FNDA:2302,_ZSt19__relocate_object_aISt4pairIf15NormalizedBBox_ES2_SaIS2_EEvPT_PT0_RT1_
FN:924,_ZSt14__relocate_a_1I9FaceRect_S0_ENSt9enable_ifIXsrSt24__is_bitwise_relocatableIT_vE5valueEPS3_E4typeES5_S5_S5_RSaIT0_E
FNDA:16,_ZSt14__relocate_a_1I9FaceRect_S0_ENSt9enable_ifIXsrSt24__is_bitwise_relocatableIT_vE5valueEPS3_E4typeES5_S5_S5_RSaIT0_E
FN:936,_ZSt14__relocate_a_1IPSt4pairIf15NormalizedBBox_ES3_SaIS2_EET0_T_S6_S5_RT1_
FNDA:42,_ZSt14__relocate_a_1IPSt4pairIf15NormalizedBBox_ES3_SaIS2_EET0_T_S6_S5_RT1_
FN:958,_ZSt12__relocate_aIP9FaceRect_S1_SaIS0_EET0_T_S4_S3_RT1_
FNDA:16,_ZSt12__relocate_aIP9FaceRect_S1_SaIS0_EET0_T_S4_S3_RT1_
FN:958,_ZSt12__relocate_aIPSt4pairIf15NormalizedBBox_ES3_SaIS2_EET0_T_S6_S5_RT1_
FNDA:42,_ZSt12__relocate_aIPSt4pairIf15NormalizedBBox_ES3_SaIS2_EET0_T_S6_S5_RT1_
DA:539,0
DA:541,0
DA:544,0
BRDA:544,0,0,-
BRDA:544,0,1,-
DA:545,0
BRDA:545,0,0,-
BRDA:545,0,1,-
DA:546,0
DA:548,0
DA:550,0
BRDA:550,0,0,0
BRDA:550,0,1,0
DA:551,0
DA:592,0
DA:597,0
DA:601,0
DA:661,0
DA:663,0
DA:905,2302
DA:912,2302
DA:913,2302
DA:914,2302
DA:924,16
DA:927,16
DA:928,16
BRDA:928,0,0,7
BRDA:928,0,1,9
DA:929,7
DA:930,16
DA:936,42
DA:948,42
DA:949,2344
BRDA:949,0,0,2302
BRDA:949,0,1,42
DA:950,2302
DA:952,42
DA:958,16
DA:964,16
DA:966,16
DA:958,42
DA:964,42
DA:966,42
end_of_record
SF:/usr/include/c++/9/bits/basic_string.tcc
FN:206,_ZNSt7__cxx1112basic_stringIcSt11char_traitsIcESaIcEE12_M_constructIPcEEvT_S7_St20forward_iterator_tag
FNDA:0,_ZNSt7__cxx1112basic_stringIcSt11char_traitsIcESaIcEE12_M_constructIPcEEvT_S7_St20forward_iterator_tag
DA:206,0
DA:211,0
BRDA:211,0,0,-
BRDA:211,0,1,-
BRDA:211,0,2,-
BRDA:211,0,3,-
BRDA:211,0,4,-
BRDA:211,0,5,-
DA:212,0
DA:215,0
BRDA:215,0,0,-
BRDA:215,0,1,-
DA:217,0
BRDA:217,0,0,-
BRDA:217,0,1,-
DA:219,0
BRDA:219,0,0,-
BRDA:219,0,1,-
BRDA:219,0,2,-
BRDA:219,0,3,-
DA:220,0
BRDA:220,0,0,-
BRDA:220,0,1,-
DA:225,0
BRDA:225,0,0,-
BRDA:225,0,1,-
DA:226,0
DA:228,0
BRDA:228,0,0,0
BRDA:228,0,1,0
DA:229,0
DA:232,0
BRDA:232,0,0,-
BRDA:232,0,1,-
DA:233,0
end_of_record
SF:/home/marija/2023_Analysis_libfacedetection/libfacedetection/src/facedetectcnn.h
FN:149,_ZN9CDataBlobIfEC2Eiii
FNDA:81,_ZN9CDataBlobIfEC2Eiii
FN:156,_ZN9CDataBlobIfED2Ev
FNDA:224,_ZN9CDataBlobIfED2Ev
FN:176,_ZN9CDataBlobIfE7setNULLEv
FNDA:411,_ZN9CDataBlobIfE7setNULLEv
FN:184,_ZN9CDataBlobIfE7setZeroEv
FNDA:111,_ZN9CDataBlobIfE7setZeroEv
FN:190,_ZNK9CDataBlobIfE7isEmptyEv
FNDA:208,_ZNK9CDataBlobIfE7isEmptyEv
FN:195,_ZN9CDataBlobIfE6createEiii
FNDA:187,_ZN9CDataBlobIfE6createEiii
FN:242,_ZN9CDataBlobIfE3ptrEii
FNDA:7101250,_ZN9CDataBlobIfE3ptrEii
FN:249,_ZNK9CDataBlobIfE3ptrEii
FNDA:76529200,_ZNK9CDataBlobIfE3ptrEii
DA:149,81
DA:151,81
DA:152,81
DA:154,81
DA:155,81
DA:156,224
DA:158,224
DA:159,224
DA:176,411
DA:178,411
BRDA:178,0,0,187
BRDA:178,0,1,224
DA:179,187
DA:180,411
DA:181,411
DA:182,411
DA:184,111
DA:186,111
BRDA:186,0,0,111
BRDA:186,0,1,0
DA:187,111
DA:188,111
DA:190,208
DA:192,208
BRDA:192,0,0,208
BRDA:192,0,1,0
BRDA:192,0,2,208
BRDA:192,0,3,0
BRDA:192,0,4,208
BRDA:192,0,5,0
BRDA:192,0,6,0
BRDA:192,0,7,208
DA:195,187
DA:197,187
DA:199,187
DA:200,187
DA:201,187
DA:204,187
DA:205,187
BRDA:205,0,0,135
BRDA:205,0,1,52
DA:206,135
DA:208,52
DA:209,187
DA:211,187
BRDA:211,0,0,0
BRDA:211,0,1,187
DA:213,0
DA:214,0
DA:215,0
DA:216,0
DA:217,0
DA:239,187
DA:242,7101250
DA:244,7101250
BRDA:244,0,0,7101250
BRDA:244,0,1,0
BRDA:244,0,2,7101250
BRDA:244,0,3,0
BRDA:244,0,4,7101250
BRDA:244,0,5,0
BRDA:244,0,6,0
BRDA:244,0,7,7101250
DA:245,0
DA:247,7101250
DA:249,76529200
DA:251,76529200
BRDA:251,0,0,76529200
BRDA:251,0,1,0
BRDA:251,0,2,76529200
BRDA:251,0,3,0
BRDA:251,0,4,76529200
BRDA:251,0,5,0
BRDA:251,0,6,0
BRDA:251,0,7,76529200
DA:252,0
DA:254,76529200
end_of_record
SF:/usr/include/c++/9/bits/vector.tcc
FN:109,_ZNSt6vectorISt4pairIf15NormalizedBBox_ESaIS2_EE12emplace_backIJS2_EEERS2_DpOT_
FNDA:1882,_ZNSt6vectorISt4pairIf15NormalizedBBox_ESaIS2_EE12emplace_backIJS2_EEERS2_DpOT_
FN:109,_ZNSt6vectorI9FaceRect_SaIS0_EE12emplace_backIJRS0_EEES4_DpOT_
FNDA:100,_ZNSt6vectorI9FaceRect_SaIS0_EE12emplace_backIJRS0_EEES4_DpOT_
FN:171,_ZNSt6vectorISt4pairIf15NormalizedBBox_ESaIS2_EE8_M_eraseEN9__gnu_cxx17__normal_iteratorIPS2_S4_EE
FNDA:1000,_ZNSt6vectorISt4pairIf15NormalizedBBox_ESaIS2_EE8_M_eraseEN9__gnu_cxx17__normal_iteratorIPS2_S4_EE
FN:426,_ZNSt6vectorISt4pairIf15NormalizedBBox_ESaIS2_EE17_M_realloc_insertIJS2_EEEvN9__gnu_cxx17__normal_iteratorIPS2_S4_EEDpOT_
FNDA:12,_ZNSt6vectorISt4pairIf15NormalizedBBox_ESaIS2_EE17_M_realloc_insertIJS2_EEEvN9__gnu_cxx17__normal_iteratorIPS2_S4_EEDpOT_
FN:426,_ZNSt6vectorI9FaceRect_SaIS0_EE17_M_realloc_insertIJRS0_EEEvN9__gnu_cxx17__normal_iteratorIPS0_S2_EEDpOT_
FNDA:8,_ZNSt6vectorI9FaceRect_SaIS0_EE17_M_realloc_insertIJRS0_EEEvN9__gnu_cxx17__normal_iteratorIPS0_S2_EEDpOT_
FN:426,_ZNSt6vectorISt4pairIf15NormalizedBBox_ESaIS2_EE17_M_realloc_insertIJRKS2_EEEvN9__gnu_cxx17__normal_iteratorIPS2_S4_EEDpOT_
FNDA:9,_ZNSt6vectorISt4pairIf15NormalizedBBox_ESaIS2_EE17_M_realloc_insertIJRKS2_EEEvN9__gnu_cxx17__normal_iteratorIPS2_S4_EEDpOT_
FN:611,_ZNSt6vectorISt4pairIf15NormalizedBBox_ESaIS2_EE17_M_default_appendEm
FNDA:0,_ZNSt6vectorISt4pairIf15NormalizedBBox_ESaIS2_EE17_M_default_appendEm
DA:109,1882
DA:112,1882
BRDA:112,0,0,1870
BRDA:112,0,1,12
DA:115,1870
DA:117,1870
DA:121,12
DA:123,1882
DA:109,100
DA:112,100
BRDA:112,0,0,92
BRDA:112,0,1,8
DA:115,92
DA:117,92
DA:121,8
DA:123,100
DA:171,1000
DA:174,1000
BRDA:174,0,0,999
BRDA:174,0,1,1
DA:175,999
DA:176,1000
DA:177,1000
DA:179,1000
DA:426,12
DA:435,12
DA:437,12
DA:438,12
DA:439,12
DA:440,12
DA:441,12
DA:449,12
DA:450,12
DA:456,12
DA:461,12
DA:462,12
DA:464,12
DA:466,12
DA:467,12
DA:500,12
DA:501,12
DA:502,12
DA:503,12
DA:504,12
DA:505,12
DA:426,8
DA:435,8
DA:437,8
DA:438,8
DA:439,8
DA:440,8
DA:441,8
DA:449,8
DA:450,8
DA:456,8
DA:461,8
DA:462,8
DA:464,8
DA:466,8
DA:467,8
DA:500,8
DA:501,8
DA:502,8
DA:503,8
DA:504,8
DA:505,8
DA:426,9
DA:435,9
DA:437,9
DA:438,9
DA:439,9
DA:440,9
DA:441,9
DA:449,9
DA:450,9
DA:456,9
DA:461,9
DA:462,9
DA:464,9
DA:466,9
DA:467,9
DA:500,9
DA:501,9
DA:502,9
DA:503,9
DA:504,9
DA:505,9
DA:611,0
DA:614,0
BRDA:614,0,0,-
BRDA:614,0,1,-
DA:616,0
DA:617,0
DA:618,0
DA:620,0
BRDA:620,0,0,-
BRDA:620,0,1,-
BRDA:620,0,2,-
BRDA:620,0,3,-
BRDA:620,0,4,-
BRDA:620,0,5,-
DA:621,0
DA:623,0
BRDA:623,0,0,-
BRDA:623,0,1,-
DA:626,0
DA:627,0
DA:628,0
DA:633,0
DA:635,0
DA:640,0
BRDA:640,0,0,-
BRDA:640,0,1,-
DA:641,0
DA:643,0
DA:645,0
BRDA:645,0,0,0
BRDA:645,0,1,0
DA:646,0
DA:648,0
DA:649,0
DA:675,0
DA:676,0
DA:677,0
DA:678,0
DA:679,0
DA:680,0
DA:683,0
end_of_record
SF:/usr/include/c++/9/bits/stl_iterator.h
FN:803,_ZN9__gnu_cxx17__normal_iteratorIPSt4pairIf15NormalizedBBox_ESt6vectorIS3_SaIS3_EEEC2ERKS4_
FNDA:15154,_ZN9__gnu_cxx17__normal_iteratorIPSt4pairIf15NormalizedBBox_ESt6vectorIS3_SaIS3_EEEC2ERKS4_
FN:803,_ZN9__gnu_cxx17__normal_iteratorIPKSt4pairIf15NormalizedBBox_ESt6vectorIS3_SaIS3_EEEC2ERKS5_
FNDA:1000,_ZN9__gnu_cxx17__normal_iteratorIPKSt4pairIf15NormalizedBBox_ESt6vectorIS3_SaIS3_EEEC2ERKS5_
FN:803,_ZN9__gnu_cxx17__normal_iteratorIP9FaceRect_St6vectorIS1_SaIS1_EEEC2ERKS2_
FNDA:216,_ZN9__gnu_cxx17__normal_iteratorIP9FaceRect_St6vectorIS1_SaIS1_EEEC2ERKS2_
FN:808,_ZN9__gnu_cxx17__normal_iteratorIPKSt4pairIf15NormalizedBBox_ESt6vectorIS3_SaIS3_EEEC2IPS3_EERKNS0_IT_NS_11__enable_ifIXsrSt10__are_sameISC_SB_E7__valueES8_E6__typeEEE
FNDA:1000,_ZN9__gnu_cxx17__normal_iteratorIPKSt4pairIf15NormalizedBBox_ESt6vectorIS3_SaIS3_EEEC2IPS3_EERKNS0_IT_NS_11__enable_ifIXsrSt10__are_sameISC_SB_E7__valueES8_E6__typeEEE
FN:816,_ZNK9__gnu_cxx17__normal_iteratorIP9FaceRect_St6vectorIS1_SaIS1_EEEdeEv
FNDA:100,_ZNK9__gnu_cxx17__normal_iteratorIP9FaceRect_St6vectorIS1_SaIS1_EEEdeEv
FN:816,_ZNK9__gnu_cxx17__normal_iteratorIPSt4pairIf15NormalizedBBox_ESt6vectorIS3_SaIS3_EEEdeEv
FNDA:47985,_ZNK9__gnu_cxx17__normal_iteratorIPSt4pairIf15NormalizedBBox_ESt6vectorIS3_SaIS3_EEEdeEv
FN:824,_ZN9__gnu_cxx17__normal_iteratorIPSt4pairIf15NormalizedBBox_ESt6vectorIS3_SaIS3_EEEppEv
FNDA:18572,_ZN9__gnu_cxx17__normal_iteratorIPSt4pairIf15NormalizedBBox_ESt6vectorIS3_SaIS3_EEEppEv
FN:836,_ZN9__gnu_cxx17__normal_iteratorIPSt4pairIf15NormalizedBBox_ESt6vectorIS3_SaIS3_EEEmmEv
FNDA:2657,_ZN9__gnu_cxx17__normal_iteratorIPSt4pairIf15NormalizedBBox_ESt6vectorIS3_SaIS3_EEEmmEv
FN:852,_ZN9__gnu_cxx17__normal_iteratorIPSt4pairIf15NormalizedBBox_ESt6vectorIS3_SaIS3_EEEpLEl
FNDA:444,_ZN9__gnu_cxx17__normal_iteratorIPSt4pairIf15NormalizedBBox_ESt6vectorIS3_SaIS3_EEEpLEl
FN:856,_ZNK9__gnu_cxx17__normal_iteratorIPSt4pairIf15NormalizedBBox_ESt6vectorIS3_SaIS3_EEEplEl
FNDA:6157,_ZNK9__gnu_cxx17__normal_iteratorIPSt4pairIf15NormalizedBBox_ESt6vectorIS3_SaIS3_EEEplEl
FN:864,_ZNK9__gnu_cxx17__normal_iteratorIPSt4pairIf15NormalizedBBox_ESt6vectorIS3_SaIS3_EEEmiEl
FNDA:1882,_ZNK9__gnu_cxx17__normal_iteratorIPSt4pairIf15NormalizedBBox_ESt6vectorIS3_SaIS3_EEEmiEl
FN:864,_ZNK9__gnu_cxx17__normal_iteratorIP9FaceRect_St6vectorIS1_SaIS1_EEEmiEl
FNDA:100,_ZNK9__gnu_cxx17__normal_iteratorIP9FaceRect_St6vectorIS1_SaIS1_EEEmiEl
FN:868,_ZNK9__gnu_cxx17__normal_iteratorIPKSt4pairIf15NormalizedBBox_ESt6vectorIS3_SaIS3_EEE4baseEv
FNDA:2000,_ZNK9__gnu_cxx17__normal_iteratorIPKSt4pairIf15NormalizedBBox_ESt6vectorIS3_SaIS3_EEE4baseEv
FN:868,_ZNK9__gnu_cxx17__normal_iteratorIPSt4pairIf15NormalizedBBox_ESt6vectorIS3_SaIS3_EEE4baseEv
FNDA:47510,_ZNK9__gnu_cxx17__normal_iteratorIPSt4pairIf15NormalizedBBox_ESt6vectorIS3_SaIS3_EEE4baseEv
FN:868,_ZNK9__gnu_cxx17__normal_iteratorIP9FaceRect_St6vectorIS1_SaIS1_EEE4baseEv
FNDA:32,_ZNK9__gnu_cxx17__normal_iteratorIP9FaceRect_St6vectorIS1_SaIS1_EEE4baseEv
FN:890,_ZN9__gnu_cxxeqIPSt4pairIf15NormalizedBBox_ESt6vectorIS3_SaIS3_EEEEbRKNS_17__normal_iteratorIT_T0_EESD_
FNDA:270,_ZN9__gnu_cxxeqIPSt4pairIf15NormalizedBBox_ESt6vectorIS3_SaIS3_EEEEbRKNS_17__normal_iteratorIT_T0_EESD_
FN:904,_ZN9__gnu_cxxneIPSt4pairIf15NormalizedBBox_ESt6vectorIS3_SaIS3_EEEEbRKNS_17__normal_iteratorIT_T0_EESD_
FNDA:19032,_ZN9__gnu_cxxneIPSt4pairIf15NormalizedBBox_ESt6vectorIS3_SaIS3_EEEEbRKNS_17__normal_iteratorIT_T0_EESD_
FN:986,_ZN9__gnu_cxxmiIPSt4pairIf15NormalizedBBox_ESt6vectorIS3_SaIS3_EEEENS_17__normal_iteratorIT_T0_E15difference_typeERKSB_SE_
FNDA:489,_ZN9__gnu_cxxmiIPSt4pairIf15NormalizedBBox_ESt6vectorIS3_SaIS3_EEEENS_17__normal_iteratorIT_T0_E15difference_typeERKSB_SE_
[...]
FN:59,_ZN7cvflann7anyimpl21typed_base_any_policyIfE8get_sizeEv
FNDA:0,_ZN7cvflann7anyimpl21typed_base_any_policyIfE8get_sizeEv
FN:59,_ZN7cvflann7anyimpl21typed_base_any_policyIiE8get_sizeEv
FNDA:0,_ZN7cvflann7anyimpl21typed_base_any_policyIiE8get_sizeEv
FN:59,_ZN7cvflann7anyimpl21typed_base_any_policyIPKcE8get_sizeEv
FNDA:0,_ZN7cvflann7anyimpl21typed_base_any_policyIPKcE8get_sizeEv
FN:59,_ZN7cvflann7anyimpl21typed_base_any_policyINS0_9empty_anyEE8get_sizeEv
FNDA:0,_ZN7cvflann7anyimpl21typed_base_any_policyINS0_9empty_anyEE8get_sizeEv
FN:59,_ZN7cvflann7anyimpl21typed_base_any_policyINSt7__cxx1112basic_stringIcSt11char_traitsIcESaIcEEEE8get_sizeEv
FNDA:0,_ZN7cvflann7anyimpl21typed_base_any_policyINSt7__cxx1112basic_stringIcSt11char_traitsIcESaIcEEEE8get_sizeEv
FN:59,_ZN7cvflann7anyimpl21typed_base_any_policyINS_17flann_algorithm_tEE8get_sizeEv
FNDA:0,_ZN7cvflann7anyimpl21typed_base_any_policyINS_17flann_algorithm_tEE8get_sizeEv
FN:60,_ZN7cvflann7anyimpl21typed_base_any_policyINS_20flann_centers_init_tEE4typeEv
FNDA:0,_ZN7cvflann7anyimpl21typed_base_any_policyINS_20flann_centers_init_tEE4typeEv
FN:60,_ZN7cvflann7anyimpl21typed_base_any_policyIiE4typeEv
FNDA:0,_ZN7cvflann7anyimpl21typed_base_any_policyIiE4typeEv
FN:60,_ZN7cvflann7anyimpl21typed_base_any_policyINS_17flann_algorithm_tEE4typeEv
FNDA:0,_ZN7cvflann7anyimpl21typed_base_any_policyINS_17flann_algorithm_tEE4typeEv
FN:60,_ZN7cvflann7anyimpl21typed_base_any_policyIPKcE4typeEv
FNDA:0,_ZN7cvflann7anyimpl21typed_base_any_policyIPKcE4typeEv
FN:60,_ZN7cvflann7anyimpl21typed_base_any_policyIfE4typeEv
FNDA:0,_ZN7cvflann7anyimpl21typed_base_any_policyIfE4typeEv
FN:60,_ZN7cvflann7anyimpl21typed_base_any_policyINS0_9empty_anyEE4typeEv
FNDA:0,_ZN7cvflann7anyimpl21typed_base_any_policyINS0_9empty_anyEE4typeEv
FN:60,_ZN7cvflann7anyimpl21typed_base_any_policyIbE4typeEv
FNDA:0,_ZN7cvflann7anyimpl21typed_base_any_policyIbE4typeEv
FN:60,_ZN7cvflann7anyimpl21typed_base_any_policyIjE4typeEv
FNDA:0,_ZN7cvflann7anyimpl21typed_base_any_policyIjE4typeEv
FN:60,_ZN7cvflann7anyimpl21typed_base_any_policyINSt7__cxx1112basic_stringIcSt11char_traitsIcESaIcEEEE4typeEv
FNDA:0,_ZN7cvflann7anyimpl21typed_base_any_policyINSt7__cxx1112basic_stringIcSt11char_traitsIcESaIcEEEE4typeEv
FN:67,_ZN7cvflann7anyimpl16small_any_policyIbE13static_deleteEPPv
FNDA:0,_ZN7cvflann7anyimpl16small_any_policyIbE13static_deleteEPPv
FN:67,_ZN7cvflann7anyimpl16small_any_policyIfE13static_deleteEPPv
FNDA:0,_ZN7cvflann7anyimpl16small_any_policyIfE13static_deleteEPPv
FN:67,_ZN7cvflann7anyimpl16small_any_policyIPKcE13static_deleteEPPv
FNDA:0,_ZN7cvflann7anyimpl16small_any_policyIPKcE13static_deleteEPPv
FN:67,_ZN7cvflann7anyimpl16small_any_policyIjE13static_deleteEPPv
FNDA:0,_ZN7cvflann7anyimpl16small_any_policyIjE13static_deleteEPPv
FN:67,_ZN7cvflann7anyimpl16small_any_policyIiE13static_deleteEPPv
FNDA:0,_ZN7cvflann7anyimpl16small_any_policyIiE13static_deleteEPPv
FN:68,_ZN7cvflann7anyimpl16small_any_policyIbE15copy_from_valueEPKvPPv
FNDA:0,_ZN7cvflann7anyimpl16small_any_policyIbE15copy_from_valueEPKvPPv
FN:68,_ZN7cvflann7anyimpl16small_any_policyIPKcE15copy_from_valueEPKvPPv
FNDA:0,_ZN7cvflann7anyimpl16small_any_policyIPKcE15copy_from_valueEPKvPPv
FN:68,_ZN7cvflann7anyimpl16small_any_policyIfE15copy_from_valueEPKvPPv
FNDA:0,_ZN7cvflann7anyimpl16small_any_policyIfE15copy_from_valueEPKvPPv
FN:68,_ZN7cvflann7anyimpl16small_any_policyIjE15copy_from_valueEPKvPPv
FNDA:0,_ZN7cvflann7anyimpl16small_any_policyIjE15copy_from_valueEPKvPPv
FN:68,_ZN7cvflann7anyimpl16small_any_policyIiE15copy_from_valueEPKvPPv
FNDA:0,_ZN7cvflann7anyimpl16small_any_policyIiE15copy_from_valueEPKvPPv
FN:72,_ZN7cvflann7anyimpl16small_any_policyIPKcE5cloneEPKPvPS5_
FNDA:0,_ZN7cvflann7anyimpl16small_any_policyIPKcE5cloneEPKPvPS5_
FN:72,_ZN7cvflann7anyimpl16small_any_policyIiE5cloneEPKPvPS3_
FNDA:0,_ZN7cvflann7anyimpl16small_any_policyIiE5cloneEPKPvPS3_
FN:72,_ZN7cvflann7anyimpl16small_any_policyIjE5cloneEPKPvPS3_
FNDA:0,_ZN7cvflann7anyimpl16small_any_policyIjE5cloneEPKPvPS3_
FN:72,_ZN7cvflann7anyimpl16small_any_policyIfE5cloneEPKPvPS3_
FNDA:0,_ZN7cvflann7anyimpl16small_any_policyIfE5cloneEPKPvPS3_
FN:72,_ZN7cvflann7anyimpl16small_any_policyIbE5cloneEPKPvPS3_
FNDA:0,_ZN7cvflann7anyimpl16small_any_policyIbE5cloneEPKPvPS3_
FN:73,_ZN7cvflann7anyimpl16small_any_policyIfE4moveEPKPvPS3_
FNDA:0,_ZN7cvflann7anyimpl16small_any_policyIfE4moveEPKPvPS3_
FN:73,_ZN7cvflann7anyimpl16small_any_policyIiE4moveEPKPvPS3_
FNDA:0,_ZN7cvflann7anyimpl16small_any_policyIiE4moveEPKPvPS3_
FN:73,_ZN7cvflann7anyimpl16small_any_policyIjE4moveEPKPvPS3_
FNDA:0,_ZN7cvflann7anyimpl16small_any_policyIjE4moveEPKPvPS3_
FN:73,_ZN7cvflann7anyimpl16small_any_policyIbE4moveEPKPvPS3_
FNDA:0,_ZN7cvflann7anyimpl16small_any_policyIbE4moveEPKPvPS3_
FN:73,_ZN7cvflann7anyimpl16small_any_policyIPKcE4moveEPKPvPS5_
FNDA:0,_ZN7cvflann7anyimpl16small_any_policyIPKcE4moveEPKPvPS5_
FN:74,_ZN7cvflann7anyimpl16small_any_policyIPKcE9get_valueEPPv
FNDA:0,_ZN7cvflann7anyimpl16small_any_policyIPKcE9get_valueEPPv
FN:74,_ZN7cvflann7anyimpl16small_any_policyIjE9get_valueEPPv
FNDA:0,_ZN7cvflann7anyimpl16small_any_policyIjE9get_valueEPPv
FN:74,_ZN7cvflann7anyimpl16small_any_policyIfE9get_valueEPPv
FNDA:0,_ZN7cvflann7anyimpl16small_any_policyIfE9get_valueEPPv
FN:74,_ZN7cvflann7anyimpl16small_any_policyIiE9get_valueEPPv
FNDA:0,_ZN7cvflann7anyimpl16small_any_policyIiE9get_valueEPPv
FN:74,_ZN7cvflann7anyimpl16small_any_policyIbE9get_valueEPPv
FNDA:0,_ZN7cvflann7anyimpl16small_any_policyIbE9get_valueEPPv
FN:75,_ZN7cvflann7anyimpl16small_any_policyIbE9get_valueEPKPv
FNDA:0,_ZN7cvflann7anyimpl16small_any_policyIbE9get_valueEPKPv
FN:75,_ZN7cvflann7anyimpl16small_any_policyIjE9get_valueEPKPv
FNDA:0,_ZN7cvflann7anyimpl16small_any_policyIjE9get_valueEPKPv
FN:75,_ZN7cvflann7anyimpl16small_any_policyIfE9get_valueEPKPv
FNDA:0,_ZN7cvflann7anyimpl16small_any_policyIfE9get_valueEPKPv
FN:75,_ZN7cvflann7anyimpl16small_any_policyIiE9get_valueEPKPv
FNDA:0,_ZN7cvflann7anyimpl16small_any_policyIiE9get_valueEPKPv
FN:75,_ZN7cvflann7anyimpl16small_any_policyIPKcE9get_valueEPKPv
FNDA:0,_ZN7cvflann7anyimpl16small_any_policyIPKcE9get_valueEPKPv
FN:76,_ZN7cvflann7anyimpl16small_any_policyIfE5printERSoPKPv
FNDA:0,_ZN7cvflann7anyimpl16small_any_policyIfE5printERSoPKPv
FN:76,_ZN7cvflann7anyimpl16small_any_policyIPKcE5printERSoPKPv
FNDA:0,_ZN7cvflann7anyimpl16small_any_policyIPKcE5printERSoPKPv
FN:76,_ZN7cvflann7anyimpl16small_any_policyIiE5printERSoPKPv
FNDA:0,_ZN7cvflann7anyimpl16small_any_policyIiE5printERSoPKPv
FN:76,_ZN7cvflann7anyimpl16small_any_policyIjE5printERSoPKPv
FNDA:0,_ZN7cvflann7anyimpl16small_any_policyIjE5printERSoPKPv
FN:76,_ZN7cvflann7anyimpl16small_any_policyIbE5printERSoPKPv
FNDA:0,_ZN7cvflann7anyimpl16small_any_policyIbE5printERSoPKPv
FN:82,_ZN7cvflann7anyimpl14big_any_policyINS0_9empty_anyEE13static_deleteEPPv
FNDA:0,_ZN7cvflann7anyimpl14big_any_policyINS0_9empty_anyEE13static_deleteEPPv
FN:82,_ZN7cvflann7anyimpl14big_any_policyINSt7__cxx1112basic_stringIcSt11char_traitsIcESaIcEEEE13static_deleteEPPv
FNDA:0,_ZN7cvflann7anyimpl14big_any_policyINSt7__cxx1112basic_stringIcSt11char_traitsIcESaIcEEEE13static_deleteEPPv
FN:82,_ZN7cvflann7anyimpl14big_any_policyINS_20flann_centers_init_tEE13static_deleteEPPv
FNDA:0,_ZN7cvflann7anyimpl14big_any_policyINS_20flann_centers_init_tEE13static_deleteEPPv
FN:82,_ZN7cvflann7anyimpl14big_any_policyINS_17flann_algorithm_tEE13static_deleteEPPv
FNDA:0,_ZN7cvflann7anyimpl14big_any_policyINS_17flann_algorithm_tEE13static_deleteEPPv
FN:87,_ZN7cvflann7anyimpl14big_any_policyINSt7__cxx1112basic_stringIcSt11char_traitsIcESaIcEEEE15copy_from_valueEPKvPPv
FNDA:0,_ZN7cvflann7anyimpl14big_any_policyINSt7__cxx1112basic_stringIcSt11char_traitsIcESaIcEEEE15copy_from_valueEPKvPPv
FN:87,_ZN7cvflann7anyimpl14big_any_policyINS_20flann_centers_init_tEE15copy_from_valueEPKvPPv
FNDA:0,_ZN7cvflann7anyimpl14big_any_policyINS_20flann_centers_init_tEE15copy_from_valueEPKvPPv
FN:87,_ZN7cvflann7anyimpl14big_any_policyINS_17flann_algorithm_tEE15copy_from_valueEPKvPPv
FNDA:0,_ZN7cvflann7anyimpl14big_any_policyINS_17flann_algorithm_tEE15copy_from_valueEPKvPPv
FN:87,_ZN7cvflann7anyimpl14big_any_policyINS0_9empty_anyEE15copy_from_valueEPKvPPv
FNDA:0,_ZN7cvflann7anyimpl14big_any_policyINS0_9empty_anyEE15copy_from_valueEPKvPPv
FN:91,_ZN7cvflann7anyimpl14big_any_policyINS_17flann_algorithm_tEE5cloneEPKPvPS4_
FNDA:0,_ZN7cvflann7anyimpl14big_any_policyINS_17flann_algorithm_tEE5cloneEPKPvPS4_
FN:91,_ZN7cvflann7anyimpl14big_any_policyINS_20flann_centers_init_tEE5cloneEPKPvPS4_
FNDA:0,_ZN7cvflann7anyimpl14big_any_policyINS_20flann_centers_init_tEE5cloneEPKPvPS4_
FN:91,_ZN7cvflann7anyimpl14big_any_policyINS0_9empty_anyEE5cloneEPKPvPS4_
FNDA:0,_ZN7cvflann7anyimpl14big_any_policyINS0_9empty_anyEE5cloneEPKPvPS4_
FN:91,_ZN7cvflann7anyimpl14big_any_policyINSt7__cxx1112basic_stringIcSt11char_traitsIcESaIcEEEE5cloneEPKPvPS9_
FNDA:0,_ZN7cvflann7anyimpl14big_any_policyINSt7__cxx1112basic_stringIcSt11char_traitsIcESaIcEEEE5cloneEPKPvPS9_
FN:95,_ZN7cvflann7anyimpl14big_any_policyINS0_9empty_anyEE4moveEPKPvPS4_
FNDA:0,_ZN7cvflann7anyimpl14big_any_policyINS0_9empty_anyEE4moveEPKPvPS4_
FN:95,_ZN7cvflann7anyimpl14big_any_policyINS_17flann_algorithm_tEE4moveEPKPvPS4_
FNDA:0,_ZN7cvflann7anyimpl14big_any_policyINS_17flann_algorithm_tEE4moveEPKPvPS4_
FN:95,_ZN7cvflann7anyimpl14big_any_policyINS_20flann_centers_init_tEE4moveEPKPvPS4_
FNDA:0,_ZN7cvflann7anyimpl14big_any_policyINS_20flann_centers_init_tEE4moveEPKPvPS4_
FN:95,_ZN7cvflann7anyimpl14big_any_policyINSt7__cxx1112basic_stringIcSt11char_traitsIcESaIcEEEE4moveEPKPvPS9_
FNDA:0,_ZN7cvflann7anyimpl14big_any_policyINSt7__cxx1112basic_stringIcSt11char_traitsIcESaIcEEEE4moveEPKPvPS9_
FN:100,_ZN7cvflann7anyimpl14big_any_policyINS0_9empty_anyEE9get_valueEPPv
FNDA:0,_ZN7cvflann7anyimpl14big_any_policyINS0_9empty_anyEE9get_valueEPPv
FN:100,_ZN7cvflann7anyimpl14big_any_policyINSt7__cxx1112basic_stringIcSt11char_traitsIcESaIcEEEE9get_valueEPPv
FNDA:0,_ZN7cvflann7anyimpl14big_any_policyINSt7__cxx1112basic_stringIcSt11char_traitsIcESaIcEEEE9get_valueEPPv
FN:100,_ZN7cvflann7anyimpl14big_any_policyINS_17flann_algorithm_tEE9get_valueEPPv
FNDA:0,_ZN7cvflann7anyimpl14big_any_policyINS_17flann_algorithm_tEE9get_valueEPPv
FN:100,_ZN7cvflann7anyimpl14big_any_policyINS_20flann_centers_init_tEE9get_valueEPPv
FNDA:0,_ZN7cvflann7anyimpl14big_any_policyINS_20flann_centers_init_tEE9get_valueEPPv
FN:101,_ZN7cvflann7anyimpl14big_any_policyINSt7__cxx1112basic_stringIcSt11char_traitsIcESaIcEEEE9get_valueEPKPv
FNDA:0,_ZN7cvflann7anyimpl14big_any_policyINSt7__cxx1112basic_stringIcSt11char_traitsIcESaIcEEEE9get_valueEPKPv
FN:101,_ZN7cvflann7anyimpl14big_any_policyINS0_9empty_anyEE9get_valueEPKPv
FNDA:0,_ZN7cvflann7anyimpl14big_any_policyINS0_9empty_anyEE9get_valueEPKPv
FN:101,_ZN7cvflann7anyimpl14big_any_policyINS_17flann_algorithm_tEE9get_valueEPKPv
FNDA:0,_ZN7cvflann7anyimpl14big_any_policyINS_17flann_algorithm_tEE9get_valueEPKPv
FN:101,_ZN7cvflann7anyimpl14big_any_policyINS_20flann_centers_init_tEE9get_valueEPKPv
FNDA:0,_ZN7cvflann7anyimpl14big_any_policyINS_20flann_centers_init_tEE9get_valueEPKPv
FN:102,_ZN7cvflann7anyimpl14big_any_policyINS0_9empty_anyEE5printERSoPKPv
FNDA:0,_ZN7cvflann7anyimpl14big_any_policyINS0_9empty_anyEE5printERSoPKPv
FN:105,_ZN7cvflann7anyimpl14big_any_policyINS_20flann_centers_init_tEE5printERSoPKPv
FNDA:0,_ZN7cvflann7anyimpl14big_any_policyINS_20flann_centers_init_tEE5printERSoPKPv
FN:110,_ZN7cvflann7anyimpl14big_any_policyINS_17flann_algorithm_tEE5printERSoPKPv
FNDA:0,_ZN7cvflann7anyimpl14big_any_policyINS_17flann_algorithm_tEE5printERSoPKPv
FN:115,_ZN7cvflann7anyimpl14big_any_policyINSt7__cxx1112basic_stringIcSt11char_traitsIcESaIcEEEE5printERSoPKPv
FNDA:0,_ZN7cvflann7anyimpl14big_any_policyINSt7__cxx1112basic_stringIcSt11char_traitsIcESaIcEEEE5printERSoPKPv
DA:36,0
DA:38,0
DA:39,0
DA:53,0
DA:53,9
DA:59,0
DA:59,0
DA:59,0
DA:59,0
DA:59,0
DA:59,0
DA:59,0
DA:59,0
DA:59,0
DA:60,0
DA:60,0
DA:60,0
DA:60,0
DA:60,0
DA:60,0
DA:60,0
DA:60,0
DA:60,0
DA:67,0
DA:67,0
DA:67,0
DA:67,0
DA:67,0
DA:68,0
DA:70,0
DA:71,0
DA:68,0
DA:70,0
DA:71,0
DA:68,0
DA:70,0
DA:71,0
DA:68,0
DA:70,0
DA:71,0
DA:68,0
DA:70,0
DA:71,0
DA:72,0
DA:72,0
DA:72,0
DA:72,0
DA:72,0
DA:73,0
DA:73,0
DA:73,0
DA:73,0
DA:73,0
DA:74,0
DA:74,0
DA:74,0
DA:74,0
DA:74,0
DA:75,0
DA:75,0
DA:75,0
DA:75,0
DA:75,0
DA:76,0
DA:76,0
DA:76,0
DA:76,0
DA:76,0
DA:82,0
DA:84,0
BRDA:84,0,0,-
BRDA:84,0,1,-
BRDA:84,0,2,-
BRDA:84,0,3,-
DA:85,0
DA:86,0
DA:82,0
DA:84,0
BRDA:84,0,0,-
BRDA:84,0,1,-
BRDA:84,0,2,-
BRDA:84,0,3,-
DA:85,0
DA:86,0
DA:82,0
DA:84,0
BRDA:84,0,0,-
BRDA:84,0,1,-
BRDA:84,0,2,-
BRDA:84,0,3,-
DA:85,0
DA:86,0
DA:82,0
DA:84,0
BRDA:84,0,0,-
BRDA:84,0,1,-
BRDA:84,0,2,-
BRDA:84,0,3,-
DA:85,0
DA:86,0
DA:87,0
DA:89,0
DA:90,0
DA:87,0
DA:89,0
DA:90,0
DA:87,0
DA:89,0
BRDA:89,0,0,-
BRDA:89,0,1,-
DA:90,0
DA:87,0
DA:89,0
DA:90,0
DA:91,0
DA:93,0
DA:94,0
DA:91,0
DA:93,0
DA:94,0
DA:91,0
DA:93,0
BRDA:93,0,0,-
BRDA:93,0,1,-
DA:94,0
DA:91,0
DA:93,0
DA:94,0
DA:95,0
DA:97,0
DA:98,0
DA:99,0
DA:95,0
DA:97,0
DA:98,0
DA:99,0
DA:95,0
DA:97,0
DA:98,0
DA:99,0
DA:95,0
DA:97,0
DA:99,0
DA:100,0
DA:100,0
DA:100,0
DA:100,0
DA:101,0
DA:101,0
DA:101,0
DA:101,0
DA:102,0
DA:105,0
DA:107,0
DA:108,0
DA:110,0
DA:112,0
DA:113,0
DA:115,0
DA:117,0
DA:118,0
end_of_record
SF:/usr/include/c++/9/bits/alloc_traits.h
FN:513,_ZNSt16allocator_traitsISaIcEE37select_on_container_copy_constructionERKS0_
FNDA:0,_ZNSt16allocator_traitsISaIcEE37select_on_container_copy_constructionERKS0_
DA:513,0
DA:514,0
end_of_record
SF:/usr/include/c++/9/bits/move.h
FN:99,_ZSt4moveIRSaIcEEONSt16remove_referenceIT_E4typeEOS3_
FNDA:0,_ZSt4moveIRSaIcEEONSt16remove_referenceIT_E4typeEOS3_
DA:99,0
DA:100,0
end_of_record
SF:/usr/include/c++/9/bits/stl_iterator_base_funcs.h
FN:98,_ZSt10__distanceIPcENSt15iterator_traitsIT_E15difference_typeES2_S2_St26random_access_iterator_tag
FNDA:0,_ZSt10__distanceIPcENSt15iterator_traitsIT_E15difference_typeES2_S2_St26random_access_iterator_tag
FN:98,_ZSt10__distanceIPKcENSt15iterator_traitsIT_E15difference_typeES3_S3_St26random_access_iterator_tag
FNDA:102,_ZSt10__distanceIPKcENSt15iterator_traitsIT_E15difference_typeES3_S3_St26random_access_iterator_tag
FN:138,_ZSt8distanceIPcENSt15iterator_traitsIT_E15difference_typeES2_S2_
FNDA:0,_ZSt8distanceIPcENSt15iterator_traitsIT_E15difference_typeES2_S2_
FN:138,_ZSt8distanceIPKcENSt15iterator_traitsIT_E15difference_typeES3_S3_
FNDA:102,_ZSt8distanceIPKcENSt15iterator_traitsIT_E15difference_typeES3_S3_
DA:98,0
DA:104,0
DA:98,102
DA:104,102
DA:138,0
DA:141,0
DA:142,0
DA:138,102
DA:141,102
DA:142,204
end_of_record
SF:/usr/include/c++/9/bits/basic_string.tcc
FN:206,_ZNSt7__cxx1112basic_stringIcSt11char_traitsIcESaIcEE12_M_constructIPcEEvT_S7_St20forward_iterator_tag
FNDA:0,_ZNSt7__cxx1112basic_stringIcSt11char_traitsIcESaIcEE12_M_constructIPcEEvT_S7_St20forward_iterator_tag
FN:206,_ZNSt7__cxx1112basic_stringIcSt11char_traitsIcESaIcEE12_M_constructIPKcEEvT_S8_St20forward_iterator_tag
FNDA:102,_ZNSt7__cxx1112basic_stringIcSt11char_traitsIcESaIcEE12_M_constructIPKcEEvT_S8_St20forward_iterator_tag
DA:206,0
DA:211,0
BRDA:211,0,0,-
BRDA:211,0,1,-
BRDA:211,0,2,-
BRDA:211,0,3,-
BRDA:211,0,4,-
BRDA:211,0,5,-
DA:212,0
DA:215,0
BRDA:215,0,0,-
BRDA:215,0,1,-
DA:217,0
BRDA:217,0,0,-
BRDA:217,0,1,-
DA:219,0
BRDA:219,0,0,-
BRDA:219,0,1,-
BRDA:219,0,2,-
BRDA:219,0,3,-
DA:220,0
BRDA:220,0,0,-
BRDA:220,0,1,-
DA:225,0
BRDA:225,0,0,-
BRDA:225,0,1,-
DA:226,0
DA:228,0
BRDA:228,0,0,0
BRDA:228,0,1,0
DA:229,0
DA:232,0
BRDA:232,0,0,-
BRDA:232,0,1,-
DA:233,0
DA:206,102
DA:211,102
BRDA:211,0,0,0
BRDA:211,0,1,102
BRDA:211,0,2,0
BRDA:211,0,3,0
BRDA:211,0,4,0
BRDA:211,0,5,102
DA:212,0
DA:215,102
BRDA:215,0,0,102
BRDA:215,0,1,0
DA:217,102
BRDA:217,0,0,1
BRDA:217,0,1,101
DA:219,1
BRDA:219,0,0,1
BRDA:219,0,1,0
BRDA:219,0,2,1
BRDA:219,0,3,0
DA:220,1
BRDA:220,0,0,1
BRDA:220,0,1,0
DA:225,102
BRDA:225,0,0,102
BRDA:225,0,1,0
DA:226,0
DA:228,0
BRDA:228,0,0,0
BRDA:228,0,1,0
DA:229,0
DA:232,102
BRDA:232,0,0,102
BRDA:232,0,1,0
DA:233,102
end_of_record
SF:/usr/include/opencv4/opencv2/core/utility.hpp
FN:314,_ZN2cv9TickMeterC2Ev
FNDA:1,_ZN2cv9TickMeterC2Ev
FN:322,_ZN2cv9TickMeter5startEv
FNDA:1,_ZN2cv9TickMeter5startEv
FN:330,_ZN2cv9TickMeter4stopEv
FNDA:1,_ZN2cv9TickMeter4stopEv
FN:343,_ZNK2cv9TickMeter12getTimeTicksEv
FNDA:1,_ZNK2cv9TickMeter12getTimeTicksEv
FN:359,_ZNK2cv9TickMeter12getTimeMilliEv
FNDA:1,_ZNK2cv9TickMeter12getTimeMilliEv
FN:367,_ZNK2cv9TickMeter10getTimeSecEv
FNDA:1,_ZNK2cv9TickMeter10getTimeSecEv
FN:383,_ZN2cv9TickMeter5resetEv
FNDA:1,_ZN2cv9TickMeter5resetEv
DA:314,1
DA:315,1
DA:316,1
DA:317,1
DA:322,1
DA:324,1
DA:325,1
DA:330,1
DA:332,1
DA:333,1
BRDA:333,0,0,0
BRDA:333,0,1,1
DA:334,0
DA:335,1
DA:336,1
DA:337,1
DA:343,1
DA:345,1
DA:359,1
DA:361,1
DA:367,1
DA:369,1
DA:383,1
DA:385,1
DA:386,1
DA:387,1
DA:388,1
end_of_record
SF:/usr/include/opencv4/opencv2/core/mat.inl.hpp
FN:76,_ZN2cv11_InputArray4initEiPKv
FNDA:2103,_ZN2cv11_InputArray4initEiPKv
FN:86,_ZN2cv11_InputArrayC2Ev
FNDA:701,_ZN2cv11_InputArrayC2Ev
FN:88,_ZN2cv11_InputArrayC2ERKNS_3MatE
FNDA:1,_ZN2cv11_InputArrayC2ERKNS_3MatE
FN:166,_ZN2cv11_InputArrayD2Ev
FNDA:702,_ZN2cv11_InputArrayD2Ev
FN:188,_ZN2cv12_OutputArrayC2Ev
FNDA:700,_ZN2cv12_OutputArrayC2Ev
FN:190,_ZN2cv12_OutputArrayC2ERNS_3MatE
FNDA:1,_ZN2cv12_OutputArrayC2ERNS_3MatE
FN:316,_ZN2cv17_InputOutputArrayC2ERNS_3MatE
FNDA:700,_ZN2cv17_InputOutputArrayC2ERNS_3MatE
FN:450,_ZN2cv3MatC2Ev
FNDA:1,_ZN2cv3MatC2Ev
FN:735,_ZN2cv3MatD2Ev
FNDA:2,_ZN2cv3MatD2Ev
FN:808,_ZNK2cv3Mat5cloneEv
FNDA:1,_ZNK2cv3Mat5cloneEv
FN:848,_ZN2cv3Mat7releaseEv
FNDA:2,_ZN2cv3Mat7releaseEv
FN:943,_ZNK2cv3Mat5emptyEv
FNDA:1,_ZNK2cv3Mat5emptyEv
FN:949,_ZNK2cv3Mat5totalEv
FNDA:1,_ZNK2cv3Mat5totalEv
FN:971,_ZN2cv3Mat3ptrEi
FNDA:1,_ZN2cv3Mat3ptrEi
FN:1444,_ZN2cv7MatSizeC2EPi
FNDA:1,_ZN2cv7MatSizeC2EPi
FN:1461,_ZNK2cv7MatSizeixEi
FNDA:0,_ZNK2cv7MatSizeixEi
FN:1519,_ZN2cv7MatStepC2Em
FNDA:1,_ZN2cv7MatStepC2Em
FN:1536,_ZNK2cv7MatStepcvmEv
FNDA:1,_ZNK2cv7MatStepcvmEv
DA:76,2103
DA:77,2103
DA:86,701
DA:88,1
DA:166,702
DA:188,700
DA:190,1
DA:316,700
DA:450,1
DA:452,1
DA:453,1
DA:735,4
DA:737,2
DA:738,2
BRDA:738,0,0,0
BRDA:738,0,1,2
DA:739,0
DA:740,2
DA:808,1
DA:810,1
DA:811,1
BRDA:811,0,0,1
BRDA:811,0,1,0
BRDA:811,0,2,1
BRDA:811,0,3,0
DA:812,1
DA:848,2
DA:850,2
BRDA:850,0,0,2
BRDA:850,0,1,0
BRDA:850,0,2,2
BRDA:850,0,3,0
BRDA:850,0,4,2
BRDA:850,0,5,0
DA:851,2
DA:852,2
DA:853,2
DA:854,6
BRDA:854,0,0,4
BRDA:854,0,1,2
DA:855,4
DA:866,2
DA:943,1
DA:945,1
BRDA:945,0,0,1
BRDA:945,0,1,0
BRDA:945,0,2,1
BRDA:945,0,3,0
BRDA:945,0,4,0
BRDA:945,0,5,1
DA:949,1
DA:951,1
BRDA:951,0,0,1
BRDA:951,0,1,0
DA:952,1
DA:953,0
DA:954,0
BRDA:954,0,0,-
BRDA:954,0,1,-
DA:955,0
DA:956,0
DA:971,1
DA:974,1
DA:1444,1
DA:1445,1
DA:1461,0
DA:1467,0
DA:1519,1
DA:1521,1
DA:1522,1
DA:1536,1
DA:1539,1
end_of_record
SF:/usr/include/c++/9/bits/char_traits.h
FN:100,_ZN9__gnu_cxx11char_traitsIcE2eqERKcS3_
FNDA:0,_ZN9__gnu_cxx11char_traitsIcE2eqERKcS3_
FN:161,_ZN9__gnu_cxx11char_traitsIcE6lengthEPKc
FNDA:0,_ZN9__gnu_cxx11char_traitsIcE6lengthEPKc
FN:336,_ZNSt11char_traitsIcE6lengthEPKc
FNDA:102,_ZNSt11char_traitsIcE6lengthEPKc
DA:100,0
DA:101,0
DA:161,0
DA:164,0
DA:165,0
BRDA:165,0,0,-
BRDA:165,0,1,-
DA:166,0
DA:167,0
DA:236,102
DA:336,102
DA:339,102
BRDA:339,0,0,0
BRDA:339,0,1,102
DA:340,0
DA:342,102
end_of_record
SF:/usr/include/c++/9/ext/type_traits.h
FN:152,_ZN9__gnu_cxx17__is_null_pointerIcEEbPT_
FNDA:0,_ZN9__gnu_cxx17__is_null_pointerIcEEbPT_
FN:152,_ZN9__gnu_cxx17__is_null_pointerIKcEEbPT_
FNDA:102,_ZN9__gnu_cxx17__is_null_pointerIKcEEbPT_
DA:152,0
DA:153,0
DA:152,102
DA:153,102
end_of_record
SF:/usr/include/opencv4/opencv2/core/mat.hpp
end_of_record
SF:/usr/include/c++/9/new
FN:173,_ZnwmPv
FNDA:6381,_ZnwmPv
DA:173,6381
DA:174,6381
end_of_record
SF:/usr/include/opencv4/opencv2/core/matx.hpp
FN:536,_ZN2cv4MatxIdLi4ELi1EEC2Ev
FNDA:700,_ZN2cv4MatxIdLi4ELi1EEC2Ev
FN:969,_ZN2cv3VecIdLi4EEC2Ev
FNDA:700,_ZN2cv3VecIdLi4EEC2Ev
DA:536,700
DA:538,3500
BRDA:538,0,0,2800
BRDA:538,0,1,700
DA:539,700
DA:969,700
end_of_record
