TN:
SF:/usr/include/c++/9/bits/stl_construct.h
FN:117,_ZNSt12_Destroy_auxILb1EE9__destroyIP9FaceRect_EEvT_S4_
FNDA:0,_ZNSt12_Destroy_auxILb1EE9__destroyIP9FaceRect_EEvT_S4_
FN:127,_ZSt8_DestroyIP9FaceRect_EvT_S2_
FNDA:0,_ZSt8_DestroyIP9FaceRect_EvT_S2_
FN:203,_ZSt8_DestroyIP9FaceRect_S0_EvT_S2_RSaIT0_E
FNDA:0,_ZSt8_DestroyIP9FaceRect_S0_EvT_S2_RSaIT0_E
DA:117,0
DA:127,0
DA:137,0
DA:138,0
DA:203,0
DA:206,0
DA:207,0
end_of_record
SF:/usr/include/c++/9/bits/alloc_traits.h
FN:468,_ZNSt16allocator_traitsISaI9FaceRect_EE10deallocateERS1_PS0_m
FNDA:0,_ZNSt16allocator_traitsISaI9FaceRect_EE10deallocateERS1_PS0_m
DA:468,0
DA:469,0
end_of_record
SF:/usr/include/c++/9/new
FN:173,_ZnwmPv
FNDA:0,_ZnwmPv
DA:173,0
DA:174,0
end_of_record
SF:/usr/include/c++/9/bits/allocator.h
FN:152,_ZNSaI9FaceRect_ED2Ev
FNDA:0,_ZNSaI9FaceRect_ED2Ev
DA:152,0
end_of_record
SF:/usr/include/c++/9/typeinfo
FN:120,_ZNKSt9type_infoeqERKS_
FNDA:159,_ZNKSt9type_infoeqERKS_
FN:136,_ZNKSt9type_infoneERKS_
FNDA:159,_ZNKSt9type_infoneERKS_
DA:120,159
DA:122,159
DA:123,159
BRDA:123,0,0,0
BRDA:123,0,1,159
BRDA:123,0,2,0
BRDA:123,0,3,0
DA:124,159
BRDA:124,0,0,0
BRDA:124,0,1,0
DA:136,159
DA:137,159
end_of_record
SF:/home/marija/Documents/2023_Analysis_libfacedetection/libfacedetection/src/facedetectcnn.h
FN:142,_ZN9CDataBlobIfEC2Ev
FNDA:406,_ZN9CDataBlobIfEC2Ev
FN:156,_ZN9CDataBlobIfED2Ev
FNDA:0,_ZN9CDataBlobIfED2Ev
FN:161,_ZN9CDataBlobIfEC2EOS0_
FNDA:625,_ZN9CDataBlobIfEC2EOS0_
FN:170,_ZN9CDataBlobIfEaSEOS0_
FNDA:625,_ZN9CDataBlobIfEaSEOS0_
FN:176,_ZN9CDataBlobIfE7setNULLEv
FNDA:0,_ZN9CDataBlobIfE7setNULLEv
FN:195,_ZN9CDataBlobIfE6createEiii
FNDA:0,_ZN9CDataBlobIfE6createEiii
FN:242,_ZN9CDataBlobIfE3ptrEii
FNDA:0,_ZN9CDataBlobIfE3ptrEii
FN:350,_ZN7FiltersIfEC2Ev
FNDA:53,_ZN7FiltersIfEC2Ev
FN:359,_ZN7FiltersIfEaSER15ConvInfoStruct_
FNDA:53,_ZN7FiltersIfEaSER15ConvInfoStruct_
DA:142,406
DA:143,406
DA:144,406
DA:145,406
DA:146,406
DA:147,406
DA:148,406
DA:156,0
DA:158,0
DA:159,0
DA:161,625
DA:162,625
DA:163,625
DA:164,625
DA:165,625
DA:166,625
DA:167,625
DA:168,625
DA:170,625
DA:171,625
DA:172,625
DA:173,625
DA:176,0
DA:178,0
BRDA:178,0,0,-
BRDA:178,0,1,-
DA:179,0
DA:180,0
DA:181,0
DA:182,0
DA:195,0
DA:197,0
DA:199,0
DA:200,0
DA:201,0
DA:204,0
DA:205,0
BRDA:205,0,0,-
BRDA:205,0,1,-
DA:206,0
DA:208,0
DA:209,0
DA:211,0
BRDA:211,0,0,-
BRDA:211,0,1,-
DA:213,0
DA:214,0
DA:215,0
DA:216,0
DA:217,0
DA:239,0
DA:242,0
DA:244,0
BRDA:244,0,0,-
BRDA:244,0,1,-
BRDA:244,0,2,-
BRDA:244,0,3,-
BRDA:244,0,4,-
BRDA:244,0,5,-
BRDA:244,0,6,-
BRDA:244,0,7,-
DA:245,0
DA:247,0
DA:350,53
DA:351,53
DA:352,53
DA:353,53
DA:354,53
DA:355,53
DA:356,53
DA:357,53
DA:359,53
DA:361,53
BRDA:361,0,0,0
BRDA:361,0,1,53
DA:363,0
DA:364,0
DA:366,106
BRDA:366,0,0,53
BRDA:366,0,1,0
BRDA:366,0,2,0
BRDA:366,0,3,53
BRDA:366,0,4,0
BRDA:366,0,5,53
DA:367,53
DA:369,0
DA:370,0
DA:373,53
DA:374,53
DA:375,53
DA:376,53
DA:377,53
DA:379,53
BRDA:379,0,0,27
BRDA:379,0,1,26
BRDA:379,0,2,27
BRDA:379,0,3,0
DA:381,27
DA:383,26
BRDA:383,0,0,26
BRDA:383,0,1,0
BRDA:383,0,2,26
BRDA:383,0,3,0
DA:385,26
DA:389,0
DA:390,0
DA:393,53
DA:396,1087
BRDA:396,0,0,1034
BRDA:396,0,1,53
DA:397,1034
DA:398,1034
DA:399,1034
DA:400,53
DA:402,53
end_of_record
SF:/usr/include/c++/9/bits/stl_vector.h
FN:273,_ZNSt12_Vector_baseI9FaceRect_SaIS0_EE19_M_get_Tp_allocatorEv
FNDA:0,_ZNSt12_Vector_baseI9FaceRect_SaIS0_EE19_M_get_Tp_allocatorEv
FN:330,_ZNSt12_Vector_baseI9FaceRect_SaIS0_EED2Ev
FNDA:0,_ZNSt12_Vector_baseI9FaceRect_SaIS0_EED2Ev
FN:347,_ZNSt12_Vector_baseI9FaceRect_SaIS0_EE13_M_deallocateEPS0_m
FNDA:0,_ZNSt12_Vector_baseI9FaceRect_SaIS0_EE13_M_deallocateEPS0_m
FN:675,_ZNSt6vectorI9FaceRect_SaIS0_EED2Ev
FNDA:0,_ZNSt6vectorI9FaceRect_SaIS0_EED2Ev
FN:915,_ZNKSt6vectorI9FaceRect_SaIS0_EE4sizeEv
FNDA:0,_ZNKSt6vectorI9FaceRect_SaIS0_EE4sizeEv
FN:1040,_ZNSt6vectorI9FaceRect_SaIS0_EEixEm
FNDA:405,_ZNSt6vectorI9FaceRect_SaIS0_EEixEm
DA:273,0
DA:274,0
DA:330,0
DA:332,0
DA:333,0
DA:334,0
DA:347,0
DA:350,0
BRDA:350,0,0,-
BRDA:350,0,1,-
DA:351,0
DA:352,0
DA:675,0
DA:677,0
DA:678,0
DA:680,0
DA:915,0
DA:916,0
DA:1040,405
DA:1043,405
end_of_record
SF:/home/marija/Documents/2023_Analysis_libfacedetection/libfacedetection/src/facedetectcnn-model.cpp
FN:64,_Z15init_parametersv
FNDA:1,_Z15init_parametersv
FN:70,_Z16objectdetect_cnnPhiii
FNDA:25,_Z16objectdetect_cnnPhiii
FN:206,_Z14facedetect_cnnPhS_iii
FNDA:25,_Z14facedetect_cnnPhS_iii
DA:64,1
DA:66,54
BRDA:66,0,0,53
BRDA:66,0,1,1
DA:67,53
DA:68,1
DA:70,25
DA:74,25
BRDA:74,0,0,1
BRDA:74,0,1,24
DA:76,1
BRDA:76,0,0,1
BRDA:76,0,1,0
DA:77,1
DA:83,50
BRDA:83,0,0,25
BRDA:83,0,1,0
DA:88,25
BRDA:88,0,0,25
BRDA:88,0,1,0
BRDA:88,0,2,25
BRDA:88,0,3,0
DA:92,25
BRDA:92,0,0,25
BRDA:92,0,1,0
BRDA:92,0,2,25
BRDA:92,0,3,0
DA:96,25
BRDA:96,0,0,25
BRDA:96,0,1,0
BRDA:96,0,2,25
BRDA:96,0,3,0
DA:101,25
BRDA:101,0,0,25
BRDA:101,0,1,0
BRDA:101,0,2,25
BRDA:101,0,3,0
DA:106,25
BRDA:106,0,0,25
BRDA:106,0,1,0
BRDA:106,0,2,25
BRDA:106,0,3,0
DA:111,25
BRDA:111,0,0,25
BRDA:111,0,1,0
BRDA:111,0,2,25
BRDA:111,0,3,0
DA:115,50
BRDA:115,0,0,25
BRDA:115,0,1,0
DA:120,25
BRDA:120,0,0,25
BRDA:120,0,1,0
BRDA:120,0,2,25
BRDA:120,0,3,0
DA:124,50
BRDA:124,0,0,25
BRDA:124,0,1,0
DA:129,25
BRDA:129,0,0,25
BRDA:129,0,1,0
BRDA:129,0,2,25
BRDA:129,0,3,0
DA:133,50
BRDA:133,0,0,25
BRDA:133,0,1,0
DA:136,650
BRDA:136,0,0,75
BRDA:136,0,1,25
BRDA:136,0,2,75
BRDA:136,0,3,25
BRDA:136,0,4,75
BRDA:136,0,5,25
BRDA:136,0,6,75
BRDA:136,0,7,25
BRDA:136,0,8,75
BRDA:136,0,9,25
BRDA:136,0,10,75
BRDA:136,0,11,25
BRDA:136,0,12,75
BRDA:136,0,13,25
BRDA:136,0,14,75
BRDA:136,0,15,25
BRDA:136,0,16,0
BRDA:136,0,17,0
BRDA:136,0,18,0
BRDA:136,0,19,0
BRDA:136,0,20,0
BRDA:136,0,21,0
BRDA:136,0,22,0
BRDA:136,0,23,0
DA:139,25
BRDA:139,0,0,25
BRDA:139,0,1,0
BRDA:139,0,2,25
BRDA:139,0,3,0
DA:140,25
BRDA:140,0,0,25
BRDA:140,0,1,0
BRDA:140,0,2,25
BRDA:140,0,3,0
DA:141,25
BRDA:141,0,0,25
BRDA:141,0,1,0
BRDA:141,0,2,25
BRDA:141,0,3,0
DA:142,25
BRDA:142,0,0,25
BRDA:142,0,1,0
BRDA:142,0,2,25
BRDA:142,0,3,0
DA:143,25
BRDA:143,0,0,25
BRDA:143,0,1,0
BRDA:143,0,2,25
BRDA:143,0,3,0
DA:148,25
BRDA:148,0,0,25
BRDA:148,0,1,0
BRDA:148,0,2,25
BRDA:148,0,3,0
BRDA:148,0,4,25
BRDA:148,0,5,0
DA:153,25
BRDA:153,0,0,25
BRDA:153,0,1,0
BRDA:153,0,2,25
BRDA:153,0,3,0
DA:154,25
BRDA:154,0,0,25
BRDA:154,0,1,0
BRDA:154,0,2,25
BRDA:154,0,3,0
DA:155,25
BRDA:155,0,0,25
BRDA:155,0,1,0
BRDA:155,0,2,25
BRDA:155,0,3,0
DA:156,25
BRDA:156,0,0,25
BRDA:156,0,1,0
BRDA:156,0,2,25
BRDA:156,0,3,0
DA:157,25
BRDA:157,0,0,25
BRDA:157,0,1,0
BRDA:157,0,2,25
BRDA:157,0,3,0
DA:162,25
BRDA:162,0,0,25
BRDA:162,0,1,0
BRDA:162,0,2,25
BRDA:162,0,3,0
BRDA:162,0,4,25
BRDA:162,0,5,0
DA:167,25
BRDA:167,0,0,25
BRDA:167,0,1,0
BRDA:167,0,2,25
BRDA:167,0,3,0
DA:168,25
BRDA:168,0,0,25
BRDA:168,0,1,0
BRDA:168,0,2,25
BRDA:168,0,3,0
DA:169,25
BRDA:169,0,0,25
BRDA:169,0,1,0
BRDA:169,0,2,25
BRDA:169,0,3,0
DA:170,25
BRDA:170,0,0,25
BRDA:170,0,1,0
BRDA:170,0,2,25
BRDA:170,0,3,0
DA:171,25
BRDA:171,0,0,25
BRDA:171,0,1,0
BRDA:171,0,2,25
BRDA:171,0,3,0
DA:176,50
BRDA:176,0,0,25
BRDA:176,0,1,0
DA:177,50
BRDA:177,0,0,25
BRDA:177,0,1,0
DA:178,50
BRDA:178,0,0,25
BRDA:178,0,1,0
DA:183,25
BRDA:183,0,0,25
BRDA:183,0,1,0
DA:184,25
BRDA:184,0,0,25
BRDA:184,0,1,0
DA:185,25
BRDA:185,0,0,25
BRDA:185,0,1,0
DA:187,25
BRDA:187,0,0,25
BRDA:187,0,1,0
DA:188,25
BRDA:188,0,0,25
BRDA:188,0,1,0
DA:189,25
BRDA:189,0,0,25
BRDA:189,0,1,0
DA:191,75
BRDA:191,0,0,25
BRDA:191,0,1,0
BRDA:191,0,2,25
BRDA:191,0,3,0
BRDA:191,0,4,25
BRDA:191,0,5,0
BRDA:191,0,6,25
BRDA:191,0,7,0
DA:192,75
BRDA:192,0,0,25
BRDA:192,0,1,0
BRDA:192,0,2,25
BRDA:192,0,3,0
BRDA:192,0,4,25
BRDA:192,0,5,0
BRDA:192,0,6,25
BRDA:192,0,7,0
DA:193,75
BRDA:193,0,0,25
BRDA:193,0,1,0
BRDA:193,0,2,25
BRDA:193,0,3,0
BRDA:193,0,4,25
BRDA:193,0,5,0
BRDA:193,0,6,25
BRDA:193,0,7,0
DA:194,75
BRDA:194,0,0,25
BRDA:194,0,1,0
BRDA:194,0,2,25
BRDA:194,0,3,0
BRDA:194,0,4,25
BRDA:194,0,5,0
BRDA:194,0,6,25
BRDA:194,0,7,0
DA:196,25
BRDA:196,0,0,25
BRDA:196,0,1,0
DA:197,25
BRDA:197,0,0,25
BRDA:197,0,1,0
DA:201,25
BRDA:201,0,0,25
BRDA:201,0,1,0
DA:203,50
DA:206,25
DA:210,25
BRDA:210,0,0,0
BRDA:210,0,1,25
DA:212,0
BRDA:212,0,0,-
BRDA:212,0,1,-
DA:213,0
DA:217,25
DA:218,25
DA:219,25
DA:220,25
DA:222,25
BRDA:222,0,0,25
BRDA:222,0,1,0
DA:224,25
DA:225,25
DA:227,25
DA:228,25
DA:230,52
BRDA:230,0,0,27
BRDA:230,0,1,25
DA:233,27
DA:234,27
DA:235,27
DA:236,27
DA:237,27
DA:238,27
DA:240,297
BRDA:240,0,0,270
BRDA:240,0,1,27
DA:242,270
DA:246,25
end_of_record
SF:/usr/include/c++/9/iostream
end_of_record
SF:/usr/include/c++/9/ext/new_allocator.h
FN:89,_ZN9__gnu_cxx13new_allocatorI9FaceRect_ED2Ev
FNDA:0,_ZN9__gnu_cxx13new_allocatorI9FaceRect_ED2Ev
FN:119,_ZN9__gnu_cxx13new_allocatorI9FaceRect_E10deallocateEPS1_m
FNDA:0,_ZN9__gnu_cxx13new_allocatorI9FaceRect_E10deallocateEPS1_m
DA:89,0
DA:119,0
DA:128,0
end_of_record
SF:/usr/include/c++/9/bits/move.h
FN:99,_ZSt4moveIR9CDataBlobIfEEONSt16remove_referenceIT_E4typeEOS4_
FNDA:625,_ZSt4moveIR9CDataBlobIfEEONSt16remove_referenceIT_E4typeEOS4_
DA:99,625
DA:100,625
end_of_record
TN:
SF:/usr/include/c++/9/iostream
end_of_record
SF:/home/marija/Documents/2023_Analysis_libfacedetection/libfacedetection/src/facedetectcnn-data.cpp
end_of_record
TN:
SF:/usr/include/c++/9/iostream
end_of_record
SF:/usr/include/opencv4/opencv2/flann/any.h
FN:36,_ZN7cvflann7anyimpllsERSoRKNS0_9empty_anyE
FNDA:0,_ZN7cvflann7anyimpllsERSoRKNS0_9empty_anyE
FN:53,_ZN7cvflann7anyimpl15base_any_policyD2Ev
FNDA:9,_ZN7cvflann7anyimpl15base_any_policyD2Ev
FN:53,_ZN7cvflann7anyimpl15base_any_policyD0Ev
FNDA:0,_ZN7cvflann7anyimpl15base_any_policyD0Ev
FN:59,_ZN7cvflann7anyimpl21typed_base_any_policyINS_20flann_centers_init_tEE8get_sizeEv
FNDA:0,_ZN7cvflann7anyimpl21typed_base_any_policyINS_20flann_centers_init_tEE8get_sizeEv
FN:59,_ZN7cvflann7anyimpl21typed_base_any_policyIjE8get_sizeEv
FNDA:0,_ZN7cvflann7anyimpl21typed_base_any_policyIjE8get_sizeEv
FN:59,_ZN7cvflann7anyimpl21typed_base_any_policyIbE8get_sizeEv
FNDA:0,_ZN7cvflann7anyimpl21typed_base_any_policyIbE8get_sizeEv
FN:59,_ZN7cvflann7anyimpl21typed_base_any_policyIfE8get_sizeEv
FNDA:0,_ZN7cvflann7anyimpl21typed_base_any_policyIfE8get_sizeEv
FN:59,_ZN7cvflann7anyimpl21typed_base_any_policyIiE8get_sizeEv
FNDA:0,_ZN7cvflann7anyimpl21typed_base_any_policyIiE8get_sizeEv
FN:59,_ZN7cvflann7anyimpl21typed_base_any_policyIPKcE8get_sizeEv
FNDA:0,_ZN7cvflann7anyimpl21typed_base_any_policyIPKcE8get_sizeEv
FN:59,_ZN7cvflann7anyimpl21typed_base_any_policyINS0_9empty_anyEE8get_sizeEv
FNDA:0,_ZN7cvflann7anyimpl21typed_base_any_policyINS0_9empty_anyEE8get_sizeEv
FN:59,_ZN7cvflann7anyimpl21typed_base_any_policyINSt7__cxx1112basic_stringIcSt11char_traitsIcESaIcEEEE8get_sizeEv
FNDA:0,_ZN7cvflann7anyimpl21typed_base_any_policyINSt7__cxx1112basic_stringIcSt11char_traitsIcESaIcEEEE8get_sizeEv
FN:59,_ZN7cvflann7anyimpl21typed_base_any_policyINS_17flann_algorithm_tEE8get_sizeEv
FNDA:0,_ZN7cvflann7anyimpl21typed_base_any_policyINS_17flann_algorithm_tEE8get_sizeEv
FN:60,_ZN7cvflann7anyimpl21typed_base_any_policyINS_20flann_centers_init_tEE4typeEv
FNDA:0,_ZN7cvflann7anyimpl21typed_base_any_policyINS_20flann_centers_init_tEE4typeEv
FN:60,_ZN7cvflann7anyimpl21typed_base_any_policyIiE4typeEv
FNDA:0,_ZN7cvflann7anyimpl21typed_base_any_policyIiE4typeEv
FN:60,_ZN7cvflann7anyimpl21typed_base_any_policyINS_17flann_algorithm_tEE4typeEv
FNDA:0,_ZN7cvflann7anyimpl21typed_base_any_policyINS_17flann_algorithm_tEE4typeEv
FN:60,_ZN7cvflann7anyimpl21typed_base_any_policyIPKcE4typeEv
FNDA:0,_ZN7cvflann7anyimpl21typed_base_any_policyIPKcE4typeEv
FN:60,_ZN7cvflann7anyimpl21typed_base_any_policyIfE4typeEv
FNDA:0,_ZN7cvflann7anyimpl21typed_base_any_policyIfE4typeEv
FN:60,_ZN7cvflann7anyimpl21typed_base_any_policyINS0_9empty_anyEE4typeEv
FNDA:0,_ZN7cvflann7anyimpl21typed_base_any_policyINS0_9empty_anyEE4typeEv
FN:60,_ZN7cvflann7anyimpl21typed_base_any_policyIbE4typeEv
FNDA:0,_ZN7cvflann7anyimpl21typed_base_any_policyIbE4typeEv
FN:60,_ZN7cvflann7anyimpl21typed_base_any_policyIjE4typeEv
FNDA:0,_ZN7cvflann7anyimpl21typed_base_any_policyIjE4typeEv
FN:60,_ZN7cvflann7anyimpl21typed_base_any_policyINSt7__cxx1112basic_stringIcSt11char_traitsIcESaIcEEEE4typeEv
FNDA:0,_ZN7cvflann7anyimpl21typed_base_any_policyINSt7__cxx1112basic_stringIcSt11char_traitsIcESaIcEEEE4typeEv
FN:67,_ZN7cvflann7anyimpl16small_any_policyIbE13static_deleteEPPv
FNDA:0,_ZN7cvflann7anyimpl16small_any_policyIbE13static_deleteEPPv
FN:67,_ZN7cvflann7anyimpl16small_any_policyIfE13static_deleteEPPv
FNDA:0,_ZN7cvflann7anyimpl16small_any_policyIfE13static_deleteEPPv
FN:67,_ZN7cvflann7anyimpl16small_any_policyIPKcE13static_deleteEPPv
FNDA:0,_ZN7cvflann7anyimpl16small_any_policyIPKcE13static_deleteEPPv
FN:67,_ZN7cvflann7anyimpl16small_any_policyIjE13static_deleteEPPv
FNDA:0,_ZN7cvflann7anyimpl16small_any_policyIjE13static_deleteEPPv
FN:67,_ZN7cvflann7anyimpl16small_any_policyIiE13static_deleteEPPv
FNDA:0,_ZN7cvflann7anyimpl16small_any_policyIiE13static_deleteEPPv
FN:68,_ZN7cvflann7anyimpl16small_any_policyIbE15copy_from_valueEPKvPPv
FNDA:0,_ZN7cvflann7anyimpl16small_any_policyIbE15copy_from_valueEPKvPPv
FN:68,_ZN7cvflann7anyimpl16small_any_policyIPKcE15copy_from_valueEPKvPPv
FNDA:0,_ZN7cvflann7anyimpl16small_any_policyIPKcE15copy_from_valueEPKvPPv
FN:68,_ZN7cvflann7anyimpl16small_any_policyIfE15copy_from_valueEPKvPPv
FNDA:0,_ZN7cvflann7anyimpl16small_any_policyIfE15copy_from_valueEPKvPPv
FN:68,_ZN7cvflann7anyimpl16small_any_policyIjE15copy_from_valueEPKvPPv
FNDA:0,_ZN7cvflann7anyimpl16small_any_policyIjE15copy_from_valueEPKvPPv
FN:68,_ZN7cvflann7anyimpl16small_any_policyIiE15copy_from_valueEPKvPPv
FNDA:0,_ZN7cvflann7anyimpl16small_any_policyIiE15copy_from_valueEPKvPPv
FN:72,_ZN7cvflann7anyimpl16small_any_policyIPKcE5cloneEPKPvPS5_
FNDA:0,_ZN7cvflann7anyimpl16small_any_policyIPKcE5cloneEPKPvPS5_
FN:72,_ZN7cvflann7anyimpl16small_any_policyIiE5cloneEPKPvPS3_
FNDA:0,_ZN7cvflann7anyimpl16small_any_policyIiE5cloneEPKPvPS3_
FN:72,_ZN7cvflann7anyimpl16small_any_policyIjE5cloneEPKPvPS3_
FNDA:0,_ZN7cvflann7anyimpl16small_any_policyIjE5cloneEPKPvPS3_
FN:72,_ZN7cvflann7anyimpl16small_any_policyIfE5cloneEPKPvPS3_
FNDA:0,_ZN7cvflann7anyimpl16small_any_policyIfE5cloneEPKPvPS3_
FN:72,_ZN7cvflann7anyimpl16small_any_policyIbE5cloneEPKPvPS3_
FNDA:0,_ZN7cvflann7anyimpl16small_any_policyIbE5cloneEPKPvPS3_
FN:73,_ZN7cvflann7anyimpl16small_any_policyIfE4moveEPKPvPS3_
FNDA:0,_ZN7cvflann7anyimpl16small_any_policyIfE4moveEPKPvPS3_
FN:73,_ZN7cvflann7anyimpl16small_any_policyIiE4moveEPKPvPS3_
FNDA:0,_ZN7cvflann7anyimpl16small_any_policyIiE4moveEPKPvPS3_
FN:73,_ZN7cvflann7anyimpl16small_any_policyIjE4moveEPKPvPS3_
FNDA:0,_ZN7cvflann7anyimpl16small_any_policyIjE4moveEPKPvPS3_
FN:73,_ZN7cvflann7anyimpl16small_any_policyIbE4moveEPKPvPS3_
FNDA:0,_ZN7cvflann7anyimpl16small_any_policyIbE4moveEPKPvPS3_
FN:73,_ZN7cvflann7anyimpl16small_any_policyIPKcE4moveEPKPvPS5_
FNDA:0,_ZN7cvflann7anyimpl16small_any_policyIPKcE4moveEPKPvPS5_
FN:74,_ZN7cvflann7anyimpl16small_any_policyIPKcE9get_valueEPPv
FNDA:0,_ZN7cvflann7anyimpl16small_any_policyIPKcE9get_valueEPPv
FN:74,_ZN7cvflann7anyimpl16small_any_policyIjE9get_valueEPPv
FNDA:0,_ZN7cvflann7anyimpl16small_any_policyIjE9get_valueEPPv
FN:74,_ZN7cvflann7anyimpl16small_any_policyIfE9get_valueEPPv
FNDA:0,_ZN7cvflann7anyimpl16small_any_policyIfE9get_valueEPPv
FN:74,_ZN7cvflann7anyimpl16small_any_policyIiE9get_valueEPPv
FNDA:0,_ZN7cvflann7anyimpl16small_any_policyIiE9get_valueEPPv
FN:74,_ZN7cvflann7anyimpl16small_any_policyIbE9get_valueEPPv
FNDA:0,_ZN7cvflann7anyimpl16small_any_policyIbE9get_valueEPPv
FN:75,_ZN7cvflann7anyimpl16small_any_policyIbE9get_valueEPKPv
FNDA:0,_ZN7cvflann7anyimpl16small_any_policyIbE9get_valueEPKPv
FN:75,_ZN7cvflann7anyimpl16small_any_policyIjE9get_valueEPKPv
FNDA:0,_ZN7cvflann7anyimpl16small_any_policyIjE9get_valueEPKPv
FN:75,_ZN7cvflann7anyimpl16small_any_policyIfE9get_valueEPKPv
FNDA:0,_ZN7cvflann7anyimpl16small_any_policyIfE9get_valueEPKPv
FN:75,_ZN7cvflann7anyimpl16small_any_policyIiE9get_valueEPKPv
FNDA:0,_ZN7cvflann7anyimpl16small_any_policyIiE9get_valueEPKPv
FN:75,_ZN7cvflann7anyimpl16small_any_policyIPKcE9get_valueEPKPv
FNDA:0,_ZN7cvflann7anyimpl16small_any_policyIPKcE9get_valueEPKPv
FN:76,_ZN7cvflann7anyimpl16small_any_policyIfE5printERSoPKPv
FNDA:0,_ZN7cvflann7anyimpl16small_any_policyIfE5printERSoPKPv
FN:76,_ZN7cvflann7anyimpl16small_any_policyIPKcE5printERSoPKPv
FNDA:0,_ZN7cvflann7anyimpl16small_any_policyIPKcE5printERSoPKPv
FN:76,_ZN7cvflann7anyimpl16small_any_policyIiE5printERSoPKPv
FNDA:0,_ZN7cvflann7anyimpl16small_any_policyIiE5printERSoPKPv
FN:76,_ZN7cvflann7anyimpl16small_any_policyIjE5printERSoPKPv
FNDA:0,_ZN7cvflann7anyimpl16small_any_policyIjE5printERSoPKPv
FN:76,_ZN7cvflann7anyimpl16small_any_policyIbE5printERSoPKPv
FNDA:0,_ZN7cvflann7anyimpl16small_any_policyIbE5printERSoPKPv
FN:82,_ZN7cvflann7anyimpl14big_any_policyINS0_9empty_anyEE13static_deleteEPPv
FNDA:0,_ZN7cvflann7anyimpl14big_any_policyINS0_9empty_anyEE13static_deleteEPPv
FN:82,_ZN7cvflann7anyimpl14big_any_policyINSt7__cxx1112basic_stringIcSt11char_traitsIcESaIcEEEE13static_deleteEPPv
FNDA:0,_ZN7cvflann7anyimpl14big_any_policyINSt7__cxx1112basic_stringIcSt11char_traitsIcESaIcEEEE13static_deleteEPPv
FN:82,_ZN7cvflann7anyimpl14big_any_policyINS_20flann_centers_init_tEE13static_deleteEPPv
FNDA:0,_ZN7cvflann7anyimpl14big_any_policyINS_20flann_centers_init_tEE13static_deleteEPPv
FN:82,_ZN7cvflann7anyimpl14big_any_policyINS_17flann_algorithm_tEE13static_deleteEPPv
FNDA:0,_ZN7cvflann7anyimpl14big_any_policyINS_17flann_algorithm_tEE13static_deleteEPPv
FN:87,_ZN7cvflann7anyimpl14big_any_policyINSt7__cxx1112basic_stringIcSt11char_traitsIcESaIcEEEE15copy_from_valueEPKvPPv
FNDA:0,_ZN7cvflann7anyimpl14big_any_policyINSt7__cxx1112basic_stringIcSt11char_traitsIcESaIcEEEE15copy_from_valueEPKvPPv
FN:87,_ZN7cvflann7anyimpl14big_any_policyINS_20flann_centers_init_tEE15copy_from_valueEPKvPPv
FNDA:0,_ZN7cvflann7anyimpl14big_any_policyINS_20flann_centers_init_tEE15copy_from_valueEPKvPPv
FN:87,_ZN7cvflann7anyimpl14big_any_policyINS_17flann_algorithm_tEE15copy_from_valueEPKvPPv
FNDA:0,_ZN7cvflann7anyimpl14big_any_policyINS_17flann_algorithm_tEE15copy_from_valueEPKvPPv
FN:87,_ZN7cvflann7anyimpl14big_any_policyINS0_9empty_anyEE15copy_from_valueEPKvPPv
FNDA:0,_ZN7cvflann7anyimpl14big_any_policyINS0_9empty_anyEE15copy_from_valueEPKvPPv
FN:91,_ZN7cvflann7anyimpl14big_any_policyINS_17flann_algorithm_tEE5cloneEPKPvPS4_
FNDA:0,_ZN7cvflann7anyimpl14big_any_policyINS_17flann_algorithm_tEE5cloneEPKPvPS4_
FN:91,_ZN7cvflann7anyimpl14big_any_policyINS_20flann_centers_init_tEE5cloneEPKPvPS4_
FNDA:0,_ZN7cvflann7anyimpl14big_any_policyINS_20flann_centers_init_tEE5cloneEPKPvPS4_
FN:91,_ZN7cvflann7anyimpl14big_any_policyINS0_9empty_anyEE5cloneEPKPvPS4_
FNDA:0,_ZN7cvflann7anyimpl14big_any_policyINS0_9empty_anyEE5cloneEPKPvPS4_
FN:91,_ZN7cvflann7anyimpl14big_any_policyINSt7__cxx1112basic_stringIcSt11char_traitsIcESaIcEEEE5cloneEPKPvPS9_
FNDA:0,_ZN7cvflann7anyimpl14big_any_policyINSt7__cxx1112basic_stringIcSt11char_traitsIcESaIcEEEE5cloneEPKPvPS9_
FN:95,_ZN7cvflann7anyimpl14big_any_policyINS0_9empty_anyEE4moveEPKPvPS4_
FNDA:0,_ZN7cvflann7anyimpl14big_any_policyINS0_9empty_anyEE4moveEPKPvPS4_
FN:95,_ZN7cvflann7anyimpl14big_any_policyINS_17flann_algorithm_tEE4moveEPKPvPS4_
FNDA:0,_ZN7cvflann7anyimpl14big_any_policyINS_17flann_algorithm_tEE4moveEPKPvPS4_
FN:95,_ZN7cvflann7anyimpl14big_any_policyINS_20flann_centers_init_tEE4moveEPKPvPS4_
FNDA:0,_ZN7cvflann7anyimpl14big_any_policyINS_20flann_centers_init_tEE4moveEPKPvPS4_
FN:95,_ZN7cvflann7anyimpl14big_any_policyINSt7__cxx1112basic_stringIcSt11char_traitsIcESaIcEEEE4moveEPKPvPS9_
FNDA:0,_ZN7cvflann7anyimpl14big_any_policyINSt7__cxx1112basic_stringIcSt11char_traitsIcESaIcEEEE4moveEPKPvPS9_
FN:100,_ZN7cvflann7anyimpl14big_any_policyINS0_9empty_anyEE9get_valueEPPv
FNDA:0,_ZN7cvflann7anyimpl14big_any_policyINS0_9empty_anyEE9get_valueEPPv
FN:100,_ZN7cvflann7anyimpl14big_any_policyINSt7__cxx1112basic_stringIcSt11char_traitsIcESaIcEEEE9get_valueEPPv
FNDA:0,_ZN7cvflann7anyimpl14big_any_policyINSt7__cxx1112basic_stringIcSt11char_traitsIcESaIcEEEE9get_valueEPPv
FN:100,_ZN7cvflann7anyimpl14big_any_policyINS_17flann_algorithm_tEE9get_valueEPPv
FNDA:0,_ZN7cvflann7anyimpl14big_any_policyINS_17flann_algorithm_tEE9get_valueEPPv
FN:100,_ZN7cvflann7anyimpl14big_any_policyINS_20flann_centers_init_tEE9get_valueEPPv
FNDA:0,_ZN7cvflann7anyimpl14big_any_policyINS_20flann_centers_init_tEE9get_valueEPPv
FN:101,_ZN7cvflann7anyimpl14big_any_policyINSt7__cxx1112basic_stringIcSt11char_traitsIcESaIcEEEE9get_valueEPKPv
FNDA:0,_ZN7cvflann7anyimpl14big_any_policyINSt7__cxx1112basic_stringIcSt11char_traitsIcESaIcEEEE9get_valueEPKPv
FN:101,_ZN7cvflann7anyimpl14big_any_policyINS0_9empty_anyEE9get_valueEPKPv
FNDA:0,_ZN7cvflann7anyimpl14big_any_policyINS0_9empty_anyEE9get_valueEPKPv
FN:101,_ZN7cvflann7anyimpl14big_any_policyINS_17flann_algorithm_tEE9get_valueEPKPv
FNDA:0,_ZN7cvflann7anyimpl14big_any_policyINS_17flann_algorithm_tEE9get_valueEPKPv
FN:101,_ZN7cvflann7anyimpl14big_any_policyINS_20flann_centers_init_tEE9get_valueEPKPv
FNDA:0,_ZN7cvflann7anyimpl14big_any_policyINS_20flann_centers_init_tEE9get_valueEPKPv
FN:102,_ZN7cvflann7anyimpl14big_any_policyINS0_9empty_anyEE5printERSoPKPv
FNDA:0,_ZN7cvflann7anyimpl14big_any_policyINS0_9empty_anyEE5printERSoPKPv
FN:105,_ZN7cvflann7anyimpl14big_any_policyINS_20flann_centers_init_tEE5printERSoPKPv
FNDA:0,_ZN7cvflann7anyimpl14big_any_policyINS_20flann_centers_init_tEE5printERSoPKPv
FN:110,_ZN7cvflann7anyimpl14big_any_policyINS_17flann_algorithm_tEE5printERSoPKPv
FNDA:0,_ZN7cvflann7anyimpl14big_any_policyINS_17flann_algorithm_tEE5printERSoPKPv
FN:115,_ZN7cvflann7anyimpl14big_any_policyINSt7__cxx1112basic_stringIcSt11char_traitsIcESaIcEEEE5printERSoPKPv
FNDA:0,_ZN7cvflann7anyimpl14big_any_policyINSt7__cxx1112basic_stringIcSt11char_traitsIcESaIcEEEE5printERSoPKPv
DA:36,0
DA:38,0
DA:39,0
DA:53,0
DA:53,9
DA:59,0
DA:59,0
DA:59,0
DA:59,0
DA:59,0
DA:59,0
DA:59,0
DA:59,0
DA:59,0
DA:60,0
DA:60,0
DA:60,0
DA:60,0
DA:60,0
DA:60,0
DA:60,0
DA:60,0
DA:60,0
DA:67,0
DA:67,0
DA:67,0
DA:67,0
DA:67,0
DA:68,0
DA:70,0
DA:71,0
DA:68,0
DA:70,0
DA:71,0
DA:68,0
DA:70,0
DA:71,0
DA:68,0
DA:70,0
DA:71,0
DA:68,0
DA:70,0
DA:71,0
DA:72,0
DA:72,0
DA:72,0
DA:72,0
DA:72,0
DA:73,0
DA:73,0
DA:73,0
DA:73,0
DA:73,0
DA:74,0
DA:74,0
DA:74,0
DA:74,0
DA:74,0
DA:75,0
DA:75,0
DA:75,0
DA:75,0
DA:75,0
DA:76,0
DA:76,0
DA:76,0
DA:76,0
DA:76,0
DA:82,0
DA:84,0
BRDA:84,0,0,-
BRDA:84,0,1,-
BRDA:84,0,2,-
BRDA:84,0,3,-
DA:85,0
DA:86,0
DA:82,0
DA:84,0
BRDA:84,0,0,-
BRDA:84,0,1,-
BRDA:84,0,2,-
BRDA:84,0,3,-
DA:85,0
DA:86,0
DA:82,0
DA:84,0
BRDA:84,0,0,-
BRDA:84,0,1,-
BRDA:84,0,2,-
BRDA:84,0,3,-
DA:85,0
DA:86,0
DA:82,0
DA:84,0
BRDA:84,0,0,-
BRDA:84,0,1,-
BRDA:84,0,2,-
BRDA:84,0,3,-
DA:85,0
DA:86,0
DA:87,0
DA:89,0
DA:90,0
DA:87,0
DA:89,0
DA:90,0
DA:87,0
DA:89,0
BRDA:89,0,0,-
BRDA:89,0,1,-
DA:90,0
DA:87,0
DA:89,0
DA:90,0
DA:91,0
DA:93,0
DA:94,0
DA:91,0
DA:93,0
DA:94,0
DA:91,0
DA:93,0
BRDA:93,0,0,-
BRDA:93,0,1,-
DA:94,0
DA:91,0
DA:93,0
DA:94,0
DA:95,0
DA:97,0
DA:98,0
DA:99,0
DA:95,0
DA:97,0
DA:98,0
DA:99,0
DA:95,0
DA:97,0
DA:98,0
DA:99,0
DA:95,0
DA:97,0
DA:99,0
DA:100,0
DA:100,0
DA:100,0
DA:100,0
DA:101,0
DA:101,0
DA:101,0
DA:101,0
DA:102,0
DA:105,0
DA:107,0
DA:108,0
DA:110,0
DA:112,0
DA:113,0
DA:115,0
DA:117,0
DA:118,0
end_of_record
SF:/usr/include/c++/9/bits/stl_iterator_base_funcs.h
FN:98,_ZSt10__distanceIPcENSt15iterator_traitsIT_E15difference_typeES2_S2_St26random_access_iterator_tag
FNDA:0,_ZSt10__distanceIPcENSt15iterator_traitsIT_E15difference_typeES2_S2_St26random_access_iterator_tag
FN:98,_ZSt10__distanceIPKcENSt15iterator_traitsIT_E15difference_typeES3_S3_St26random_access_iterator_tag
FNDA:53,_ZSt10__distanceIPKcENSt15iterator_traitsIT_E15difference_typeES3_S3_St26random_access_iterator_tag
FN:138,_ZSt8distanceIPcENSt15iterator_traitsIT_E15difference_typeES2_S2_
FNDA:0,_ZSt8distanceIPcENSt15iterator_traitsIT_E15difference_typeES2_S2_
FN:138,_ZSt8distanceIPKcENSt15iterator_traitsIT_E15difference_typeES3_S3_
FNDA:53,_ZSt8distanceIPKcENSt15iterator_traitsIT_E15difference_typeES3_S3_
DA:98,0
DA:104,0
DA:98,53
DA:104,53
DA:138,0
DA:141,0
DA:142,0
DA:138,53
DA:141,53
DA:142,106
end_of_record
SF:/usr/include/opencv4/opencv2/core/types.hpp
FN:1164,_ZN2cv6Point_IiEC2Eii
FNDA:162,_ZN2cv6Point_IiEC2Eii
FN:1681,_ZN2cv5Size_IiEC2Ev
FNDA:264,_ZN2cv5Size_IiEC2Ev
FN:1827,_ZN2cv5Rect_IiEC2Eiiii
FNDA:27,_ZN2cv5Rect_IiEC2Eiiii
FN:2158,_ZN2cv7Scalar_IdEC2Edddd
FNDA:189,_ZN2cv7Scalar_IdEC2Edddd
DA:1164,162
DA:1165,162
DA:1681,264
DA:1682,264
DA:1827,27
DA:1828,27
DA:2158,189
DA:2160,189
DA:2161,189
DA:2162,189
DA:2163,189
DA:2164,189
end_of_record
SF:/usr/include/c++/9/ext/new_allocator.h
FN:80,_ZN9__gnu_cxx13new_allocatorIcEC2Ev
FNDA:0,_ZN9__gnu_cxx13new_allocatorIcEC2Ev
FN:83,_ZN9__gnu_cxx13new_allocatorIcEC2ERKS1_
FNDA:0,_ZN9__gnu_cxx13new_allocatorIcEC2ERKS1_
FN:89,_ZN9__gnu_cxx13new_allocatorIcED2Ev
FNDA:0,_ZN9__gnu_cxx13new_allocatorIcED2Ev
DA:80,0
DA:83,0
DA:89,0
end_of_record
SF:/usr/include/c++/9/bits/move.h
FN:99,_ZSt4moveIRSaIcEEONSt16remove_referenceIT_E4typeEOS3_
FNDA:0,_ZSt4moveIRSaIcEEONSt16remove_referenceIT_E4typeEOS3_
DA:99,0
DA:100,0
end_of_record
SF:/usr/include/c++/9/ext/alloc_traits.h
FN:97,_ZN9__gnu_cxx14__alloc_traitsISaIcEcE17_S_select_on_copyERKS1_
FNDA:0,_ZN9__gnu_cxx14__alloc_traitsISaIcEcE17_S_select_on_copyERKS1_
DA:97,0
DA:98,0
end_of_record
SF:/usr/include/opencv4/opencv2/core/utility.hpp
FN:314,_ZN2cv9TickMeterC2Ev
FNDA:25,_ZN2cv9TickMeterC2Ev
FN:322,_ZN2cv9TickMeter5startEv
FNDA:25,_ZN2cv9TickMeter5startEv
FN:330,_ZN2cv9TickMeter4stopEv
FNDA:25,_ZN2cv9TickMeter4stopEv
FN:343,_ZNK2cv9TickMeter12getTimeTicksEv
FNDA:25,_ZNK2cv9TickMeter12getTimeTicksEv
FN:359,_ZNK2cv9TickMeter12getTimeMilliEv
FNDA:25,_ZNK2cv9TickMeter12getTimeMilliEv
FN:367,_ZNK2cv9TickMeter10getTimeSecEv
FNDA:25,_ZNK2cv9TickMeter10getTimeSecEv
FN:383,_ZN2cv9TickMeter5resetEv
FNDA:25,_ZN2cv9TickMeter5resetEv
DA:314,25
DA:315,25
DA:316,25
DA:317,25
DA:322,25
DA:324,25
DA:325,25
DA:330,25
DA:332,25
DA:333,25
BRDA:333,0,0,0
BRDA:333,0,1,25
DA:334,0
DA:335,25
DA:336,25
DA:337,25
DA:343,25
DA:345,25
DA:359,25
DA:361,25
DA:367,25
DA:369,25
DA:383,25
DA:385,25
DA:386,25
DA:387,25
DA:388,25
end_of_record
SF:/usr/include/c++/9/bits/stl_iterator_base_types.h
FN:205,_ZSt19__iterator_categoryIPcENSt15iterator_traitsIT_E17iterator_categoryERKS2_
FNDA:0,_ZSt19__iterator_categoryIPcENSt15iterator_traitsIT_E17iterator_categoryERKS2_
FN:205,_ZSt19__iterator_categoryIPKcENSt15iterator_traitsIT_E17iterator_categoryERKS3_
FNDA:53,_ZSt19__iterator_categoryIPKcENSt15iterator_traitsIT_E17iterator_categoryERKS3_
DA:205,0
DA:206,0
DA:205,53
DA:206,53
end_of_record
SF:/usr/include/opencv4/opencv2/core/mat.inl.hpp
FN:76,_ZN2cv11_InputArray4initEiPKv
FNDA:692,_ZN2cv11_InputArray4initEiPKv
FN:86,_ZN2cv11_InputArrayC2Ev
FNDA:239,_ZN2cv11_InputArrayC2Ev
FN:88,_ZN2cv11_InputArrayC2ERKNS_3MatE
FNDA:25,_ZN2cv11_InputArrayC2ERKNS_3MatE
FN:166,_ZN2cv11_InputArrayD2Ev
FNDA:264,_ZN2cv11_InputArrayD2Ev
FN:188,_ZN2cv12_OutputArrayC2Ev
FNDA:189,_ZN2cv12_OutputArrayC2Ev
FN:190,_ZN2cv12_OutputArrayC2ERNS_3MatE
FNDA:50,_ZN2cv12_OutputArrayC2ERNS_3MatE
FN:316,_ZN2cv17_InputOutputArrayC2ERNS_3MatE
FNDA:189,_ZN2cv17_InputOutputArrayC2ERNS_3MatE
FN:450,_ZN2cv3MatC2Ev
FNDA:51,_ZN2cv3MatC2Ev
FN:735,_ZN2cv3MatD2Ev
FNDA:51,_ZN2cv3MatD2Ev
FN:808,_ZNK2cv3Mat5cloneEv
FNDA:50,_ZNK2cv3Mat5cloneEv
FN:848,_ZN2cv3Mat7releaseEv
FNDA:51,_ZN2cv3Mat7releaseEv
FN:971,_ZN2cv3Mat3ptrEi
FNDA:25,_ZN2cv3Mat3ptrEi
FN:1444,_ZN2cv7MatSizeC2EPi
FNDA:51,_ZN2cv7MatSizeC2EPi
FN:1519,_ZN2cv7MatStepC2Em
FNDA:51,_ZN2cv7MatStepC2Em
FN:1536,_ZNK2cv7MatStepcvmEv
FNDA:25,_ZNK2cv7MatStepcvmEv
DA:76,692
DA:77,692
DA:86,239
DA:88,25
DA:166,264
DA:188,189
DA:190,50
DA:316,189
DA:450,51
DA:452,51
DA:453,51
DA:735,102
DA:737,51
DA:738,51
BRDA:738,0,0,0
BRDA:738,0,1,51
DA:739,0
DA:740,51
DA:808,50
DA:810,50
DA:811,50
BRDA:811,0,0,50
BRDA:811,0,1,0
BRDA:811,0,2,50
BRDA:811,0,3,0
DA:812,50
DA:848,51
DA:850,51
BRDA:850,0,0,50
BRDA:850,0,1,1
BRDA:850,0,2,50
BRDA:850,0,3,0
BRDA:850,0,4,50
BRDA:850,0,5,1
DA:851,50
DA:852,51
DA:853,51
DA:854,153
BRDA:854,0,0,102
BRDA:854,0,1,51
DA:855,102
DA:866,51
DA:971,25
DA:974,25
DA:1444,51
DA:1445,51
DA:1519,51
DA:1521,51
DA:1522,51
DA:1536,25
DA:1539,25
end_of_record
SF:/usr/include/c++/9/bits/alloc_traits.h
FN:513,_ZNSt16allocator_traitsISaIcEE37select_on_container_copy_constructionERKS0_
FNDA:0,_ZNSt16allocator_traitsISaIcEE37select_on_container_copy_constructionERKS0_
DA:513,0
DA:514,0
end_of_record
SF:/usr/include/c++/9/new
FN:173,_ZnwmPv
FNDA:1988,_ZnwmPv
DA:173,1988
DA:174,1988
end_of_record
SF:/usr/include/opencv4/opencv2/core/matx.hpp
FN:536,_ZN2cv4MatxIdLi4ELi1EEC2Ev
FNDA:189,_ZN2cv4MatxIdLi4ELi1EEC2Ev
FN:969,_ZN2cv3VecIdLi4EEC2Ev
FNDA:189,_ZN2cv3VecIdLi4EEC2Ev
DA:536,189
DA:538,945
BRDA:538,0,0,756
BRDA:538,0,1,189
DA:539,189
DA:969,189
end_of_record
SF:/home/marija/Documents/2023_Analysis_libfacedetection/libfacedetection/example/detect-camera.cpp
FN:48,main
FNDA:1,main
DA:48,1
DA:50,1
BRDA:50,0,0,0
BRDA:50,0,1,1
DA:52,0
BRDA:52,0,0,-
BRDA:52,0,1,-
DA:53,0
DA:56,1
DA:59,1
DA:60,1
BRDA:60,0,0,0
BRDA:60,0,1,1
DA:62,0
BRDA:62,0,0,-
BRDA:62,0,1,-
DA:63,0
DA:67,2
BRDA:67,0,0,1
BRDA:67,0,1,0
DA:68,2
BRDA:68,0,0,1
BRDA:68,0,1,0
DA:70,1
BRDA:70,0,0,1
BRDA:70,0,1,0
DA:72,1
BRDA:72,0,0,1
BRDA:72,0,1,0
BRDA:72,0,2,1
BRDA:72,0,3,0
DA:73,1
BRDA:73,0,0,1
BRDA:73,0,1,0
BRDA:73,0,2,0
BRDA:73,0,3,1
DA:75,0
BRDA:75,0,0,-
BRDA:75,0,1,-
BRDA:75,0,2,-
BRDA:75,0,3,-
DA:76,0
DA:80,1
BRDA:80,0,0,1
BRDA:80,0,1,0
BRDA:80,0,2,1
BRDA:80,0,3,0
DA:84,26
BRDA:84,0,0,26
BRDA:84,0,1,0
DA:85,26
BRDA:85,0,0,1
BRDA:85,0,1,25
DA:86,1
DA:88,25
BRDA:88,0,0,25
BRDA:88,0,1,0
DA:96,25
BRDA:96,0,0,25
BRDA:96,0,1,0
DA:97,25
BRDA:97,0,0,25
BRDA:97,0,1,0
DA:99,25
BRDA:99,0,0,25
BRDA:99,0,1,0
DA:101,25
BRDA:101,0,0,25
BRDA:101,0,1,0
DA:102,25
BRDA:102,0,0,25
BRDA:102,0,1,0
BRDA:102,0,2,25
BRDA:102,0,3,0
DA:104,25
BRDA:104,0,0,25
BRDA:104,0,1,0
BRDA:104,0,2,25
BRDA:104,0,3,0
DA:106,25
BRDA:106,0,0,25
BRDA:106,0,1,0
DA:108,52
BRDA:108,0,0,52
BRDA:108,0,1,0
BRDA:108,0,2,27
BRDA:108,0,3,25
DA:110,27
DA:111,27
DA:112,27
DA:113,27
DA:114,27
DA:115,27
DA:119,27
DA:120,27
BRDA:120,0,0,27
BRDA:120,0,1,0
BRDA:120,0,2,27
BRDA:120,0,3,0
BRDA:120,0,4,27
BRDA:120,0,5,0
BRDA:120,0,6,27
BRDA:120,0,7,0
DA:123,27
BRDA:123,0,0,27
BRDA:123,0,1,0
BRDA:123,0,2,27
BRDA:123,0,3,0
BRDA:123,0,4,27
BRDA:123,0,5,0
DA:125,27
BRDA:125,0,0,27
BRDA:125,0,1,0
BRDA:125,0,2,27
BRDA:125,0,3,0
BRDA:125,0,4,27
BRDA:125,0,5,0
DA:126,27
BRDA:126,0,0,27
BRDA:126,0,1,0
BRDA:126,0,2,27
BRDA:126,0,3,0
BRDA:126,0,4,27
BRDA:126,0,5,0
DA:127,27
BRDA:127,0,0,27
BRDA:127,0,1,0
BRDA:127,0,2,27
BRDA:127,0,3,0
BRDA:127,0,4,27
BRDA:127,0,5,0
DA:128,27
BRDA:128,0,0,27
BRDA:128,0,1,0
BRDA:128,0,2,27
BRDA:128,0,3,0
BRDA:128,0,4,27
BRDA:128,0,5,0
DA:129,27
BRDA:129,0,0,27
BRDA:129,0,1,0
BRDA:129,0,2,27
BRDA:129,0,3,0
BRDA:129,0,4,27
BRDA:129,0,5,0
DA:132,27
DA:134,27
BRDA:134,0,0,27
BRDA:134,0,1,0
DA:138,25
BRDA:138,0,0,25
BRDA:138,0,1,0
BRDA:138,0,2,25
BRDA:138,0,3,0
BRDA:138,0,4,25
BRDA:138,0,5,0
DA:140,25
BRDA:140,0,0,25
BRDA:140,0,1,0
BRDA:140,0,2,0
BRDA:140,0,3,25
DA:141,0
DA:142,25
DA:149,1
DA:151,1
end_of_record
SF:/usr/include/c++/9/ext/type_traits.h
FN:152,_ZN9__gnu_cxx17__is_null_pointerIcEEbPT_
FNDA:0,_ZN9__gnu_cxx17__is_null_pointerIcEEbPT_
FN:152,_ZN9__gnu_cxx17__is_null_pointerIKcEEbPT_
FNDA:53,_ZN9__gnu_cxx17__is_null_pointerIKcEEbPT_
DA:152,0
DA:153,0
DA:152,53
DA:153,53
end_of_record
SF:/usr/include/c++/9/bits/basic_string.h
FN:247,_ZNSt7__cxx1112basic_stringIcSt11char_traitsIcESaIcEE16_M_construct_auxIPcEEvT_S7_St12__false_type
FNDA:0,_ZNSt7__cxx1112basic_stringIcSt11char_traitsIcESaIcEE16_M_construct_auxIPcEEvT_S7_St12__false_type
FN:247,_ZNSt7__cxx1112basic_stringIcSt11char_traitsIcESaIcEE16_M_construct_auxIPKcEEvT_S8_St12__false_type
FNDA:53,_ZNSt7__cxx1112basic_stringIcSt11char_traitsIcESaIcEE16_M_construct_auxIPKcEEvT_S8_St12__false_type
FN:267,_ZNSt7__cxx1112basic_stringIcSt11char_traitsIcESaIcEE12_M_constructIPcEEvT_S7_
FNDA:0,_ZNSt7__cxx1112basic_stringIcSt11char_traitsIcESaIcEE12_M_constructIPcEEvT_S7_
FN:267,_ZNSt7__cxx1112basic_stringIcSt11char_traitsIcESaIcEE12_M_constructIPKcEEvT_S8_
FNDA:53,_ZNSt7__cxx1112basic_stringIcSt11char_traitsIcESaIcEE12_M_constructIPKcEEvT_S8_
FN:529,_ZNSt7__cxx1112basic_stringIcSt11char_traitsIcESaIcEEC2IS3_EEPKcRKS3_
FNDA:53,_ZNSt7__cxx1112basic_stringIcSt11char_traitsIcESaIcEEC2IS3_EEPKcRKS3_
DA:247,0
DA:251,0
BRDA:251,0,0,-
BRDA:251,0,1,-
DA:252,0
DA:247,53
DA:251,53
BRDA:251,0,0,53
BRDA:251,0,1,0
DA:252,53
DA:267,0
DA:270,0
DA:271,0
DA:267,53
DA:270,53
DA:271,53
DA:529,53
DA:530,53
DA:531,53
BRDA:531,0,0,53
BRDA:531,0,1,0
BRDA:531,0,2,53
BRDA:531,0,3,0
BRDA:531,0,4,53
BRDA:531,0,5,0
end_of_record
SF:/usr/include/opencv4/opencv2/core/mat.hpp
end_of_record
SF:/usr/include/c++/9/bits/basic_string.tcc
FN:206,_ZNSt7__cxx1112basic_stringIcSt11char_traitsIcESaIcEE12_M_constructIPcEEvT_S7_St20forward_iterator_tag
FNDA:0,_ZNSt7__cxx1112basic_stringIcSt11char_traitsIcESaIcEE12_M_constructIPcEEvT_S7_St20forward_iterator_tag
FN:206,_ZNSt7__cxx1112basic_stringIcSt11char_traitsIcESaIcEE12_M_constructIPKcEEvT_S8_St20forward_iterator_tag
FNDA:53,_ZNSt7__cxx1112basic_stringIcSt11char_traitsIcESaIcEE12_M_constructIPKcEEvT_S8_St20forward_iterator_tag
DA:206,0
DA:211,0
BRDA:211,0,0,-
BRDA:211,0,1,-
BRDA:211,0,2,-
BRDA:211,0,3,-
BRDA:211,0,4,-
BRDA:211,0,5,-
DA:212,0
DA:215,0
BRDA:215,0,0,-
BRDA:215,0,1,-
DA:217,0
BRDA:217,0,0,-
BRDA:217,0,1,-
DA:219,0
BRDA:219,0,0,-
BRDA:219,0,1,-
BRDA:219,0,2,-
BRDA:219,0,3,-
DA:220,0
BRDA:220,0,0,-
BRDA:220,0,1,-
DA:225,0
BRDA:225,0,0,-
BRDA:225,0,1,-
DA:226,0
DA:228,0
BRDA:228,0,0,0
BRDA:228,0,1,0
DA:229,0
DA:232,0
BRDA:232,0,0,-
BRDA:232,0,1,-
DA:233,0
DA:206,53
DA:211,53
BRDA:211,0,0,0
BRDA:211,0,1,53
BRDA:211,0,2,0
BRDA:211,0,3,0
BRDA:211,0,4,0
BRDA:211,0,5,53
DA:212,0
DA:215,53
BRDA:215,0,0,53
BRDA:215,0,1,0
DA:217,53
BRDA:217,0,0,1
BRDA:217,0,1,52
DA:219,1
BRDA:219,0,0,1
BRDA:219,0,1,0
BRDA:219,0,2,1
BRDA:219,0,3,0
DA:220,1
BRDA:220,0,0,1
BRDA:220,0,1,0
DA:225,53
BRDA:225,0,0,53
BRDA:225,0,1,0
DA:226,0
DA:228,0
BRDA:228,0,0,0
BRDA:228,0,1,0
DA:229,0
DA:232,53
BRDA:232,0,0,53
BRDA:232,0,1,0
DA:233,53
end_of_record
SF:/usr/include/c++/9/bits/char_traits.h
FN:100,_ZN9__gnu_cxx11char_traitsIcE2eqERKcS3_
FNDA:0,_ZN9__gnu_cxx11char_traitsIcE2eqERKcS3_
FN:161,_ZN9__gnu_cxx11char_traitsIcE6lengthEPKc
FNDA:0,_ZN9__gnu_cxx11char_traitsIcE6lengthEPKc
FN:336,_ZNSt11char_traitsIcE6lengthEPKc
FNDA:53,_ZNSt11char_traitsIcE6lengthEPKc
DA:100,0
DA:101,0
DA:161,0
DA:164,0
DA:165,0
BRDA:165,0,0,-
BRDA:165,0,1,-
DA:166,0
DA:167,0
DA:236,53
DA:336,53
DA:339,53
BRDA:339,0,0,0
BRDA:339,0,1,53
DA:340,0
DA:342,53
end_of_record
TN:
SF:/usr/include/c++/9/bits/stl_tempbuf.h
FN:85,_ZSt20get_temporary_bufferISt4pairIf15NormalizedBBox_EES0_IPT_lEl
FNDA:25,_ZSt20get_temporary_bufferISt4pairIf15NormalizedBBox_EES0_IPT_lEl
FN:112,_ZSt23return_temporary_bufferISt4pairIf15NormalizedBBox_EEvPT_
FNDA:25,_ZSt23return_temporary_bufferISt4pairIf15NormalizedBBox_EEvPT_
FN:141,_ZNKSt17_Temporary_bufferIN9__gnu_cxx17__normal_iteratorIPSt4pairIf15NormalizedBBox_ESt6vectorIS4_SaIS4_EEEES4_E4sizeEv
FNDA:25,_ZNKSt17_Temporary_bufferIN9__gnu_cxx17__normal_iteratorIPSt4pairIf15NormalizedBBox_ESt6vectorIS4_SaIS4_EEEES4_E4sizeEv
FN:151,_ZNSt17_Temporary_bufferIN9__gnu_cxx17__normal_iteratorIPSt4pairIf15NormalizedBBox_ESt6vectorIS4_SaIS4_EEEES4_E5beginEv
FNDA:50,_ZNSt17_Temporary_bufferIN9__gnu_cxx17__normal_iteratorIPSt4pairIf15NormalizedBBox_ESt6vectorIS4_SaIS4_EEEES4_E5beginEv
FN:165,_ZNSt17_Temporary_bufferIN9__gnu_cxx17__normal_iteratorIPSt4pairIf15NormalizedBBox_ESt6vectorIS4_SaIS4_EEEES4_ED2Ev
FNDA:25,_ZNSt17_Temporary_bufferIN9__gnu_cxx17__normal_iteratorIPSt4pairIf15NormalizedBBox_ESt6vectorIS4_SaIS4_EEEES4_ED2Ev
FN:185,_ZNSt38__uninitialized_construct_buf_dispatchILb0EE5__ucrIPSt4pairIf15NormalizedBBox_EN9__gnu_cxx17__normal_iteratorIS5_St6vectorIS4_SaIS4_EEEEEEvT_SC_T0_
FNDA:25,_ZNSt38__uninitialized_construct_buf_dispatchILb0EE5__ucrIPSt4pairIf15NormalizedBBox_EN9__gnu_cxx17__normal_iteratorIS5_St6vectorIS4_SaIS4_EEEEEEvT_SC_T0_
FN:231,_ZSt29__uninitialized_construct_bufIPSt4pairIf15NormalizedBBox_EN9__gnu_cxx17__normal_iteratorIS3_St6vectorIS2_SaIS2_EEEEEvT_SA_T0_
FNDA:25,_ZSt29__uninitialized_construct_bufIPSt4pairIf15NormalizedBBox_EN9__gnu_cxx17__normal_iteratorIS3_St6vectorIS2_SaIS2_EEEEEvT_SA_T0_
FN:243,_ZNSt17_Temporary_bufferIN9__gnu_cxx17__normal_iteratorIPSt4pairIf15NormalizedBBox_ESt6vectorIS4_SaIS4_EEEES4_EC2ES9_l
FNDA:25,_ZNSt17_Temporary_bufferIN9__gnu_cxx17__normal_iteratorIPSt4pairIf15NormalizedBBox_ESt6vectorIS4_SaIS4_EEEES4_EC2ES9_l
DA:85,25
DA:87,25
DA:89,25
BRDA:89,0,0,0
BRDA:89,0,1,25
DA:90,0
DA:92,25
BRDA:92,0,0,25
BRDA:92,0,1,0
DA:94,25
DA:96,25
BRDA:96,0,0,25
BRDA:96,0,1,0
DA:97,25
DA:98,0
DA:100,0
DA:112,25
DA:113,25
DA:141,25
DA:142,25
DA:151,50
DA:152,50
DA:165,25
DA:167,25
DA:168,25
DA:169,25
DA:185,25
DA:188,25
BRDA:188,0,0,0
BRDA:188,0,1,25
DA:189,0
DA:191,25
DA:194,25
DA:195,25
DA:196,25
DA:197,25
DA:198,394
BRDA:198,0,0,369
BRDA:198,0,1,25
DA:199,369
DA:200,369
DA:201,25
DA:231,25
DA:239,25
DA:240,25
DA:243,25
DA:245,25
DA:250,25
DA:251,25
DA:252,25
DA:253,25
BRDA:253,0,0,25
BRDA:253,0,1,0
DA:254,25
BRDA:254,0,0,25
BRDA:254,0,1,0
DA:257,0
DA:259,0
DA:260,0
DA:261,0
DA:262,0
DA:264,25
end_of_record
SF:/usr/include/c++/9/bits/basic_string.tcc
FN:206,_ZNSt7__cxx1112basic_stringIcSt11char_traitsIcESaIcEE12_M_constructIPcEEvT_S7_St20forward_iterator_tag
FNDA:0,_ZNSt7__cxx1112basic_stringIcSt11char_traitsIcESaIcEE12_M_constructIPcEEvT_S7_St20forward_iterator_tag
DA:206,0
DA:211,0
BRDA:211,0,0,-
BRDA:211,0,1,-
BRDA:211,0,2,-
BRDA:211,0,3,-
BRDA:211,0,4,-
BRDA:211,0,5,-
DA:212,0
DA:215,0
BRDA:215,0,0,-
BRDA:215,0,1,-
DA:217,0
BRDA:217,0,0,-
BRDA:217,0,1,-
DA:219,0
BRDA:219,0,0,-
BRDA:219,0,1,-
BRDA:219,0,2,-
BRDA:219,0,3,-
DA:220,0
BRDA:220,0,0,-
BRDA:220,0,1,-
DA:225,0
BRDA:225,0,0,-
BRDA:225,0,1,-
DA:226,0
DA:228,0
BRDA:228,0,0,0
BRDA:228,0,1,0
DA:229,0
DA:232,0
BRDA:232,0,0,-
BRDA:232,0,1,-
DA:233,0
end_of_record
SF:/usr/include/c++/9/bits/basic_string.h
FN:247,_ZNSt7__cxx1112basic_stringIcSt11char_traitsIcESaIcEE16_M_construct_auxIPcEEvT_S7_St12__false_type
FNDA:0,_ZNSt7__cxx1112basic_stringIcSt11char_traitsIcESaIcEE16_M_construct_auxIPcEEvT_S7_St12__false_type
FN:267,_ZNSt7__cxx1112basic_stringIcSt11char_traitsIcESaIcEE12_M_constructIPcEEvT_S7_
FNDA:0,_ZNSt7__cxx1112basic_stringIcSt11char_traitsIcESaIcEE12_M_constructIPcEEvT_S7_
FN:629,_ZNSt7__cxx1112basic_stringIcSt11char_traitsIcESaIcEEC2IPcvEET_S7_RKS3_
FNDA:0,_ZNSt7__cxx1112basic_stringIcSt11char_traitsIcESaIcEEC2IPcvEET_S7_RKS3_
FN:6549,_ZNSt7__cxx119to_stringEi
FNDA:0,_ZNSt7__cxx119to_stringEi
DA:247,0
DA:251,0
BRDA:251,0,0,-
BRDA:251,0,1,-
DA:252,0
DA:267,0
DA:270,0
DA:271,0
DA:629,0
DA:631,0
DA:632,0
BRDA:632,0,0,-
BRDA:632,0,1,-
DA:6549,0
DA:6551,0
end_of_record
SF:/usr/include/c++/9/bits/stl_algo.h
FN:1334,_ZNSt3_V28__rotateIN9__gnu_cxx17__normal_iteratorIPSt4pairIf15NormalizedBBox_ESt6vectorIS5_SaIS5_EEEEEET_SB_SB_SB_St26random_access_iterator_tag
FNDA:0,_ZNSt3_V28__rotateIN9__gnu_cxx17__normal_iteratorIPSt4pairIf15NormalizedBBox_ESt6vectorIS5_SaIS5_EEEEEET_SB_SB_SB_St26random_access_iterator_tag
FN:1440,_ZNSt3_V26rotateIN9__gnu_cxx17__normal_iteratorIPSt4pairIf15NormalizedBBox_ESt6vectorIS5_SaIS5_EEEEEET_SB_SB_SB_
FNDA:0,_ZNSt3_V26rotateIN9__gnu_cxx17__normal_iteratorIPSt4pairIf15NormalizedBBox_ESt6vectorIS5_SaIS5_EEEEEET_SB_SB_SB_
FN:1826,_ZSt25__unguarded_linear_insertIN9__gnu_cxx17__normal_iteratorIPSt4pairIf15NormalizedBBox_ESt6vectorIS4_SaIS4_EEEENS0_5__ops14_Val_comp_iterIPFbRKS4_SD_EEEEvT_T0_
FNDA:178,_ZSt25__unguarded_linear_insertIN9__gnu_cxx17__normal_iteratorIPSt4pairIf15NormalizedBBox_ESt6vectorIS4_SaIS4_EEEENS0_5__ops14_Val_comp_iterIPFbRKS4_SD_EEEEvT_T0_
FN:1845,_ZSt16__insertion_sortIN9__gnu_cxx17__normal_iteratorIPSt4pairIf15NormalizedBBox_ESt6vectorIS4_SaIS4_EEEENS0_5__ops15_Iter_comp_iterIPFbRKS4_SD_EEEEvT_SH_T0_
FNDA:97,_ZSt16__insertion_sortIN9__gnu_cxx17__normal_iteratorIPSt4pairIf15NormalizedBBox_ESt6vectorIS4_SaIS4_EEEENS0_5__ops15_Iter_comp_iterIPFbRKS4_SD_EEEEvT_SH_T0_
FN:2044,_ZSt13__upper_boundIN9__gnu_cxx17__normal_iteratorIPSt4pairIf15NormalizedBBox_ESt6vectorIS4_SaIS4_EEEES4_NS0_5__ops14_Val_comp_iterIPFbRKS4_SD_EEEET_SH_SH_RKT0_T1_
FNDA:0,_ZSt13__upper_boundIN9__gnu_cxx17__normal_iteratorIPSt4pairIf15NormalizedBBox_ESt6vectorIS4_SaIS4_EEEES4_NS0_5__ops14_Val_comp_iterIPFbRKS4_SD_EEEET_SH_SH_RKT0_T1_
FN:2309,_ZSt21__move_merge_adaptiveIPSt4pairIf15NormalizedBBox_EN9__gnu_cxx17__normal_iteratorIS3_St6vectorIS2_SaIS2_EEEES9_NS4_5__ops15_Iter_comp_iterIPFbRKS2_SD_EEEEvT_SH_T0_SI_T1_T2_
FNDA:11,_ZSt21__move_merge_adaptiveIPSt4pairIf15NormalizedBBox_EN9__gnu_cxx17__normal_iteratorIS3_St6vectorIS2_SaIS2_EEEES9_NS4_5__ops15_Iter_comp_iterIPFbRKS2_SD_EEEEvT_SH_T0_SI_T1_T2_
FN:2335,_ZSt30__move_merge_adaptive_backwardIN9__gnu_cxx17__normal_iteratorIPSt4pairIf15NormalizedBBox_ESt6vectorIS4_SaIS4_EEEES5_S9_NS0_5__ops15_Iter_comp_iterIPFbRKS4_SD_EEEEvT_SH_T0_SI_T1_T2_
FNDA:14,_ZSt30__move_merge_adaptive_backwardIN9__gnu_cxx17__normal_iteratorIPSt4pairIf15NormalizedBBox_ESt6vectorIS4_SaIS4_EEEES5_S9_NS0_5__ops15_Iter_comp_iterIPFbRKS4_SD_EEEEvT_SH_T0_SI_T1_T2_
FN:2378,_ZSt17__rotate_adaptiveIN9__gnu_cxx17__normal_iteratorIPSt4pairIf15NormalizedBBox_ESt6vectorIS4_SaIS4_EEEES5_lET_SA_SA_SA_T1_SB_T0_SB_
FNDA:0,_ZSt17__rotate_adaptiveIN9__gnu_cxx17__normal_iteratorIPSt4pairIf15NormalizedBBox_ESt6vectorIS4_SaIS4_EEEES5_lET_SA_SA_SA_T1_SB_T0_SB_
FN:2416,_ZSt16__merge_adaptiveIN9__gnu_cxx17__normal_iteratorIPSt4pairIf15NormalizedBBox_ESt6vectorIS4_SaIS4_EEEElS5_NS0_5__ops15_Iter_comp_iterIPFbRKS4_SD_EEEEvT_SH_SH_T0_SI_T1_SI_T2_
FNDA:25,_ZSt16__merge_adaptiveIN9__gnu_cxx17__normal_iteratorIPSt4pairIf15NormalizedBBox_ESt6vectorIS4_SaIS4_EEEElS5_NS0_5__ops15_Iter_comp_iterIPFbRKS4_SD_EEEEvT_SH_SH_T0_SI_T1_SI_T2_
FN:2477,_ZSt22__merge_without_bufferIN9__gnu_cxx17__normal_iteratorIPSt4pairIf15NormalizedBBox_ESt6vectorIS4_SaIS4_EEEElNS0_5__ops15_Iter_comp_iterIPFbRKS4_SD_EEEEvT_SH_SH_T0_SI_T1_
FNDA:0,_ZSt22__merge_without_bufferIN9__gnu_cxx17__normal_iteratorIPSt4pairIf15NormalizedBBox_ESt6vectorIS4_SaIS4_EEEElNS0_5__ops15_Iter_comp_iterIPFbRKS4_SD_EEEEvT_SH_SH_T0_SI_T1_
FN:2639,_ZSt12__move_mergeIN9__gnu_cxx17__normal_iteratorIPSt4pairIf15NormalizedBBox_ESt6vectorIS4_SaIS4_EEEES5_NS0_5__ops15_Iter_comp_iterIPFbRKS4_SD_EEEET0_T_SI_SI_SI_SH_T1_
FNDA:26,_ZSt12__move_mergeIN9__gnu_cxx17__normal_iteratorIPSt4pairIf15NormalizedBBox_ESt6vectorIS4_SaIS4_EEEES5_NS0_5__ops15_Iter_comp_iterIPFbRKS4_SD_EEEET0_T_SI_SI_SI_SH_T1_
FN:2639,_ZSt12__move_mergeIPSt4pairIf15NormalizedBBox_EN9__gnu_cxx17__normal_iteratorIS3_St6vectorIS2_SaIS2_EEEENS4_5__ops15_Iter_comp_iterIPFbRKS2_SD_EEEET0_T_SI_SI_SI_SH_T1_
FNDA:26,_ZSt12__move_mergeIPSt4pairIf15NormalizedBBox_EN9__gnu_cxx17__normal_iteratorIS3_St6vectorIS2_SaIS2_EEEENS4_5__ops15_Iter_comp_iterIPFbRKS2_SD_EEEET0_T_SI_SI_SI_SH_T1_
FN:2665,_ZSt17__merge_sort_loopIN9__gnu_cxx17__normal_iteratorIPSt4pairIf15NormalizedBBox_ESt6vectorIS4_SaIS4_EEEES5_lNS0_5__ops15_Iter_comp_iterIPFbRKS4_SD_EEEEvT_SH_T0_T1_T2_
FNDA:26,_ZSt17__merge_sort_loopIN9__gnu_cxx17__normal_iteratorIPSt4pairIf15NormalizedBBox_ESt6vectorIS4_SaIS4_EEEES5_lNS0_5__ops15_Iter_comp_iterIPFbRKS4_SD_EEEEvT_SH_T0_T1_T2_
FN:2665,_ZSt17__merge_sort_loopIPSt4pairIf15NormalizedBBox_EN9__gnu_cxx17__normal_iteratorIS3_St6vectorIS2_SaIS2_EEEElNS4_5__ops15_Iter_comp_iterIPFbRKS2_SD_EEEEvT_SH_T0_T1_T2_
FNDA:26,_ZSt17__merge_sort_loopIPSt4pairIf15NormalizedBBox_EN9__gnu_cxx17__normal_iteratorIS3_St6vectorIS2_SaIS2_EEEElNS4_5__ops15_Iter_comp_iterIPFbRKS2_SD_EEEEvT_SH_T0_T1_T2_
FN:2689,_ZSt22__chunk_insertion_sortIN9__gnu_cxx17__normal_iteratorIPSt4pairIf15NormalizedBBox_ESt6vectorIS4_SaIS4_EEEElNS0_5__ops15_Iter_comp_iterIPFbRKS4_SD_EEEEvT_SH_T0_T1_
FNDA:50,_ZSt22__chunk_insertion_sortIN9__gnu_cxx17__normal_iteratorIPSt4pairIf15NormalizedBBox_ESt6vectorIS4_SaIS4_EEEElNS0_5__ops15_Iter_comp_iterIPFbRKS4_SD_EEEEvT_SH_T0_T1_
FN:2705,_ZSt24__merge_sort_with_bufferIN9__gnu_cxx17__normal_iteratorIPSt4pairIf15NormalizedBBox_ESt6vectorIS4_SaIS4_EEEES5_NS0_5__ops15_Iter_comp_iterIPFbRKS4_SD_EEEEvT_SH_T0_T1_
FNDA:50,_ZSt24__merge_sort_with_bufferIN9__gnu_cxx17__normal_iteratorIPSt4pairIf15NormalizedBBox_ESt6vectorIS4_SaIS4_EEEES5_NS0_5__ops15_Iter_comp_iterIPFbRKS4_SD_EEEEvT_SH_T0_T1_
FN:2732,_ZSt22__stable_sort_adaptiveIN9__gnu_cxx17__normal_iteratorIPSt4pairIf15NormalizedBBox_ESt6vectorIS4_SaIS4_EEEES5_lNS0_5__ops15_Iter_comp_iterIPFbRKS4_SD_EEEEvT_SH_T0_T1_T2_
FNDA:25,_ZSt22__stable_sort_adaptiveIN9__gnu_cxx17__normal_iteratorIPSt4pairIf15NormalizedBBox_ESt6vectorIS4_SaIS4_EEEES5_lNS0_5__ops15_Iter_comp_iterIPFbRKS4_SD_EEEEvT_SH_T0_T1_T2_
FN:2761,_ZSt21__inplace_stable_sortIN9__gnu_cxx17__normal_iteratorIPSt4pairIf15NormalizedBBox_ESt6vectorIS4_SaIS4_EEEENS0_5__ops15_Iter_comp_iterIPFbRKS4_SD_EEEEvT_SH_T0_
FNDA:0,_ZSt21__inplace_stable_sortIN9__gnu_cxx17__normal_iteratorIPSt4pairIf15NormalizedBBox_ESt6vectorIS4_SaIS4_EEEENS0_5__ops15_Iter_comp_iterIPFbRKS4_SD_EEEEvT_SH_T0_
FN:5031,_ZSt13__stable_sortIN9__gnu_cxx17__normal_iteratorIPSt4pairIf15NormalizedBBox_ESt6vectorIS4_SaIS4_EEEENS0_5__ops15_Iter_comp_iterIPFbRKS4_SD_EEEEvT_SH_T0_
FNDA:25,_ZSt13__stable_sortIN9__gnu_cxx17__normal_iteratorIPSt4pairIf15NormalizedBBox_ESt6vectorIS4_SaIS4_EEEENS0_5__ops15_Iter_comp_iterIPFbRKS4_SD_EEEEvT_SH_T0_
FN:5102,_ZSt11stable_sortIN9__gnu_cxx17__normal_iteratorIPSt4pairIf15NormalizedBBox_ESt6vectorIS4_SaIS4_EEEEPFbRKS4_SB_EEvT_SE_T0_
FNDA:25,_ZSt11stable_sortIN9__gnu_cxx17__normal_iteratorIPSt4pairIf15NormalizedBBox_ESt6vectorIS4_SaIS4_EEEEPFbRKS4_SB_EEvT_SE_T0_
DA:1334,0
DA:1343,0
BRDA:1343,0,0,-
BRDA:1343,0,1,-
DA:1344,0
DA:1345,0
BRDA:1345,0,0,-
BRDA:1345,0,1,-
DA:1346,0
DA:1353,0
DA:1354,0
DA:1356,0
BRDA:1356,0,0,-
BRDA:1356,0,1,-
DA:1358,0
DA:1359,0
DA:1362,0
DA:1363,0
DA:1365,0
DA:1367,0
BRDA:1367,0,0,-
BRDA:1367,0,1,-
DA:1376,0
DA:1377,0
BRDA:1377,0,0,-
BRDA:1377,0,1,-
DA:1379,0
DA:1380,0
DA:1381,0
DA:1383,0
DA:1384,0
BRDA:1384,0,0,-
BRDA:1384,0,1,-
DA:1385,0
DA:1386,0
DA:1387,0
DA:1391,0
DA:1399,0
DA:1400,0
DA:1401,0
BRDA:1401,0,0,-
BRDA:1401,0,1,-
DA:1403,0
DA:1404,0
DA:1405,0
DA:1407,0
DA:1408,0
BRDA:1408,0,0,-
BRDA:1408,0,1,-
DA:1409,0
DA:1410,0
DA:1440,0
DA:1449,0
DA:1450,0
DA:1826,178
DA:1830,178
DA:1831,178
DA:1832,178
DA:1833,453
BRDA:1833,0,0,453
BRDA:1833,0,1,0
BRDA:1833,0,2,275
BRDA:1833,0,3,178
DA:1835,275
DA:1836,275
DA:1837,275
DA:1839,178
DA:1840,178
DA:1845,97
DA:1848,97
BRDA:1848,0,0,21
BRDA:1848,0,1,76
DA:1850,394
BRDA:1850,0,0,318
BRDA:1850,0,1,76
DA:1852,318
BRDA:1852,0,0,318
BRDA:1852,0,1,0
BRDA:1852,0,2,140
BRDA:1852,0,3,178
DA:1855,140
DA:1856,140
BRDA:1856,0,0,140
BRDA:1856,0,1,0
DA:1857,140
DA:1860,178
BRDA:1860,0,0,178
BRDA:1860,0,1,0
BRDA:1860,0,2,178
BRDA:1860,0,3,0
DA:2044,0
DA:2050,0
DA:2052,0
BRDA:2052,0,0,-
BRDA:2052,0,1,-
DA:2054,0
DA:2055,0
DA:2056,0
BRDA:2056,0,0,-
BRDA:2056,0,1,-
DA:2057,0
BRDA:2057,0,0,-
BRDA:2057,0,1,-
BRDA:2057,0,2,-
BRDA:2057,0,3,-
DA:2058,0
DA:2061,0
DA:2062,0
DA:2063,0
DA:2066,0
DA:2309,174
DA:2313,174
BRDA:2313,0,0,170
BRDA:2313,0,1,4
BRDA:2313,0,2,163
BRDA:2313,0,3,7
BRDA:2313,0,4,163
BRDA:2313,0,5,11
DA:2315,163
BRDA:2315,0,0,81
BRDA:2315,0,1,82
DA:2317,81
DA:2318,81
DA:2322,82
DA:2323,82
DA:2325,163
DA:2327,11
BRDA:2327,0,0,7
BRDA:2327,0,1,4
DA:2328,7
DA:2329,11
DA:2335,14
DA:2342,14
BRDA:2342,0,0,0
BRDA:2342,0,1,14
DA:2344,0
DA:2345,0
DA:2347,14
BRDA:2347,0,0,0
BRDA:2347,0,1,14
DA:2348,0
DA:2350,14
DA:2351,14
DA:2354,176
BRDA:2354,0,0,98
BRDA:2354,0,1,78
DA:2356,98
DA:2357,98
BRDA:2357,0,0,9
BRDA:2357,0,1,89
DA:2359,9
DA:2360,9
DA:2362,89
DA:2366,78
DA:2367,78
BRDA:2367,0,0,5
BRDA:2367,0,1,73
DA:2368,5
DA:2369,73
DA:2378,0
DA:2386,0
BRDA:2386,0,0,-
BRDA:2386,0,1,-
BRDA:2386,0,2,-
BRDA:2386,0,3,-
DA:2388,0
BRDA:2388,0,0,-
BRDA:2388,0,1,-
DA:2390,0
DA:2391,0
DA:2392,0
DA:2395,0
DA:2397,0
BRDA:2397,0,0,-
BRDA:2397,0,1,-
DA:2399,0
BRDA:2399,0,0,-
BRDA:2399,0,1,-
DA:2401,0
DA:2402,0
DA:2403,0
DA:2406,0
DA:2409,0
DA:2416,25
DA:2423,25
BRDA:2423,0,0,11
BRDA:2423,0,1,14
BRDA:2423,0,2,11
BRDA:2423,0,3,0
DA:2425,11
DA:2426,11
DA:2427,11
DA:2429,14
BRDA:2429,0,0,14
BRDA:2429,0,1,0
DA:2431,14
DA:2432,14
DA:2437,0
DA:2438,0
DA:2439,0
DA:2440,0
DA:2441,0
BRDA:2441,0,0,-
BRDA:2441,0,1,-
DA:2443,0
DA:2444,0
BRDA:2444,0,0,-
BRDA:2444,0,1,-
DA:2446,0
BRDA:2446,0,0,-
BRDA:2446,0,1,-
BRDA:2446,0,2,-
BRDA:2446,0,3,-
DA:2448,0
BRDA:2448,0,0,-
BRDA:2448,0,1,-
DA:2452,0
DA:2453,0
BRDA:2453,0,0,-
BRDA:2453,0,1,-
DA:2455,0
BRDA:2455,0,0,-
BRDA:2455,0,1,-
BRDA:2455,0,2,-
BRDA:2455,0,3,-
DA:2457,0
BRDA:2457,0,0,-
BRDA:2457,0,1,-
DA:2461,0
BRDA:2461,0,0,-
BRDA:2461,0,1,-
DA:2464,0
BRDA:2464,0,0,-
BRDA:2464,0,1,-
DA:2466,0
BRDA:2466,0,0,-
BRDA:2466,0,1,-
DA:2471,25
DA:2477,0
DA:2483,0
BRDA:2483,0,0,-
BRDA:2483,0,1,-
BRDA:2483,0,2,-
BRDA:2483,0,3,-
DA:2484,0
DA:2486,0
BRDA:2486,0,0,-
BRDA:2486,0,1,-
DA:2488,0
BRDA:2488,0,0,-
BRDA:2488,0,1,-
BRDA:2488,0,2,-
BRDA:2488,0,3,-
DA:2489,0
DA:2490,0
DA:2493,0
DA:2494,0
DA:2495,0
DA:2496,0
DA:2497,0
BRDA:2497,0,0,-
BRDA:2497,0,1,-
DA:2499,0
DA:2500,0
BRDA:2500,0,0,-
BRDA:2500,0,1,-
DA:2502,0
BRDA:2502,0,0,-
BRDA:2502,0,1,-
BRDA:2502,0,2,-
BRDA:2502,0,3,-
DA:2504,0
BRDA:2504,0,0,-
BRDA:2504,0,1,-
DA:2508,0
DA:2509,0
BRDA:2509,0,0,-
BRDA:2509,0,1,-
DA:2511,0
BRDA:2511,0,0,-
BRDA:2511,0,1,-
BRDA:2511,0,2,-
BRDA:2511,0,3,-
DA:2513,0
BRDA:2513,0,0,-
BRDA:2513,0,1,-
DA:2517,0
BRDA:2517,0,0,-
BRDA:2517,0,1,-
DA:2518,0
BRDA:2518,0,0,-
BRDA:2518,0,1,-
DA:2520,0
BRDA:2520,0,0,-
BRDA:2520,0,1,-
DA:2639,26
DA:2643,26
BRDA:2643,0,0,26
BRDA:2643,0,1,0
BRDA:2643,0,2,0
BRDA:2643,0,3,26
DA:2645,0
BRDA:2645,0,0,-
BRDA:2645,0,1,-
DA:2647,0
DA:2648,0
DA:2652,0
DA:2653,0
DA:2655,0
DA:2657,26
DA:2639,170
DA:2643,170
BRDA:2643,0,0,165
BRDA:2643,0,1,5
BRDA:2643,0,2,144
BRDA:2643,0,3,21
BRDA:2643,0,4,144
BRDA:2643,0,5,26
DA:2645,144
BRDA:2645,0,0,42
BRDA:2645,0,1,102
DA:2647,42
DA:2648,42
DA:2652,102
DA:2653,102
DA:2655,144
DA:2657,26
DA:2665,26
DA:2670,26
DA:2672,26
BRDA:2672,0,0,0
BRDA:2672,0,1,26
DA:2674,0
DA:2675,0
DA:2676,0
DA:2678,0
DA:2680,26
DA:2682,26
DA:2683,26
DA:2684,26
DA:2665,26
DA:2670,26
DA:2672,26
BRDA:2672,0,0,0
BRDA:2672,0,1,26
DA:2674,0
DA:2678,0
DA:2680,26
DA:2682,26
DA:2684,26
DA:2689,97
DA:2693,97
BRDA:2693,0,0,47
BRDA:2693,0,1,50
DA:2695,47
DA:2696,47
DA:2698,50
DA:2699,50
DA:2705,50
DA:2712,50
DA:2713,50
DA:2715,50
DA:2716,50
DA:2718,76
BRDA:2718,0,0,26
BRDA:2718,0,1,50
DA:2720,26
DA:2722,26
DA:2723,26
DA:2725,26
DA:2727,50
DA:2732,25
DA:2737,25
DA:2738,25
DA:2739,25
BRDA:2739,0,0,0
BRDA:2739,0,1,25
DA:2741,0
BRDA:2741,0,0,-
BRDA:2741,0,1,-
DA:2743,0
BRDA:2743,0,0,-
BRDA:2743,0,1,-
DA:2748,25
BRDA:2748,0,0,25
BRDA:2748,0,1,0
DA:2749,25
BRDA:2749,0,0,25
BRDA:2749,0,1,0
DA:2751,25
BRDA:2751,0,0,25
BRDA:2751,0,1,0
DA:2752,25
DA:2753,25
DA:2756,25
DA:2761,0
DA:2764,0
BRDA:2764,0,0,-
BRDA:2764,0,1,-
DA:2766,0
BRDA:2766,0,0,-
BRDA:2766,0,1,-
DA:2767,0
DA:2769,0
DA:2770,0
BRDA:2770,0,0,-
BRDA:2770,0,1,-
DA:2771,0
BRDA:2771,0,0,-
BRDA:2771,0,1,-
DA:2772,0
BRDA:2772,0,0,-
BRDA:2772,0,1,-
DA:5031,25
DA:5040,50
BRDA:5040,0,0,25
BRDA:5040,0,1,0
BRDA:5040,0,2,25
BRDA:5040,0,3,0
DA:5042,25
BRDA:5042,0,0,0
BRDA:5042,0,1,25
DA:5043,0
BRDA:5043,0,0,-
BRDA:5043,0,1,-
DA:5045,25
BRDA:5045,0,0,25
BRDA:5045,0,1,0
DA:5046,25
DA:5047,25
DA:5102,25
DA:5114,25
DA:5116,25
end_of_record
SF:/usr/include/c++/9/bits/stl_pair.h
FN:229,_ZNSt4pairIf15NormalizedBBox_EC2IfS0_Lb1EEEv
FNDA:0,_ZNSt4pairIf15NormalizedBBox_EC2IfS0_Lb1EEEv
FN:341,_ZNSt4pairIPS_If15NormalizedBBox_ElEC2IS2_iLb1EEEOT_OT0_
FNDA:0,_ZNSt4pairIPS_If15NormalizedBBox_ElEC2IS2_iLb1EEEOT_OT0_
FN:341,_ZNSt4pairIPS_If15NormalizedBBox_ElEC2IRS2_RlLb1EEEOT_OT0_
FNDA:25,_ZNSt4pairIPS_If15NormalizedBBox_ElEC2IRS2_RlLb1EEEOT_OT0_
FN:341,_ZNSt4pairIf15NormalizedBBox_EC2IRfRS0_Lb1EEEOT_OT0_
FNDA:394,_ZNSt4pairIf15NormalizedBBox_EC2IRfRS0_Lb1EEEOT_OT0_
FN:389,_ZNSt4pairIf15NormalizedBBox_EaSEOS1_
FNDA:4998,_ZNSt4pairIf15NormalizedBBox_EaSEOS1_
FN:424,_ZNSt4pairIf15NormalizedBBox_E4swapERS1_
FNDA:0,_ZNSt4pairIf15NormalizedBBox_E4swapERS1_
FN:495,_ZSt4swapIf15NormalizedBBox_ENSt9enable_ifIXsrSt6__and_IJSt14__is_swappableIT_ES3_IT0_EEE5valueEvE4typeERSt4pairIS4_S6_ESD_
FNDA:0,_ZSt4swapIf15NormalizedBBox_ENSt9enable_ifIXsrSt6__and_IJSt14__is_swappableIT_ES3_IT0_EEE5valueEvE4typeERSt4pairIS4_S6_ESD_
FN:524,_ZSt9make_pairIRfR15NormalizedBBox_ESt4pairINSt17__decay_and_stripIT_E6__typeENS4_IT0_E6__typeEEOS5_OS8_
FNDA:394,_ZSt9make_pairIRfR15NormalizedBBox_ESt4pairINSt17__decay_and_stripIT_E6__typeENS4_IT0_E6__typeEEOS5_OS8_
DA:229,0
DA:230,0
DA:341,0
DA:342,0
DA:341,25
DA:342,25
DA:341,394
DA:342,394
DA:389,4998
DA:396,4998
DA:397,4998
DA:398,4998
DA:424,0
DA:429,0
DA:430,0
DA:431,0
DA:495,0
DA:497,0
DA:524,394
DA:529,394
end_of_record
SF:/usr/include/c++/9/bits/allocator.h
FN:137,_ZNSaI9FaceRect_EC2Ev
FNDA:25,_ZNSaI9FaceRect_EC2Ev
FN:137,_ZNSaISt4pairIf15NormalizedBBox_EEC2Ev
FNDA:50,_ZNSaISt4pairIf15NormalizedBBox_EEC2Ev
FN:152,_ZNSaI9FaceRect_ED2Ev
FNDA:25,_ZNSaI9FaceRect_ED2Ev
FN:152,_ZNSaISt4pairIf15NormalizedBBox_EED2Ev
FNDA:50,_ZNSaISt4pairIf15NormalizedBBox_EED2Ev
DA:137,25
DA:137,50
DA:152,25
DA:152,50
end_of_record
SF:/home/marija/Documents/2023_Analysis_libfacedetection/libfacedetection/src/facedetectcnn.cpp
FN:54,_Z7myAllocm
FNDA:2131,_Z7myAllocm
FN:70,_Z7myFree_Pv
FNDA:2131,_Z7myFree_Pv
FN:82,_Z36setDataFrom3x3S2P1to1x1S1P0FromImagePKhiiiii
FNDA:25,_Z36setDataFrom3x3S2P1to1x1S1P0FromImagePKhiiiii
FN:128,_Z10dotProductPKfS0_i
FNDA:1110580000,_Z10dotProductPKfS0_i
FN:178,_Z9vecMulAddPKfS0_Pfi
FNDA:301116000,_Z9vecMulAddPKfS0_Pfi
FN:218,_Z6vecAddPKfPfi
FNDA:33609000,_Z6vecAddPKfPfi
FN:256,_Z6vecAddPKfS0_Pfi
FNDA:1020000,_Z6vecAddPKfS0_Pfi
FN:294,_Z24convolution_1x1pointwiseRK9CDataBlobIfERK7FiltersIfERS0_
FNDA:675,_Z24convolution_1x1pointwiseRK9CDataBlobIfERK7FiltersIfERS0_
FN:316,_Z24convolution_3x3depthwiseRK9CDataBlobIfERK7FiltersIfERS0_
FNDA:650,_Z24convolution_3x3depthwiseRK9CDataBlobIfERK7FiltersIfERS0_
FN:353,_Z4reluR9CDataBlobIfE
FNDA:375,_Z4reluR9CDataBlobIfE
FN:390,_Z13IntersectBBoxRK15NormalizedBBox_S1_PS_
FNDA:369,_Z13IntersectBBoxRK15NormalizedBBox_S1_PS_
FN:411,_Z14JaccardOverlapRK15NormalizedBBox_S1_
FNDA:369,_Z14JaccardOverlapRK15NormalizedBBox_S1_
FN:432,_Z24SortScoreBBoxPairDescendRKSt4pairIf15NormalizedBBox_ES3_
FNDA:1254,_Z24SortScoreBBoxPairDescendRKSt4pairIf15NormalizedBBox_ES3_
FN:438,_Z10upsampleX2RK9CDataBlobIfE
FNDA:50,_Z10upsampleX2RK9CDataBlobIfE
FN:462,_Z10elementAddRK9CDataBlobIfES2_
FNDA:50,_Z10elementAddRK9CDataBlobIfES2_
FN:479,_Z11convolutionRK9CDataBlobIfERK7FiltersIfEb
FNDA:1325,_Z11convolutionRK9CDataBlobIfERK7FiltersIfEb
FN:508,_Z13convolutionDPRK9CDataBlobIfERK7FiltersIfES6_b
FNDA:650,_Z13convolutionDPRK9CDataBlobIfERK7FiltersIfES6_b
FN:516,_Z21convolution4layerUnitRK9CDataBlobIfERK7FiltersIfES6_S6_S6_b
FNDA:125,_Z21convolution4layerUnitRK9CDataBlobIfERK7FiltersIfES6_S6_S6_b
FN:527,_Z15maxpooling2x2S2RK9CDataBlobIfE
FNDA:100,_Z15maxpooling2x2S2RK9CDataBlobIfE
FN:622,_Z8meshgridiiif
FNDA:75,_Z8meshgridiiif
FN:635,_Z11bbox_decodeR9CDataBlobIfERKS0_i
FNDA:75,_Z11bbox_decodeR9CDataBlobIfERKS0_i
FN:661,_Z10kps_decodeR9CDataBlobIfERKS0_i
FNDA:75,_Z10kps_decodeR9CDataBlobIfERKS0_i
FN:686,_Z7concat3IfE9CDataBlobIT_ERKS2_S4_S4_
FNDA:100,_Z7concat3IfE9CDataBlobIT_ERKS2_S4_S4_
FN:733,_Z11blob2vectorIfE9CDataBlobIT_ERKS2_
FNDA:300,_Z11blob2vectorIfE9CDataBlobIT_ERKS2_
FN:759,_Z7sigmoidR9CDataBlobIfE
FNDA:50,_Z7sigmoidR9CDataBlobIfE
FN:773,_Z16detection_outputRK9CDataBlobIfES2_S2_S2_ffii
FNDA:25,_Z16detection_outputRK9CDataBlobIfES2_S2_S2_ffii
DA:54,2131
DA:57,2131
DA:58,2131
BRDA:58,0,0,2036
BRDA:58,0,1,95
DA:60,2131
BRDA:60,0,0,0
BRDA:60,0,1,2131
DA:61,0
DA:64,2131
DA:65,2131
DA:67,2131
DA:70,2131
DA:73,2131
BRDA:73,0,0,2131
BRDA:73,0,1,0
DA:75,2131
BRDA:75,0,0,0
BRDA:75,0,1,2131
DA:76,0
DA:77,2131
DA:82,25
DA:83,25
BRDA:83,0,0,0
BRDA:83,0,1,25
DA:84,0
DA:85,0
DA:87,25
BRDA:87,0,0,0
BRDA:87,0,1,25
DA:88,0
DA:89,0
DA:91,25
DA:92,25
DA:93,25
DA:94,25
DA:99,13625
BRDA:99,0,0,13600
BRDA:99,0,1,25
DA:100,13069600
BRDA:100,0,0,13056000
BRDA:100,0,1,13600
DA:101,13056000
DA:102,52224000
BRDA:102,0,0,39168000
BRDA:102,0,1,13056000
DA:103,39168000
DA:105,39168000
BRDA:105,0,0,39144000
BRDA:105,0,1,24000
BRDA:105,0,2,264000
BRDA:105,0,3,38880000
DA:106,288000
DA:108,155520000
BRDA:108,0,0,116640000
BRDA:108,0,1,38880000
DA:109,116640000
DA:111,116640000
BRDA:111,0,0,116600000
BRDA:111,0,1,40500
BRDA:111,0,2,0
BRDA:111,0,3,116600000
DA:112,40500
DA:114,116600000
DA:116,116600000
DA:117,116600000
DA:118,116600000
DA:119,116600000
DA:124,25
DA:128,1110580000
DA:130,1110580000
DA:169,37928500000
BRDA:169,0,0,36817900000
BRDA:169,0,1,1110580000
DA:171,36817900000
DA:175,1110580000
DA:178,301116000
DA:211,8375930000
BRDA:211,0,0,8074820000
BRDA:211,0,1,301116000
DA:212,8074820000
DA:215,301116000
DA:218,33609000
DA:248,935289000
BRDA:248,0,0,901680000
BRDA:248,0,1,33609000
DA:250,901680000
DA:253,33609000
DA:256,1020000
DA:286,66300000
BRDA:286,0,0,65280000
BRDA:286,0,1,1020000
DA:288,65280000
DA:291,1020000
DA:294,675
DA:299,96725
BRDA:299,0,0,96050
BRDA:299,0,1,675
DA:301,46761000
BRDA:301,0,0,46665000
BRDA:301,0,1,96050
DA:303,46665000
DA:304,46665000
DA:305,1157240000
BRDA:305,0,0,1110580000
BRDA:305,0,1,46665000
DA:307,1110580000
DA:308,1110580000
DA:309,1110580000
DA:313,675
DA:316,650
DA:319,650
DA:323,83100
BRDA:323,0,0,82450
BRDA:323,0,1,650
DA:325,82450
DA:326,82450
DA:327,82450
DA:328,82450
BRDA:328,0,0,650
BRDA:328,0,1,81800
DA:330,33691400
BRDA:330,0,0,33609000
BRDA:330,0,1,82450
DA:332,33609000
DA:333,33609000
DA:334,33609000
DA:335,33609000
DA:336,33609000
BRDA:336,0,0,82450
BRDA:336,0,1,33526600
DA:339,134145000
BRDA:339,0,0,100536000
BRDA:339,0,1,33609000
DA:340,401652000
BRDA:340,0,0,301116000
BRDA:340,0,1,100536000
DA:342,301116000
DA:343,301116000
DA:344,301116000
DA:345,301116000
DA:347,33609000
DA:350,650
DA:353,375
DA:355,375
BRDA:355,0,0,0
BRDA:355,0,1,375
DA:357,0
DA:358,0
DA:361,375
DA:383,1093440000
BRDA:383,0,0,1093440000
BRDA:383,0,1,375
DA:384,1093440000
BRDA:384,0,0,723326000
BRDA:384,0,1,370114000
DA:387,375
DA:390,369
DA:393,369
BRDA:393,0,0,369
BRDA:393,0,1,0
BRDA:393,0,2,369
BRDA:393,0,3,0
DA:394,369
BRDA:394,0,0,369
BRDA:394,0,1,0
BRDA:394,0,2,0
BRDA:394,0,3,369
DA:397,0
DA:398,0
DA:399,0
DA:400,0
DA:404,369
DA:405,369
DA:406,369
DA:407,369
DA:409,369
DA:411,369
DA:414,369
BRDA:414,0,0,369
BRDA:414,0,1,0
DA:416,369
DA:417,369
DA:419,369
BRDA:419,0,0,369
BRDA:419,0,1,0
BRDA:419,0,2,369
BRDA:419,0,3,0
DA:421,369
DA:422,369
DA:423,369
DA:424,369
DA:428,0
DA:432,1254
DA:434,1254
DA:438,50
DA:439,50
BRDA:439,0,0,0
BRDA:439,0,1,50
DA:440,0
DA:441,0
DA:444,50
DA:446,2600
BRDA:446,0,0,2550
BRDA:446,0,1,50
DA:447,257550
BRDA:447,0,0,255000
BRDA:447,0,1,2550
DA:448,255000
DA:449,255000
DA:450,255000
DA:451,16575000
BRDA:451,0,0,16320000
BRDA:451,0,1,255000
DA:452,16320000
DA:453,16320000
DA:454,16320000
DA:455,16320000
DA:459,50
DA:462,50
DA:463,50
BRDA:463,0,0,50
BRDA:463,0,1,0
BRDA:463,0,2,50
BRDA:463,0,3,0
BRDA:463,0,4,0
BRDA:463,0,5,50
DA:464,0
DA:465,0
DA:467,50
DA:468,5150
BRDA:468,0,0,5100
BRDA:468,0,1,50
DA:469,1025100
BRDA:469,0,0,1020000
BRDA:469,0,1,5100
DA:470,1020000
DA:471,1020000
DA:472,1020000
DA:473,1020000
DA:476,50
DA:479,1325
DA:481,1325
BRDA:481,0,0,1325
BRDA:481,0,1,0
BRDA:481,0,2,1325
BRDA:481,0,3,0
BRDA:481,0,4,0
BRDA:481,0,5,1325
BRDA:481,0,6,0
BRDA:481,0,7,1325
DA:483,0
DA:484,0
DA:486,1325
BRDA:486,0,0,0
BRDA:486,0,1,1325
DA:488,0
DA:489,0
DA:491,1325
DA:492,1325
BRDA:492,0,0,675
BRDA:492,0,1,650
BRDA:492,0,2,675
BRDA:492,0,3,0
DA:493,675
BRDA:493,0,0,675
BRDA:493,0,1,0
DA:494,650
BRDA:494,0,0,650
BRDA:494,0,1,0
BRDA:494,0,2,650
BRDA:494,0,3,0
DA:495,650
BRDA:495,0,0,650
BRDA:495,0,1,0
DA:498,0
BRDA:498,0,0,-
BRDA:498,0,1,-
BRDA:498,0,2,-
BRDA:498,0,3,-
BRDA:498,0,4,-
BRDA:498,0,5,-
DA:499,0
DA:502,1325
BRDA:502,0,0,375
BRDA:502,0,1,950
DA:503,375
BRDA:503,0,0,375
BRDA:503,0,1,0
DA:505,1325
DA:508,650
DA:511,1300
BRDA:511,0,0,650
BRDA:511,0,1,0
DA:512,650
BRDA:512,0,0,650
BRDA:512,0,1,0
DA:513,1300
DA:516,125
DA:520,250
BRDA:520,0,0,125
BRDA:520,0,1,0
DA:521,125
BRDA:521,0,0,125
BRDA:521,0,1,0
DA:522,250
DA:527,100
DA:529,100
BRDA:529,0,0,0
BRDA:529,0,1,100
DA:531,0
DA:532,0
DA:534,100
DA:535,100
DA:536,100
DA:538,100
BRDA:538,0,0,100
BRDA:538,0,1,0
BRDA:538,0,2,0
BRDA:538,0,3,100
DA:540,0
DA:541,0
DA:544,100
DA:545,100
DA:547,12850
BRDA:547,0,0,12750
BRDA:547,0,1,100
DA:549,4347750
BRDA:549,0,0,4335000
BRDA:549,0,1,12750
DA:552,4335000
DA:554,4335000
DA:555,4335000
DA:556,4335000
BRDA:556,0,0,0
BRDA:556,0,1,4335000
DA:557,4335000
BRDA:557,0,0,0
BRDA:557,0,1,4335000
DA:559,13005000
BRDA:559,0,0,8670000
BRDA:559,0,1,4335000
DA:561,26010000
BRDA:561,0,0,17340000
BRDA:561,0,1,8670000
DA:563,17340000
DA:567,4335000
DA:568,4335000
DA:607,125103000
BRDA:607,0,0,120768000
BRDA:607,0,1,4335000
DA:609,120768000
DA:610,483072000
BRDA:610,0,0,362304000
BRDA:610,0,1,120768000
DA:612,362304000
BRDA:612,0,0,55204200
BRDA:612,0,1,307100000
DA:614,120768000
DA:619,100
DA:622,75
DA:623,75
DA:624,6025
BRDA:624,0,0,5950
BRDA:624,0,1,75
DA:625,5950
DA:626,1076950
BRDA:626,0,0,1071000
BRDA:626,0,1,5950
DA:627,1071000
DA:628,1071000
DA:629,1071000
DA:632,75
DA:635,75
DA:636,75
BRDA:636,0,0,75
BRDA:636,0,1,0
BRDA:636,0,2,0
BRDA:636,0,3,75
DA:638,0
DA:639,0
BRDA:639,0,0,-
BRDA:639,0,1,-
BRDA:639,0,2,-
BRDA:639,0,3,-
BRDA:639,0,4,-
BRDA:639,0,5,-
BRDA:639,0,6,-
BRDA:639,0,7,-
BRDA:639,0,8,-
BRDA:639,0,9,-
BRDA:639,0,10,-
BRDA:639,0,11,-
BRDA:639,0,12,-
BRDA:639,0,13,-
BRDA:639,0,14,-
BRDA:639,0,15,-
BRDA:639,0,16,-
BRDA:639,0,17,-
BRDA:639,0,18,-
BRDA:639,0,19,-
BRDA:639,0,20,-
BRDA:639,0,21,-
BRDA:639,0,22,-
BRDA:639,0,23,-
DA:641,75
BRDA:641,0,0,0
BRDA:641,0,1,75
DA:642,0
DA:644,75
DA:645,6025
BRDA:645,0,0,5950
BRDA:645,0,1,75
DA:646,1076950
BRDA:646,0,0,1071000
BRDA:646,0,1,5950
DA:647,1071000
DA:648,1071000
DA:649,1071000
DA:650,1071000
DA:651,1071000
DA:652,1071000
DA:653,1071000
DA:654,1071000
DA:655,1071000
DA:656,1071000
DA:659,75
DA:661,75
DA:662,75
BRDA:662,0,0,75
BRDA:662,0,1,0
BRDA:662,0,2,0
BRDA:662,0,3,75
DA:663,0
DA:664,0
DA:666,75
BRDA:666,0,0,0
BRDA:666,0,1,75
DA:667,0
DA:668,0
DA:670,75
DA:671,75
DA:673,6025
BRDA:673,0,0,5950
BRDA:673,0,1,75
DA:674,1076950
BRDA:674,0,0,1071000
BRDA:674,0,1,5950
DA:675,1071000
DA:676,1071000
DA:677,6426000
BRDA:677,0,0,5355000
BRDA:677,0,1,1071000
DA:678,5355000
DA:679,5355000
DA:683,75
DA:686,100
DA:688,100
BRDA:688,0,0,100
BRDA:688,0,1,0
BRDA:688,0,2,100
BRDA:688,0,3,0
BRDA:688,0,4,0
BRDA:688,0,5,100
BRDA:688,0,6,0
BRDA:688,0,7,100
DA:690,0
DA:691,0
DA:694,100
BRDA:694,0,0,100
BRDA:694,0,1,0
DA:695,100
BRDA:695,0,0,100
BRDA:695,0,1,0
DA:696,100
BRDA:696,0,0,100
BRDA:696,0,1,0
DA:697,100
BRDA:697,0,0,0
BRDA:697,0,1,100
DA:699,0
DA:700,0
DA:702,100
DA:703,100
DA:704,100
DA:706,100
BRDA:706,0,0,100
BRDA:706,0,1,0
BRDA:706,0,2,100
BRDA:706,0,3,0
BRDA:706,0,4,0
BRDA:706,0,5,100
DA:708,0
DA:709,0
DA:712,100
DA:714,200
BRDA:714,0,0,100
BRDA:714,0,1,100
DA:716,200
BRDA:716,0,0,100
BRDA:716,0,1,100
DA:718,100
DA:719,100
DA:720,100
DA:721,100
DA:723,100
DA:724,100
DA:725,100
DA:728,100
DA:733,300
DA:735,300
BRDA:735,0,0,0
BRDA:735,0,1,300
DA:737,0
DA:738,0
DA:741,300
DA:743,300
DA:744,300
DA:745,24100
BRDA:745,0,0,23800
BRDA:745,0,1,300
DA:747,4307800
BRDA:747,0,0,4284000
BRDA:747,0,1,23800
DA:749,4284000
DA:750,4284000
DA:751,4284000
DA:755,300
DA:759,50
DA:760,100
BRDA:760,0,0,50
BRDA:760,0,1,50
DA:761,100
BRDA:761,0,0,50
BRDA:761,0,1,50
DA:762,50
DA:763,2142050
BRDA:763,0,0,2142000
BRDA:763,0,1,50
DA:764,2142000
DA:765,2142000
DA:766,2142000
DA:767,2142000
DA:771,50
DA:773,25
DA:782,25
BRDA:782,0,0,25
BRDA:782,0,1,0
BRDA:782,0,2,25
BRDA:782,0,3,0
BRDA:782,0,4,25
BRDA:782,0,5,0
BRDA:782,0,6,0
BRDA:782,0,7,25
BRDA:782,0,8,0
BRDA:782,0,9,25
DA:784,0
BRDA:784,0,0,-
BRDA:784,0,1,-
BRDA:784,0,2,-
BRDA:784,0,3,-
BRDA:784,0,4,-
BRDA:784,0,5,-
DA:785,0
DA:787,25
BRDA:787,0,0,25
BRDA:787,0,1,0
BRDA:787,0,2,25
BRDA:787,0,3,0
BRDA:787,0,4,25
BRDA:787,0,5,0
BRDA:787,0,6,25
BRDA:787,0,7,0
BRDA:787,0,8,25
BRDA:787,0,9,0
BRDA:787,0,10,25
BRDA:787,0,11,0
BRDA:787,0,12,25
BRDA:787,0,13,0
BRDA:787,0,14,0
BRDA:787,0,15,25
DA:788,0
BRDA:788,0,0,-
BRDA:788,0,1,-
BRDA:788,0,2,-
BRDA:788,0,3,-
BRDA:788,0,4,-
BRDA:788,0,5,-
DA:789,0
DA:792,25
BRDA:792,0,0,0
BRDA:792,0,1,25
DA:793,0
BRDA:793,0,0,-
BRDA:793,0,1,-
BRDA:793,0,2,-
BRDA:793,0,3,-
BRDA:793,0,4,-
BRDA:793,0,5,-
BRDA:793,0,6,-
BRDA:793,0,7,-
BRDA:793,0,8,-
BRDA:793,0,9,-
DA:794,0
DA:797,25
DA:798,25
DA:799,25
DA:800,25
DA:802,50
DA:803,50
DA:806,1071020
BRDA:806,0,0,1071000
BRDA:806,0,1,25
DA:808,1071000
DA:811,1071000
BRDA:811,0,0,394
BRDA:811,0,1,1070610
DA:814,394
DA:815,394
DA:816,394
DA:817,394
DA:820,394
DA:821,394
BRDA:821,0,0,394
BRDA:821,0,1,0
BRDA:821,0,2,394
BRDA:821,0,3,0
DA:826,25
BRDA:826,0,0,25
BRDA:826,0,1,0
DA:829,25
BRDA:829,0,0,25
BRDA:829,0,1,0
BRDA:829,0,2,0
BRDA:829,0,3,25
BRDA:829,0,4,0
BRDA:829,0,5,25
DA:830,0
BRDA:830,0,0,-
BRDA:830,0,1,-
DA:834,25
DA:835,419
BRDA:835,0,0,394
BRDA:835,0,1,25
DA:836,394
DA:837,394
DA:838,763
BRDA:838,0,0,369
BRDA:838,0,1,394
DA:840,369
BRDA:840,0,0,369
BRDA:840,0,1,0
DA:842,369
DA:843,369
BRDA:843,0,0,369
BRDA:843,0,1,0
DA:844,369
DA:848,0
DA:851,394
BRDA:851,0,0,27
BRDA:851,0,1,367
DA:852,27
BRDA:852,0,0,27
BRDA:852,0,1,0
DA:854,394
BRDA:854,0,0,394
BRDA:854,0,1,0
DA:856,25
BRDA:856,0,0,25
BRDA:856,0,1,0
BRDA:856,0,2,0
BRDA:856,0,3,25
BRDA:856,0,4,0
BRDA:856,0,5,25
DA:857,0
BRDA:857,0,0,-
BRDA:857,0,1,-
DA:861,25
DA:863,25
DA:864,52
BRDA:864,0,0,27
BRDA:864,0,1,25
DA:866,27
DA:869,27
DA:870,27
DA:871,27
DA:872,27
DA:873,27
DA:875,297
BRDA:875,0,0,270
BRDA:875,0,1,27
DA:876,270
DA:878,27
BRDA:878,0,0,27
BRDA:878,0,1,0
DA:881,50
end_of_record
SF:/usr/include/c++/9/bits/stl_uninitialized.h
FN:539,_ZNSt27__uninitialized_default_n_1ILb0EE18__uninit_default_nIPSt4pairIf15NormalizedBBox_EmEET_S6_T0_
FNDA:0,_ZNSt27__uninitialized_default_n_1ILb0EE18__uninit_default_nIPSt4pairIf15NormalizedBBox_EmEET_S6_T0_
FN:592,_ZSt25__uninitialized_default_nIPSt4pairIf15NormalizedBBox_EmET_S4_T0_
FNDA:0,_ZSt25__uninitialized_default_nIPSt4pairIf15NormalizedBBox_EmET_S4_T0_
FN:661,_ZSt27__uninitialized_default_n_aIPSt4pairIf15NormalizedBBox_EmS2_ET_S4_T0_RSaIT1_E
FNDA:0,_ZSt27__uninitialized_default_n_aIPSt4pairIf15NormalizedBBox_EmS2_ET_S4_T0_RSaIT1_E
FN:905,_ZSt19__relocate_object_aISt4pairIf15NormalizedBBox_ES2_SaIS2_EEvPT_PT0_RT1_
FNDA:521,_ZSt19__relocate_object_aISt4pairIf15NormalizedBBox_ES2_SaIS2_EEvPT_PT0_RT1_
FN:924,_ZSt14__relocate_a_1I9FaceRect_S0_ENSt9enable_ifIXsrSt24__is_bitwise_relocatableIT_vE5valueEPS3_E4typeES5_S5_S5_RSaIT0_E
FNDA:54,_ZSt14__relocate_a_1I9FaceRect_S0_ENSt9enable_ifIXsrSt24__is_bitwise_relocatableIT_vE5valueEPS3_E4typeES5_S5_S5_RSaIT0_E
FN:936,_ZSt14__relocate_a_1IPSt4pairIf15NormalizedBBox_ES3_SaIS2_EET0_T_S6_S5_RT1_
FNDA:322,_ZSt14__relocate_a_1IPSt4pairIf15NormalizedBBox_ES3_SaIS2_EET0_T_S6_S5_RT1_
FN:958,_ZSt12__relocate_aIP9FaceRect_S1_SaIS0_EET0_T_S4_S3_RT1_
FNDA:54,_ZSt12__relocate_aIP9FaceRect_S1_SaIS0_EET0_T_S4_S3_RT1_
FN:958,_ZSt12__relocate_aIPSt4pairIf15NormalizedBBox_ES3_SaIS2_EET0_T_S6_S5_RT1_
FNDA:322,_ZSt12__relocate_aIPSt4pairIf15NormalizedBBox_ES3_SaIS2_EET0_T_S6_S5_RT1_
DA:539,0
DA:541,0
DA:544,0
BRDA:544,0,0,-
BRDA:544,0,1,-
DA:545,0
BRDA:545,0,0,-
BRDA:545,0,1,-
DA:546,0
DA:548,0
DA:550,0
BRDA:550,0,0,0
BRDA:550,0,1,0
DA:551,0
DA:592,0
DA:597,0
DA:601,0
DA:661,0
DA:663,0
DA:905,521
DA:912,521
DA:913,521
DA:914,521
DA:924,54
DA:927,54
DA:928,54
BRDA:928,0,0,2
BRDA:928,0,1,52
DA:929,2
DA:930,54
DA:936,322
DA:948,322
DA:949,843
BRDA:949,0,0,521
BRDA:949,0,1,322
DA:950,521
DA:952,322
DA:958,54
DA:964,54
DA:966,54
DA:958,322
DA:964,322
DA:966,322
end_of_record
SF:/home/marija/Documents/2023_Analysis_libfacedetection/libfacedetection/src/facedetectcnn.h
FN:149,_ZN9CDataBlobIfEC2Eiii
FNDA:2025,_ZN9CDataBlobIfEC2Eiii
FN:156,_ZN9CDataBlobIfED2Ev
FNDA:3056,_ZN9CDataBlobIfED2Ev
FN:176,_ZN9CDataBlobIfE7setNULLEv
FNDA:5187,_ZN9CDataBlobIfE7setNULLEv
FN:184,_ZN9CDataBlobIfE7setZeroEv
FNDA:2775,_ZN9CDataBlobIfE7setZeroEv
FN:190,_ZNK9CDataBlobIfE7isEmptyEv
FNDA:5200,_ZNK9CDataBlobIfE7isEmptyEv
FN:195,_ZN9CDataBlobIfE6createEiii
FNDA:2131,_ZN9CDataBlobIfE6createEiii
FN:242,_ZN9CDataBlobIfE3ptrEii
FNDA:167180000,_ZN9CDataBlobIfE3ptrEii
FN:249,_ZNK9CDataBlobIfE3ptrEii
FNDA:1801800000,_ZNK9CDataBlobIfE3ptrEii
DA:149,2025
DA:151,2025
DA:152,2025
DA:154,2025
DA:155,2025
DA:156,3056
DA:158,3056
DA:159,3056
DA:176,5187
DA:178,5187
BRDA:178,0,0,2131
BRDA:178,0,1,3056
DA:179,2131
DA:180,5187
DA:181,5187
DA:182,5187
DA:184,2775
DA:186,2775
BRDA:186,0,0,2775
BRDA:186,0,1,0
DA:187,2775
DA:188,2775
DA:190,5200
DA:192,5200
BRDA:192,0,0,5200
BRDA:192,0,1,0
BRDA:192,0,2,5200
BRDA:192,0,3,0
BRDA:192,0,4,5200
BRDA:192,0,5,0
BRDA:192,0,6,0
BRDA:192,0,7,5200
DA:195,2131
DA:197,2131
DA:199,2131
DA:200,2131
DA:201,2131
DA:204,2131
DA:205,2131
BRDA:205,0,0,1579
BRDA:205,0,1,552
DA:206,1579
DA:208,552
DA:209,2131
DA:211,2131
BRDA:211,0,0,0
BRDA:211,0,1,2131
DA:213,0
DA:214,0
DA:215,0
DA:216,0
DA:217,0
DA:239,2131
DA:242,167180000
DA:244,167180000
BRDA:244,0,0,167180000
BRDA:244,0,1,0
BRDA:244,0,2,167180000
BRDA:244,0,3,0
BRDA:244,0,4,167180000
BRDA:244,0,5,0
BRDA:244,0,6,0
BRDA:244,0,7,167180000
DA:245,0
DA:247,167180000
DA:249,1801800000
DA:251,1801800000
BRDA:251,0,0,1801800000
BRDA:251,0,1,0
BRDA:251,0,2,1801800000
BRDA:251,0,3,0
BRDA:251,0,4,1801800000
BRDA:251,0,5,0
BRDA:251,0,6,0
BRDA:251,0,7,1801800000
DA:252,0
DA:254,1801800000
end_of_record
SF:/usr/include/c++/9/cmath
FN:222,_ZSt3expf
FNDA:2142000,_ZSt3expf
FN:463,_ZSt4sqrtf
FNDA:1071000,_ZSt4sqrtf
DA:222,2142000
DA:223,2142000
DA:463,1071000
DA:464,1071000
end_of_record
SF:/usr/include/c++/9/bits/move.h
FN:47,_ZSt11__addressofISt4pairIf15NormalizedBBox_EEPT_RS3_
FNDA:1957,_ZSt11__addressofISt4pairIf15NormalizedBBox_EEPT_RS3_
FN:74,_ZSt7forwardIPSt4pairIf15NormalizedBBox_EEOT_RNSt16remove_referenceIS4_E4typeE
FNDA:0,_ZSt7forwardIPSt4pairIf15NormalizedBBox_EEOT_RNSt16remove_referenceIS4_E4typeE
FN:74,_ZSt7forwardIiEOT_RNSt16remove_referenceIS0_E4typeE
FNDA:0,_ZSt7forwardIiEOT_RNSt16remove_referenceIS0_E4typeE
FN:74,_ZSt7forwardIRfEOT_RNSt16remove_referenceIS1_E4typeE
FNDA:788,_ZSt7forwardIRfEOT_RNSt16remove_referenceIS1_E4typeE
FN:74,_ZSt7forwardIR15NormalizedBBox_EOT_RNSt16remove_referenceIS2_E4typeE
FNDA:788,_ZSt7forwardIR15NormalizedBBox_EOT_RNSt16remove_referenceIS2_E4typeE
FN:74,_ZSt7forwardIR9FaceRect_EOT_RNSt16remove_referenceIS2_E4typeE
FNDA:108,_ZSt7forwardIR9FaceRect_EOT_RNSt16remove_referenceIS2_E4typeE
FN:74,_ZSt7forwardISt4pairIf15NormalizedBBox_EEOT_RNSt16remove_referenceIS3_E4typeE
FNDA:2752,_ZSt7forwardISt4pairIf15NormalizedBBox_EEOT_RNSt16remove_referenceIS3_E4typeE
FN:74,_ZSt7forwardIRKSt4pairIf15NormalizedBBox_EEOT_RNSt16remove_referenceIS5_E4typeE
FNDA:81,_ZSt7forwardIRKSt4pairIf15NormalizedBBox_EEOT_RNSt16remove_referenceIS5_E4typeE
FN:74,_ZSt7forwardIRPSt4pairIf15NormalizedBBox_EEOT_RNSt16remove_referenceIS5_E4typeE
FNDA:25,_ZSt7forwardIRPSt4pairIf15NormalizedBBox_EEOT_RNSt16remove_referenceIS5_E4typeE
FN:74,_ZSt7forwardIRlEOT_RNSt16remove_referenceIS1_E4typeE
FNDA:25,_ZSt7forwardIRlEOT_RNSt16remove_referenceIS1_E4typeE
FN:74,_ZSt7forwardIfEOT_RNSt16remove_referenceIS0_E4typeE
FNDA:4998,_ZSt7forwardIfEOT_RNSt16remove_referenceIS0_E4typeE
FN:74,_ZSt7forwardI15NormalizedBBox_EOT_RNSt16remove_referenceIS1_E4typeE
FNDA:4998,_ZSt7forwardI15NormalizedBBox_EOT_RNSt16remove_referenceIS1_E4typeE
FN:99,_ZSt4moveIRN9__gnu_cxx5__ops15_Iter_comp_iterIPFbRKSt4pairIf15NormalizedBBox_ES7_EEEEONSt16remove_referenceIT_E4typeEOSD_
FNDA:178,_ZSt4moveIRN9__gnu_cxx5__ops15_Iter_comp_iterIPFbRKSt4pairIf15NormalizedBBox_ES7_EEEEONSt16remove_referenceIT_E4typeEOSD_
FN:99,_ZSt4moveIRPFbRKSt4pairIf15NormalizedBBox_ES4_EEONSt16remove_referenceIT_E4typeEOS9_
FNDA:228,_ZSt4moveIRPFbRKSt4pairIf15NormalizedBBox_ES4_EEONSt16remove_referenceIT_E4typeEOS9_
FN:99,_ZSt4moveIRlEONSt16remove_referenceIT_E4typeEOS2_
FNDA:0,_ZSt4moveIRlEONSt16remove_referenceIT_E4typeEOS2_
FN:99,_ZSt4moveIRSt4pairIf15NormalizedBBox_EEONSt16remove_referenceIT_E4typeEOS5_
FNDA:6625,_ZSt4moveIRSt4pairIf15NormalizedBBox_EEONSt16remove_referenceIT_E4typeEOS5_
FN:99,_ZSt4moveIRfEONSt16remove_referenceIT_E4typeEOS2_
FNDA:0,_ZSt4moveIRfEONSt16remove_referenceIT_E4typeEOS2_
FN:99,_ZSt4moveIR15NormalizedBBox_EONSt16remove_referenceIT_E4typeEOS3_
FNDA:0,_ZSt4moveIR15NormalizedBBox_EONSt16remove_referenceIT_E4typeEOS3_
FN:182,_ZSt4swapI15NormalizedBBox_ENSt9enable_ifIXsrSt6__and_IJSt6__not_ISt15__is_tuple_likeIT_EESt21is_move_constructibleIS5_ESt18is_move_assignableIS5_EEE5valueEvE4typeERS5_SF_
FNDA:0,_ZSt4swapI15NormalizedBBox_ENSt9enable_ifIXsrSt6__and_IJSt6__not_ISt15__is_tuple_likeIT_EESt21is_move_constructibleIS5_ESt18is_move_assignableIS5_EEE5valueEvE4typeERS5_SF_
FN:182,_ZSt4swapIlENSt9enable_ifIXsrSt6__and_IJSt6__not_ISt15__is_tuple_likeIT_EESt21is_move_constructibleIS4_ESt18is_move_assignableIS4_EEE5valueEvE4typeERS4_SE_
FNDA:0,_ZSt4swapIlENSt9enable_ifIXsrSt6__and_IJSt6__not_ISt15__is_tuple_likeIT_EESt21is_move_constructibleIS4_ESt18is_move_assignableIS4_EEE5valueEvE4typeERS4_SE_
FN:182,_ZSt4swapIfENSt9enable_ifIXsrSt6__and_IJSt6__not_ISt15__is_tuple_likeIT_EESt21is_move_constructibleIS4_ESt18is_move_assignableIS4_EEE5valueEvE4typeERS4_SE_
FNDA:0,_ZSt4swapIfENSt9enable_ifIXsrSt6__and_IJSt6__not_ISt15__is_tuple_likeIT_EESt21is_move_constructibleIS4_ESt18is_move_assignableIS4_EEE5valueEvE4typeERS4_SE_
DA:47,1957
DA:48,1957
DA:74,4998
DA:75,4998
DA:74,4998
DA:75,4998
DA:74,0
DA:75,0
DA:74,25
DA:75,25
DA:74,25
DA:75,25
DA:74,81
DA:75,81
DA:74,2752
DA:75,2752
DA:74,108
DA:75,108
DA:74,788
DA:75,788
DA:74,788
DA:75,788
DA:74,0
DA:75,0
DA:99,0
DA:100,0
DA:99,0
DA:100,0
DA:99,0
DA:100,0
DA:99,178
DA:100,178
DA:99,228
DA:100,228
DA:99,6625
DA:100,6625
DA:182,0
DA:193,0
DA:194,0
DA:195,0
DA:196,0
DA:182,0
DA:193,0
DA:194,0
DA:195,0
DA:196,0
DA:182,0
DA:193,0
DA:194,0
DA:195,0
DA:196,0
end_of_record
SF:/usr/include/c++/9/bits/stl_iterator_base_funcs.h
FN:98,_ZSt10__distanceIPcENSt15iterator_traitsIT_E15difference_typeES2_S2_St26random_access_iterator_tag
FNDA:0,_ZSt10__distanceIPcENSt15iterator_traitsIT_E15difference_typeES2_S2_St26random_access_iterator_tag
FN:98,_ZSt10__distanceIN9__gnu_cxx17__normal_iteratorIPSt4pairIf15NormalizedBBox_ESt6vectorIS4_SaIS4_EEEEENSt15iterator_traitsIT_E15difference_typeESB_SB_St26random_access_iterator_tag
FNDA:25,_ZSt10__distanceIN9__gnu_cxx17__normal_iteratorIPSt4pairIf15NormalizedBBox_ESt6vectorIS4_SaIS4_EEEEENSt15iterator_traitsIT_E15difference_typeESB_SB_St26random_access_iterator_tag
FN:138,_ZSt8distanceIPcENSt15iterator_traitsIT_E15difference_typeES2_S2_
FNDA:0,_ZSt8distanceIPcENSt15iterator_traitsIT_E15difference_typeES2_S2_
FN:138,_ZSt8distanceIN9__gnu_cxx17__normal_iteratorIPSt4pairIf15NormalizedBBox_ESt6vectorIS4_SaIS4_EEEEENSt15iterator_traitsIT_E15difference_typeESB_SB_
FNDA:25,_ZSt8distanceIN9__gnu_cxx17__normal_iteratorIPSt4pairIf15NormalizedBBox_ESt6vectorIS4_SaIS4_EEEEENSt15iterator_traitsIT_E15difference_typeESB_SB_
FN:174,_ZSt9__advanceIN9__gnu_cxx17__normal_iteratorIPSt4pairIf15NormalizedBBox_ESt6vectorIS4_SaIS4_EEEElEvRT_T0_St26random_access_iterator_tag
FNDA:0,_ZSt9__advanceIN9__gnu_cxx17__normal_iteratorIPSt4pairIf15NormalizedBBox_ESt6vectorIS4_SaIS4_EEEElEvRT_T0_St26random_access_iterator_tag
FN:202,_ZSt7advanceIN9__gnu_cxx17__normal_iteratorIPSt4pairIf15NormalizedBBox_ESt6vectorIS4_SaIS4_EEEElEvRT_T0_
FNDA:0,_ZSt7advanceIN9__gnu_cxx17__normal_iteratorIPSt4pairIf15NormalizedBBox_ESt6vectorIS4_SaIS4_EEEElEvRT_T0_
DA:98,0
DA:104,0
DA:98,25
DA:104,25
DA:138,0
DA:141,0
DA:142,0
DA:138,25
DA:141,25
DA:142,50
DA:174,0
DA:185,0
DA:186,0
DA:202,0
DA:205,0
DA:206,0
DA:207,0
end_of_record
SF:/usr/include/c++/9/iostream
end_of_record
SF:/usr/include/c++/9/bits/stl_construct.h
FN:74,_ZSt10_ConstructISt4pairIf15NormalizedBBox_EJEEvPT_DpOT0_
FNDA:0,_ZSt10_ConstructISt4pairIf15NormalizedBBox_EJEEvPT_DpOT0_
FN:74,_ZSt10_ConstructISt4pairIf15NormalizedBBox_EJS2_EEvPT_DpOT0_
FNDA:394,_ZSt10_ConstructISt4pairIf15NormalizedBBox_EJS2_EEvPT_DpOT0_
FN:117,_ZNSt12_Destroy_auxILb1EE9__destroyIP9FaceRect_EEvT_S4_
FNDA:25,_ZNSt12_Destroy_auxILb1EE9__destroyIP9FaceRect_EEvT_S4_
FN:117,_ZNSt12_Destroy_auxILb1EE9__destroyIPSt4pairIf15NormalizedBBox_EEEvT_S6_
FNDA:75,_ZNSt12_Destroy_auxILb1EE9__destroyIPSt4pairIf15NormalizedBBox_EEEvT_S6_
FN:127,_ZSt8_DestroyIP9FaceRect_EvT_S2_
FNDA:25,_ZSt8_DestroyIP9FaceRect_EvT_S2_
FN:127,_ZSt8_DestroyIPSt4pairIf15NormalizedBBox_EEvT_S4_
FNDA:75,_ZSt8_DestroyIPSt4pairIf15NormalizedBBox_EEvT_S4_
FN:203,_ZSt8_DestroyIP9FaceRect_S0_EvT_S2_RSaIT0_E
FNDA:25,_ZSt8_DestroyIP9FaceRect_S0_EvT_S2_RSaIT0_E
FN:203,_ZSt8_DestroyIPSt4pairIf15NormalizedBBox_ES2_EvT_S4_RSaIT0_E
FNDA:50,_ZSt8_DestroyIPSt4pairIf15NormalizedBBox_ES2_EvT_S4_RSaIT0_E
DA:74,0
DA:75,0
DA:74,394
DA:75,394
DA:117,25
DA:117,75
DA:127,25
DA:137,25
DA:138,25
DA:127,75
DA:137,75
DA:138,75
DA:203,25
DA:206,25
DA:207,25
DA:203,50
DA:206,50
DA:207,50
end_of_record
SF:/usr/include/c++/9/ext/string_conversions.h
FN:99,_ZN9__gnu_cxx12__to_xstringINSt7__cxx1112basic_stringIcSt11char_traitsIcESaIcEEEcEET_PFiPT0_mPKS8_P13__va_list_tagEmSB_z
FNDA:0,_ZN9__gnu_cxx12__to_xstringINSt7__cxx1112basic_stringIcSt11char_traitsIcESaIcEEEcEET_PFiPT0_mPKS8_P13__va_list_tagEmSB_z
DA:99,0
DA:105,0
DA:109,0
DA:111,0
BRDA:111,0,0,-
BRDA:111,0,1,-
DA:113,0
DA:115,0
BRDA:115,0,0,-
BRDA:115,0,1,-
end_of_record
SF:/usr/include/c++/9/ext/type_traits.h
FN:152,_ZN9__gnu_cxx17__is_null_pointerIcEEbPT_
FNDA:0,_ZN9__gnu_cxx17__is_null_pointerIcEEbPT_
DA:152,0
DA:153,0
end_of_record
SF:/usr/include/c++/9/bits/vector.tcc
FN:109,_ZNSt6vectorISt4pairIf15NormalizedBBox_ESaIS2_EE12emplace_backIJS2_EEERS2_DpOT_
FNDA:394,_ZNSt6vectorISt4pairIf15NormalizedBBox_ESaIS2_EE12emplace_backIJS2_EEERS2_DpOT_
FN:109,_ZNSt6vectorI9FaceRect_SaIS0_EE12emplace_backIJRS0_EEES4_DpOT_
FNDA:27,_ZNSt6vectorI9FaceRect_SaIS0_EE12emplace_backIJRS0_EEES4_DpOT_
FN:171,_ZNSt6vectorISt4pairIf15NormalizedBBox_ESaIS2_EE8_M_eraseEN9__gnu_cxx17__normal_iteratorIPS2_S4_EE
FNDA:394,_ZNSt6vectorISt4pairIf15NormalizedBBox_ESaIS2_EE8_M_eraseEN9__gnu_cxx17__normal_iteratorIPS2_S4_EE
FN:426,_ZNSt6vectorISt4pairIf15NormalizedBBox_ESaIS2_EE17_M_realloc_insertIJS2_EEEvN9__gnu_cxx17__normal_iteratorIPS2_S4_EEDpOT_
FNDA:134,_ZNSt6vectorISt4pairIf15NormalizedBBox_ESaIS2_EE17_M_realloc_insertIJS2_EEEvN9__gnu_cxx17__normal_iteratorIPS2_S4_EEDpOT_
FN:426,_ZNSt6vectorI9FaceRect_SaIS0_EE17_M_realloc_insertIJRS0_EEEvN9__gnu_cxx17__normal_iteratorIPS0_S2_EEDpOT_
FNDA:27,_ZNSt6vectorI9FaceRect_SaIS0_EE17_M_realloc_insertIJRS0_EEEvN9__gnu_cxx17__normal_iteratorIPS0_S2_EEDpOT_
FN:426,_ZNSt6vectorISt4pairIf15NormalizedBBox_ESaIS2_EE17_M_realloc_insertIJRKS2_EEEvN9__gnu_cxx17__normal_iteratorIPS2_S4_EEDpOT_
FNDA:27,_ZNSt6vectorISt4pairIf15NormalizedBBox_ESaIS2_EE17_M_realloc_insertIJRKS2_EEEvN9__gnu_cxx17__normal_iteratorIPS2_S4_EEDpOT_
FN:611,_ZNSt6vectorISt4pairIf15NormalizedBBox_ESaIS2_EE17_M_default_appendEm
FNDA:0,_ZNSt6vectorISt4pairIf15NormalizedBBox_ESaIS2_EE17_M_default_appendEm
DA:109,394
DA:112,394
BRDA:112,0,0,260
BRDA:112,0,1,134
DA:115,260
DA:117,260
DA:121,134
DA:123,394
DA:109,27
DA:112,27
BRDA:112,0,0,0
BRDA:112,0,1,27
DA:115,0
DA:117,0
DA:121,27
DA:123,27
DA:171,394
DA:174,394
BRDA:174,0,0,369
BRDA:174,0,1,25
DA:175,369
DA:176,394
DA:177,394
DA:179,394
DA:426,134
DA:435,134
DA:437,134
DA:438,134
DA:439,134
DA:440,134
DA:441,134
DA:449,134
DA:450,134
DA:456,134
DA:461,134
DA:462,134
DA:464,134
DA:466,134
DA:467,134
DA:500,134
DA:501,134
DA:502,134
DA:503,134
DA:504,134
DA:505,134
DA:426,27
DA:435,27
DA:437,27
DA:438,27
DA:439,27
DA:440,27
DA:441,27
DA:449,27
DA:450,27
DA:456,27
DA:461,27
DA:462,27
DA:464,27
DA:466,27
DA:467,27
DA:500,27
DA:501,27
DA:502,27
DA:503,27
DA:504,27
DA:505,27
DA:426,27
DA:435,27
DA:437,27
DA:438,27
DA:439,27
DA:440,27
DA:441,27
DA:449,27
DA:450,27
DA:456,27
DA:461,27
DA:462,27
DA:464,27
DA:466,27
DA:467,27
DA:500,27
DA:501,27
DA:502,27
DA:503,27
DA:504,27
DA:505,27
DA:611,0
DA:614,0
BRDA:614,0,0,-
BRDA:614,0,1,-
DA:616,0
DA:617,0
DA:618,0
DA:620,0
BRDA:620,0,0,-
BRDA:620,0,1,-
[...]
DA:104,306
DA:138,0
DA:141,0
DA:142,0
DA:138,306
DA:141,306
DA:142,612
end_of_record
SF:/usr/include/opencv4/opencv2/core/types.hpp
FN:1164,_ZN2cv6Point_IiEC2Eii
FNDA:1800,_ZN2cv6Point_IiEC2Eii
FN:1681,_ZN2cv5Size_IiEC2Ev
FNDA:2106,_ZN2cv5Size_IiEC2Ev
FN:1827,_ZN2cv5Rect_IiEC2Eiiii
FNDA:300,_ZN2cv5Rect_IiEC2Eiiii
FN:2158,_ZN2cv7Scalar_IdEC2Edddd
FNDA:2100,_ZN2cv7Scalar_IdEC2Edddd
DA:1164,1800
DA:1165,1800
DA:1681,2106
DA:1682,2106
DA:1827,300
DA:1828,300
DA:2158,2100
DA:2160,2100
DA:2161,2100
DA:2162,2100
DA:2163,2100
DA:2164,2100
end_of_record
SF:/usr/include/c++/9/bits/move.h
FN:99,_ZSt4moveIRSaIcEEONSt16remove_referenceIT_E4typeEOS3_
FNDA:0,_ZSt4moveIRSaIcEEONSt16remove_referenceIT_E4typeEOS3_
DA:99,0
DA:100,0
end_of_record
SF:/usr/include/c++/9/bits/alloc_traits.h
FN:513,_ZNSt16allocator_traitsISaIcEE37select_on_container_copy_constructionERKS0_
FNDA:0,_ZNSt16allocator_traitsISaIcEE37select_on_container_copy_constructionERKS0_
DA:513,0
DA:514,0
end_of_record
SF:/usr/include/c++/9/new
FN:173,_ZnwmPv
FNDA:19143,_ZnwmPv
DA:173,19143
DA:174,19143
end_of_record
SF:/usr/include/opencv4/opencv2/core/matx.hpp
FN:536,_ZN2cv4MatxIdLi4ELi1EEC2Ev
FNDA:2100,_ZN2cv4MatxIdLi4ELi1EEC2Ev
FN:969,_ZN2cv3VecIdLi4EEC2Ev
FNDA:2100,_ZN2cv3VecIdLi4EEC2Ev
DA:536,2100
DA:538,10500
BRDA:538,0,0,8400
BRDA:538,0,1,2100
DA:539,2100
DA:969,2100
end_of_record
SF:/usr/include/c++/9/ext/type_traits.h
FN:152,_ZN9__gnu_cxx17__is_null_pointerIcEEbPT_
FNDA:0,_ZN9__gnu_cxx17__is_null_pointerIcEEbPT_
FN:152,_ZN9__gnu_cxx17__is_null_pointerIKcEEbPT_
FNDA:306,_ZN9__gnu_cxx17__is_null_pointerIKcEEbPT_
DA:152,0
DA:153,0
DA:152,306
DA:153,306
end_of_record
SF:/usr/include/opencv4/opencv2/core/mat.hpp
end_of_record
SF:/usr/include/c++/9/bits/char_traits.h
FN:100,_ZN9__gnu_cxx11char_traitsIcE2eqERKcS3_
FNDA:0,_ZN9__gnu_cxx11char_traitsIcE2eqERKcS3_
FN:161,_ZN9__gnu_cxx11char_traitsIcE6lengthEPKc
FNDA:0,_ZN9__gnu_cxx11char_traitsIcE6lengthEPKc
FN:336,_ZNSt11char_traitsIcE6lengthEPKc
FNDA:306,_ZNSt11char_traitsIcE6lengthEPKc
DA:100,0
DA:101,0
DA:161,0
DA:164,0
DA:165,0
BRDA:165,0,0,-
BRDA:165,0,1,-
DA:166,0
DA:167,0
DA:236,306
DA:336,306
DA:339,306
BRDA:339,0,0,0
BRDA:339,0,1,306
DA:340,0
DA:342,306
end_of_record
SF:/usr/include/opencv4/opencv2/flann/any.h
FN:36,_ZN7cvflann7anyimpllsERSoRKNS0_9empty_anyE
FNDA:0,_ZN7cvflann7anyimpllsERSoRKNS0_9empty_anyE
FN:53,_ZN7cvflann7anyimpl15base_any_policyD2Ev
FNDA:27,_ZN7cvflann7anyimpl15base_any_policyD2Ev
FN:53,_ZN7cvflann7anyimpl15base_any_policyD0Ev
FNDA:0,_ZN7cvflann7anyimpl15base_any_policyD0Ev
FN:59,_ZN7cvflann7anyimpl21typed_base_any_policyINS_20flann_centers_init_tEE8get_sizeEv
FNDA:0,_ZN7cvflann7anyimpl21typed_base_any_policyINS_20flann_centers_init_tEE8get_sizeEv
FN:59,_ZN7cvflann7anyimpl21typed_base_any_policyIjE8get_sizeEv
FNDA:0,_ZN7cvflann7anyimpl21typed_base_any_policyIjE8get_sizeEv
FN:59,_ZN7cvflann7anyimpl21typed_base_any_policyIbE8get_sizeEv
FNDA:0,_ZN7cvflann7anyimpl21typed_base_any_policyIbE8get_sizeEv
FN:59,_ZN7cvflann7anyimpl21typed_base_any_policyIfE8get_sizeEv
FNDA:0,_ZN7cvflann7anyimpl21typed_base_any_policyIfE8get_sizeEv
FN:59,_ZN7cvflann7anyimpl21typed_base_any_policyIiE8get_sizeEv
FNDA:0,_ZN7cvflann7anyimpl21typed_base_any_policyIiE8get_sizeEv
FN:59,_ZN7cvflann7anyimpl21typed_base_any_policyIPKcE8get_sizeEv
FNDA:0,_ZN7cvflann7anyimpl21typed_base_any_policyIPKcE8get_sizeEv
FN:59,_ZN7cvflann7anyimpl21typed_base_any_policyINS0_9empty_anyEE8get_sizeEv
FNDA:0,_ZN7cvflann7anyimpl21typed_base_any_policyINS0_9empty_anyEE8get_sizeEv
FN:59,_ZN7cvflann7anyimpl21typed_base_any_policyINSt7__cxx1112basic_stringIcSt11char_traitsIcESaIcEEEE8get_sizeEv
FNDA:0,_ZN7cvflann7anyimpl21typed_base_any_policyINSt7__cxx1112basic_stringIcSt11char_traitsIcESaIcEEEE8get_sizeEv
FN:59,_ZN7cvflann7anyimpl21typed_base_any_policyINS_17flann_algorithm_tEE8get_sizeEv
FNDA:0,_ZN7cvflann7anyimpl21typed_base_any_policyINS_17flann_algorithm_tEE8get_sizeEv
FN:60,_ZN7cvflann7anyimpl21typed_base_any_policyINS_20flann_centers_init_tEE4typeEv
FNDA:0,_ZN7cvflann7anyimpl21typed_base_any_policyINS_20flann_centers_init_tEE4typeEv
FN:60,_ZN7cvflann7anyimpl21typed_base_any_policyIiE4typeEv
FNDA:0,_ZN7cvflann7anyimpl21typed_base_any_policyIiE4typeEv
FN:60,_ZN7cvflann7anyimpl21typed_base_any_policyINS_17flann_algorithm_tEE4typeEv
FNDA:0,_ZN7cvflann7anyimpl21typed_base_any_policyINS_17flann_algorithm_tEE4typeEv
FN:60,_ZN7cvflann7anyimpl21typed_base_any_policyIPKcE4typeEv
FNDA:0,_ZN7cvflann7anyimpl21typed_base_any_policyIPKcE4typeEv
FN:60,_ZN7cvflann7anyimpl21typed_base_any_policyIfE4typeEv
FNDA:0,_ZN7cvflann7anyimpl21typed_base_any_policyIfE4typeEv
FN:60,_ZN7cvflann7anyimpl21typed_base_any_policyINS0_9empty_anyEE4typeEv
FNDA:0,_ZN7cvflann7anyimpl21typed_base_any_policyINS0_9empty_anyEE4typeEv
FN:60,_ZN7cvflann7anyimpl21typed_base_any_policyIbE4typeEv
FNDA:0,_ZN7cvflann7anyimpl21typed_base_any_policyIbE4typeEv
FN:60,_ZN7cvflann7anyimpl21typed_base_any_policyIjE4typeEv
FNDA:0,_ZN7cvflann7anyimpl21typed_base_any_policyIjE4typeEv
FN:60,_ZN7cvflann7anyimpl21typed_base_any_policyINSt7__cxx1112basic_stringIcSt11char_traitsIcESaIcEEEE4typeEv
FNDA:0,_ZN7cvflann7anyimpl21typed_base_any_policyINSt7__cxx1112basic_stringIcSt11char_traitsIcESaIcEEEE4typeEv
FN:67,_ZN7cvflann7anyimpl16small_any_policyIbE13static_deleteEPPv
FNDA:0,_ZN7cvflann7anyimpl16small_any_policyIbE13static_deleteEPPv
FN:67,_ZN7cvflann7anyimpl16small_any_policyIfE13static_deleteEPPv
FNDA:0,_ZN7cvflann7anyimpl16small_any_policyIfE13static_deleteEPPv
FN:67,_ZN7cvflann7anyimpl16small_any_policyIPKcE13static_deleteEPPv
FNDA:0,_ZN7cvflann7anyimpl16small_any_policyIPKcE13static_deleteEPPv
FN:67,_ZN7cvflann7anyimpl16small_any_policyIjE13static_deleteEPPv
FNDA:0,_ZN7cvflann7anyimpl16small_any_policyIjE13static_deleteEPPv
FN:67,_ZN7cvflann7anyimpl16small_any_policyIiE13static_deleteEPPv
FNDA:0,_ZN7cvflann7anyimpl16small_any_policyIiE13static_deleteEPPv
FN:68,_ZN7cvflann7anyimpl16small_any_policyIbE15copy_from_valueEPKvPPv
FNDA:0,_ZN7cvflann7anyimpl16small_any_policyIbE15copy_from_valueEPKvPPv
FN:68,_ZN7cvflann7anyimpl16small_any_policyIPKcE15copy_from_valueEPKvPPv
FNDA:0,_ZN7cvflann7anyimpl16small_any_policyIPKcE15copy_from_valueEPKvPPv
FN:68,_ZN7cvflann7anyimpl16small_any_policyIfE15copy_from_valueEPKvPPv
FNDA:0,_ZN7cvflann7anyimpl16small_any_policyIfE15copy_from_valueEPKvPPv
FN:68,_ZN7cvflann7anyimpl16small_any_policyIjE15copy_from_valueEPKvPPv
FNDA:0,_ZN7cvflann7anyimpl16small_any_policyIjE15copy_from_valueEPKvPPv
FN:68,_ZN7cvflann7anyimpl16small_any_policyIiE15copy_from_valueEPKvPPv
FNDA:0,_ZN7cvflann7anyimpl16small_any_policyIiE15copy_from_valueEPKvPPv
FN:72,_ZN7cvflann7anyimpl16small_any_policyIPKcE5cloneEPKPvPS5_
FNDA:0,_ZN7cvflann7anyimpl16small_any_policyIPKcE5cloneEPKPvPS5_
FN:72,_ZN7cvflann7anyimpl16small_any_policyIiE5cloneEPKPvPS3_
FNDA:0,_ZN7cvflann7anyimpl16small_any_policyIiE5cloneEPKPvPS3_
FN:72,_ZN7cvflann7anyimpl16small_any_policyIjE5cloneEPKPvPS3_
FNDA:0,_ZN7cvflann7anyimpl16small_any_policyIjE5cloneEPKPvPS3_
FN:72,_ZN7cvflann7anyimpl16small_any_policyIfE5cloneEPKPvPS3_
FNDA:0,_ZN7cvflann7anyimpl16small_any_policyIfE5cloneEPKPvPS3_
FN:72,_ZN7cvflann7anyimpl16small_any_policyIbE5cloneEPKPvPS3_
FNDA:0,_ZN7cvflann7anyimpl16small_any_policyIbE5cloneEPKPvPS3_
FN:73,_ZN7cvflann7anyimpl16small_any_policyIfE4moveEPKPvPS3_
FNDA:0,_ZN7cvflann7anyimpl16small_any_policyIfE4moveEPKPvPS3_
FN:73,_ZN7cvflann7anyimpl16small_any_policyIiE4moveEPKPvPS3_
FNDA:0,_ZN7cvflann7anyimpl16small_any_policyIiE4moveEPKPvPS3_
FN:73,_ZN7cvflann7anyimpl16small_any_policyIjE4moveEPKPvPS3_
FNDA:0,_ZN7cvflann7anyimpl16small_any_policyIjE4moveEPKPvPS3_
FN:73,_ZN7cvflann7anyimpl16small_any_policyIbE4moveEPKPvPS3_
FNDA:0,_ZN7cvflann7anyimpl16small_any_policyIbE4moveEPKPvPS3_
FN:73,_ZN7cvflann7anyimpl16small_any_policyIPKcE4moveEPKPvPS5_
FNDA:0,_ZN7cvflann7anyimpl16small_any_policyIPKcE4moveEPKPvPS5_
FN:74,_ZN7cvflann7anyimpl16small_any_policyIPKcE9get_valueEPPv
FNDA:0,_ZN7cvflann7anyimpl16small_any_policyIPKcE9get_valueEPPv
FN:74,_ZN7cvflann7anyimpl16small_any_policyIjE9get_valueEPPv
FNDA:0,_ZN7cvflann7anyimpl16small_any_policyIjE9get_valueEPPv
FN:74,_ZN7cvflann7anyimpl16small_any_policyIfE9get_valueEPPv
FNDA:0,_ZN7cvflann7anyimpl16small_any_policyIfE9get_valueEPPv
FN:74,_ZN7cvflann7anyimpl16small_any_policyIiE9get_valueEPPv
FNDA:0,_ZN7cvflann7anyimpl16small_any_policyIiE9get_valueEPPv
FN:74,_ZN7cvflann7anyimpl16small_any_policyIbE9get_valueEPPv
FNDA:0,_ZN7cvflann7anyimpl16small_any_policyIbE9get_valueEPPv
FN:75,_ZN7cvflann7anyimpl16small_any_policyIbE9get_valueEPKPv
FNDA:0,_ZN7cvflann7anyimpl16small_any_policyIbE9get_valueEPKPv
FN:75,_ZN7cvflann7anyimpl16small_any_policyIjE9get_valueEPKPv
FNDA:0,_ZN7cvflann7anyimpl16small_any_policyIjE9get_valueEPKPv
FN:75,_ZN7cvflann7anyimpl16small_any_policyIfE9get_valueEPKPv
FNDA:0,_ZN7cvflann7anyimpl16small_any_policyIfE9get_valueEPKPv
FN:75,_ZN7cvflann7anyimpl16small_any_policyIiE9get_valueEPKPv
FNDA:0,_ZN7cvflann7anyimpl16small_any_policyIiE9get_valueEPKPv
FN:75,_ZN7cvflann7anyimpl16small_any_policyIPKcE9get_valueEPKPv
FNDA:0,_ZN7cvflann7anyimpl16small_any_policyIPKcE9get_valueEPKPv
FN:76,_ZN7cvflann7anyimpl16small_any_policyIfE5printERSoPKPv
FNDA:0,_ZN7cvflann7anyimpl16small_any_policyIfE5printERSoPKPv
FN:76,_ZN7cvflann7anyimpl16small_any_policyIPKcE5printERSoPKPv
FNDA:0,_ZN7cvflann7anyimpl16small_any_policyIPKcE5printERSoPKPv
FN:76,_ZN7cvflann7anyimpl16small_any_policyIiE5printERSoPKPv
FNDA:0,_ZN7cvflann7anyimpl16small_any_policyIiE5printERSoPKPv
FN:76,_ZN7cvflann7anyimpl16small_any_policyIjE5printERSoPKPv
FNDA:0,_ZN7cvflann7anyimpl16small_any_policyIjE5printERSoPKPv
FN:76,_ZN7cvflann7anyimpl16small_any_policyIbE5printERSoPKPv
FNDA:0,_ZN7cvflann7anyimpl16small_any_policyIbE5printERSoPKPv
FN:82,_ZN7cvflann7anyimpl14big_any_policyINS0_9empty_anyEE13static_deleteEPPv
FNDA:0,_ZN7cvflann7anyimpl14big_any_policyINS0_9empty_anyEE13static_deleteEPPv
FN:82,_ZN7cvflann7anyimpl14big_any_policyINSt7__cxx1112basic_stringIcSt11char_traitsIcESaIcEEEE13static_deleteEPPv
FNDA:0,_ZN7cvflann7anyimpl14big_any_policyINSt7__cxx1112basic_stringIcSt11char_traitsIcESaIcEEEE13static_deleteEPPv
FN:82,_ZN7cvflann7anyimpl14big_any_policyINS_20flann_centers_init_tEE13static_deleteEPPv
FNDA:0,_ZN7cvflann7anyimpl14big_any_policyINS_20flann_centers_init_tEE13static_deleteEPPv
FN:82,_ZN7cvflann7anyimpl14big_any_policyINS_17flann_algorithm_tEE13static_deleteEPPv
FNDA:0,_ZN7cvflann7anyimpl14big_any_policyINS_17flann_algorithm_tEE13static_deleteEPPv
FN:87,_ZN7cvflann7anyimpl14big_any_policyINSt7__cxx1112basic_stringIcSt11char_traitsIcESaIcEEEE15copy_from_valueEPKvPPv
FNDA:0,_ZN7cvflann7anyimpl14big_any_policyINSt7__cxx1112basic_stringIcSt11char_traitsIcESaIcEEEE15copy_from_valueEPKvPPv
FN:87,_ZN7cvflann7anyimpl14big_any_policyINS_20flann_centers_init_tEE15copy_from_valueEPKvPPv
FNDA:0,_ZN7cvflann7anyimpl14big_any_policyINS_20flann_centers_init_tEE15copy_from_valueEPKvPPv
FN:87,_ZN7cvflann7anyimpl14big_any_policyINS_17flann_algorithm_tEE15copy_from_valueEPKvPPv
FNDA:0,_ZN7cvflann7anyimpl14big_any_policyINS_17flann_algorithm_tEE15copy_from_valueEPKvPPv
FN:87,_ZN7cvflann7anyimpl14big_any_policyINS0_9empty_anyEE15copy_from_valueEPKvPPv
FNDA:0,_ZN7cvflann7anyimpl14big_any_policyINS0_9empty_anyEE15copy_from_valueEPKvPPv
FN:91,_ZN7cvflann7anyimpl14big_any_policyINS_17flann_algorithm_tEE5cloneEPKPvPS4_
FNDA:0,_ZN7cvflann7anyimpl14big_any_policyINS_17flann_algorithm_tEE5cloneEPKPvPS4_
FN:91,_ZN7cvflann7anyimpl14big_any_policyINS_20flann_centers_init_tEE5cloneEPKPvPS4_
FNDA:0,_ZN7cvflann7anyimpl14big_any_policyINS_20flann_centers_init_tEE5cloneEPKPvPS4_
FN:91,_ZN7cvflann7anyimpl14big_any_policyINS0_9empty_anyEE5cloneEPKPvPS4_
FNDA:0,_ZN7cvflann7anyimpl14big_any_policyINS0_9empty_anyEE5cloneEPKPvPS4_
FN:91,_ZN7cvflann7anyimpl14big_any_policyINSt7__cxx1112basic_stringIcSt11char_traitsIcESaIcEEEE5cloneEPKPvPS9_
FNDA:0,_ZN7cvflann7anyimpl14big_any_policyINSt7__cxx1112basic_stringIcSt11char_traitsIcESaIcEEEE5cloneEPKPvPS9_
FN:95,_ZN7cvflann7anyimpl14big_any_policyINS0_9empty_anyEE4moveEPKPvPS4_
FNDA:0,_ZN7cvflann7anyimpl14big_any_policyINS0_9empty_anyEE4moveEPKPvPS4_
FN:95,_ZN7cvflann7anyimpl14big_any_policyINS_17flann_algorithm_tEE4moveEPKPvPS4_
FNDA:0,_ZN7cvflann7anyimpl14big_any_policyINS_17flann_algorithm_tEE4moveEPKPvPS4_
FN:95,_ZN7cvflann7anyimpl14big_any_policyINS_20flann_centers_init_tEE4moveEPKPvPS4_
FNDA:0,_ZN7cvflann7anyimpl14big_any_policyINS_20flann_centers_init_tEE4moveEPKPvPS4_
FN:95,_ZN7cvflann7anyimpl14big_any_policyINSt7__cxx1112basic_stringIcSt11char_traitsIcESaIcEEEE4moveEPKPvPS9_
FNDA:0,_ZN7cvflann7anyimpl14big_any_policyINSt7__cxx1112basic_stringIcSt11char_traitsIcESaIcEEEE4moveEPKPvPS9_
FN:100,_ZN7cvflann7anyimpl14big_any_policyINS0_9empty_anyEE9get_valueEPPv
FNDA:0,_ZN7cvflann7anyimpl14big_any_policyINS0_9empty_anyEE9get_valueEPPv
FN:100,_ZN7cvflann7anyimpl14big_any_policyINSt7__cxx1112basic_stringIcSt11char_traitsIcESaIcEEEE9get_valueEPPv
FNDA:0,_ZN7cvflann7anyimpl14big_any_policyINSt7__cxx1112basic_stringIcSt11char_traitsIcESaIcEEEE9get_valueEPPv
FN:100,_ZN7cvflann7anyimpl14big_any_policyINS_17flann_algorithm_tEE9get_valueEPPv
FNDA:0,_ZN7cvflann7anyimpl14big_any_policyINS_17flann_algorithm_tEE9get_valueEPPv
FN:100,_ZN7cvflann7anyimpl14big_any_policyINS_20flann_centers_init_tEE9get_valueEPPv
FNDA:0,_ZN7cvflann7anyimpl14big_any_policyINS_20flann_centers_init_tEE9get_valueEPPv
FN:101,_ZN7cvflann7anyimpl14big_any_policyINSt7__cxx1112basic_stringIcSt11char_traitsIcESaIcEEEE9get_valueEPKPv
FNDA:0,_ZN7cvflann7anyimpl14big_any_policyINSt7__cxx1112basic_stringIcSt11char_traitsIcESaIcEEEE9get_valueEPKPv
FN:101,_ZN7cvflann7anyimpl14big_any_policyINS0_9empty_anyEE9get_valueEPKPv
FNDA:0,_ZN7cvflann7anyimpl14big_any_policyINS0_9empty_anyEE9get_valueEPKPv
FN:101,_ZN7cvflann7anyimpl14big_any_policyINS_17flann_algorithm_tEE9get_valueEPKPv
FNDA:0,_ZN7cvflann7anyimpl14big_any_policyINS_17flann_algorithm_tEE9get_valueEPKPv
FN:101,_ZN7cvflann7anyimpl14big_any_policyINS_20flann_centers_init_tEE9get_valueEPKPv
FNDA:0,_ZN7cvflann7anyimpl14big_any_policyINS_20flann_centers_init_tEE9get_valueEPKPv
FN:102,_ZN7cvflann7anyimpl14big_any_policyINS0_9empty_anyEE5printERSoPKPv
FNDA:0,_ZN7cvflann7anyimpl14big_any_policyINS0_9empty_anyEE5printERSoPKPv
FN:105,_ZN7cvflann7anyimpl14big_any_policyINS_20flann_centers_init_tEE5printERSoPKPv
FNDA:0,_ZN7cvflann7anyimpl14big_any_policyINS_20flann_centers_init_tEE5printERSoPKPv
FN:110,_ZN7cvflann7anyimpl14big_any_policyINS_17flann_algorithm_tEE5printERSoPKPv
FNDA:0,_ZN7cvflann7anyimpl14big_any_policyINS_17flann_algorithm_tEE5printERSoPKPv
FN:115,_ZN7cvflann7anyimpl14big_any_policyINSt7__cxx1112basic_stringIcSt11char_traitsIcESaIcEEEE5printERSoPKPv
FNDA:0,_ZN7cvflann7anyimpl14big_any_policyINSt7__cxx1112basic_stringIcSt11char_traitsIcESaIcEEEE5printERSoPKPv
DA:36,0
DA:38,0
DA:39,0
DA:53,0
DA:53,27
DA:59,0
DA:59,0
DA:59,0
DA:59,0
DA:59,0
DA:59,0
DA:59,0
DA:59,0
DA:59,0
DA:60,0
DA:60,0
DA:60,0
DA:60,0
DA:60,0
DA:60,0
DA:60,0
DA:60,0
DA:60,0
DA:67,0
DA:67,0
DA:67,0
DA:67,0
DA:67,0
DA:68,0
DA:70,0
DA:71,0
DA:68,0
DA:70,0
DA:71,0
DA:68,0
DA:70,0
DA:71,0
DA:68,0
DA:70,0
DA:71,0
DA:68,0
DA:70,0
DA:71,0
DA:72,0
DA:72,0
DA:72,0
DA:72,0
DA:72,0
DA:73,0
DA:73,0
DA:73,0
DA:73,0
DA:73,0
DA:74,0
DA:74,0
DA:74,0
DA:74,0
DA:74,0
DA:75,0
DA:75,0
DA:75,0
DA:75,0
DA:75,0
DA:76,0
DA:76,0
DA:76,0
DA:76,0
DA:76,0
DA:82,0
DA:84,0
BRDA:84,0,0,-
BRDA:84,0,1,-
BRDA:84,0,2,-
BRDA:84,0,3,-
DA:85,0
DA:86,0
DA:82,0
DA:84,0
BRDA:84,0,0,-
BRDA:84,0,1,-
BRDA:84,0,2,-
BRDA:84,0,3,-
DA:85,0
DA:86,0
DA:82,0
DA:84,0
BRDA:84,0,0,-
BRDA:84,0,1,-
BRDA:84,0,2,-
BRDA:84,0,3,-
DA:85,0
DA:86,0
DA:82,0
DA:84,0
BRDA:84,0,0,-
BRDA:84,0,1,-
BRDA:84,0,2,-
BRDA:84,0,3,-
DA:85,0
DA:86,0
DA:87,0
DA:89,0
DA:90,0
DA:87,0
DA:89,0
DA:90,0
DA:87,0
DA:89,0
BRDA:89,0,0,-
BRDA:89,0,1,-
DA:90,0
DA:87,0
DA:89,0
DA:90,0
DA:91,0
DA:93,0
DA:94,0
DA:91,0
DA:93,0
DA:94,0
DA:91,0
DA:93,0
BRDA:93,0,0,-
BRDA:93,0,1,-
DA:94,0
DA:91,0
DA:93,0
DA:94,0
DA:95,0
DA:97,0
DA:98,0
DA:99,0
DA:95,0
DA:97,0
DA:98,0
DA:99,0
DA:95,0
DA:97,0
DA:98,0
DA:99,0
DA:95,0
DA:97,0
DA:99,0
DA:100,0
DA:100,0
DA:100,0
DA:100,0
DA:101,0
DA:101,0
DA:101,0
DA:101,0
DA:102,0
DA:105,0
DA:107,0
DA:108,0
DA:110,0
DA:112,0
DA:113,0
DA:115,0
DA:117,0
DA:118,0
end_of_record
SF:/usr/include/c++/9/ext/new_allocator.h
FN:80,_ZN9__gnu_cxx13new_allocatorIcEC2Ev
FNDA:0,_ZN9__gnu_cxx13new_allocatorIcEC2Ev
FN:83,_ZN9__gnu_cxx13new_allocatorIcEC2ERKS1_
FNDA:0,_ZN9__gnu_cxx13new_allocatorIcEC2ERKS1_
FN:89,_ZN9__gnu_cxx13new_allocatorIcED2Ev
FNDA:0,_ZN9__gnu_cxx13new_allocatorIcED2Ev
DA:80,0
DA:83,0
DA:89,0
end_of_record
SF:/usr/include/c++/9/ext/alloc_traits.h
FN:97,_ZN9__gnu_cxx14__alloc_traitsISaIcEcE17_S_select_on_copyERKS1_
FNDA:0,_ZN9__gnu_cxx14__alloc_traitsISaIcEcE17_S_select_on_copyERKS1_
DA:97,0
DA:98,0
end_of_record
SF:/usr/include/opencv4/opencv2/core/utility.hpp
FN:314,_ZN2cv9TickMeterC2Ev
FNDA:3,_ZN2cv9TickMeterC2Ev
FN:322,_ZN2cv9TickMeter5startEv
FNDA:3,_ZN2cv9TickMeter5startEv
FN:330,_ZN2cv9TickMeter4stopEv
FNDA:3,_ZN2cv9TickMeter4stopEv
FN:343,_ZNK2cv9TickMeter12getTimeTicksEv
FNDA:3,_ZNK2cv9TickMeter12getTimeTicksEv
FN:359,_ZNK2cv9TickMeter12getTimeMilliEv
FNDA:3,_ZNK2cv9TickMeter12getTimeMilliEv
FN:367,_ZNK2cv9TickMeter10getTimeSecEv
FNDA:3,_ZNK2cv9TickMeter10getTimeSecEv
FN:383,_ZN2cv9TickMeter5resetEv
FNDA:3,_ZN2cv9TickMeter5resetEv
DA:314,3
DA:315,3
DA:316,3
DA:317,3
DA:322,3
DA:324,3
DA:325,3
DA:330,3
DA:332,3
DA:333,3
BRDA:333,0,0,0
BRDA:333,0,1,3
DA:334,0
DA:335,3
DA:336,3
DA:337,3
DA:343,3
DA:345,3
DA:359,3
DA:361,3
DA:367,3
DA:369,3
DA:383,3
DA:385,3
DA:386,3
DA:387,3
DA:388,3
end_of_record
SF:/usr/include/c++/9/bits/stl_iterator_base_types.h
FN:205,_ZSt19__iterator_categoryIPcENSt15iterator_traitsIT_E17iterator_categoryERKS2_
FNDA:0,_ZSt19__iterator_categoryIPcENSt15iterator_traitsIT_E17iterator_categoryERKS2_
FN:205,_ZSt19__iterator_categoryIPKcENSt15iterator_traitsIT_E17iterator_categoryERKS3_
FNDA:306,_ZSt19__iterator_categoryIPKcENSt15iterator_traitsIT_E17iterator_categoryERKS3_
DA:205,0
DA:206,0
DA:205,306
DA:206,306
end_of_record
SF:/usr/include/opencv4/opencv2/core/mat.inl.hpp
FN:76,_ZN2cv11_InputArray4initEiPKv
FNDA:6309,_ZN2cv11_InputArray4initEiPKv
FN:86,_ZN2cv11_InputArrayC2Ev
FNDA:2103,_ZN2cv11_InputArrayC2Ev
FN:88,_ZN2cv11_InputArrayC2ERKNS_3MatE
FNDA:3,_ZN2cv11_InputArrayC2ERKNS_3MatE
FN:166,_ZN2cv11_InputArrayD2Ev
FNDA:2106,_ZN2cv11_InputArrayD2Ev
FN:188,_ZN2cv12_OutputArrayC2Ev
FNDA:2100,_ZN2cv12_OutputArrayC2Ev
FN:190,_ZN2cv12_OutputArrayC2ERNS_3MatE
FNDA:3,_ZN2cv12_OutputArrayC2ERNS_3MatE
FN:316,_ZN2cv17_InputOutputArrayC2ERNS_3MatE
FNDA:2100,_ZN2cv17_InputOutputArrayC2ERNS_3MatE
FN:450,_ZN2cv3MatC2Ev
FNDA:3,_ZN2cv3MatC2Ev
FN:735,_ZN2cv3MatD2Ev
FNDA:6,_ZN2cv3MatD2Ev
FN:808,_ZNK2cv3Mat5cloneEv
FNDA:3,_ZNK2cv3Mat5cloneEv
FN:848,_ZN2cv3Mat7releaseEv
FNDA:6,_ZN2cv3Mat7releaseEv
FN:943,_ZNK2cv3Mat5emptyEv
FNDA:3,_ZNK2cv3Mat5emptyEv
FN:949,_ZNK2cv3Mat5totalEv
FNDA:3,_ZNK2cv3Mat5totalEv
FN:971,_ZN2cv3Mat3ptrEi
FNDA:3,_ZN2cv3Mat3ptrEi
FN:1444,_ZN2cv7MatSizeC2EPi
FNDA:3,_ZN2cv7MatSizeC2EPi
FN:1461,_ZNK2cv7MatSizeixEi
FNDA:0,_ZNK2cv7MatSizeixEi
FN:1519,_ZN2cv7MatStepC2Em
FNDA:3,_ZN2cv7MatStepC2Em
FN:1536,_ZNK2cv7MatStepcvmEv
FNDA:3,_ZNK2cv7MatStepcvmEv
DA:76,6309
DA:77,6309
DA:86,2103
DA:88,3
DA:166,2106
DA:188,2100
DA:190,3
DA:316,2100
DA:450,3
DA:452,3
DA:453,3
DA:735,12
DA:737,6
DA:738,6
BRDA:738,0,0,0
BRDA:738,0,1,6
DA:739,0
DA:740,6
DA:808,3
DA:810,3
DA:811,3
BRDA:811,0,0,3
BRDA:811,0,1,0
BRDA:811,0,2,3
BRDA:811,0,3,0
DA:812,3
DA:848,6
DA:850,6
BRDA:850,0,0,6
BRDA:850,0,1,0
BRDA:850,0,2,6
BRDA:850,0,3,0
BRDA:850,0,4,6
BRDA:850,0,5,0
DA:851,6
DA:852,6
DA:853,6
DA:854,18
BRDA:854,0,0,12
BRDA:854,0,1,6
DA:855,12
DA:866,6
DA:943,3
DA:945,3
BRDA:945,0,0,3
BRDA:945,0,1,0
BRDA:945,0,2,3
BRDA:945,0,3,0
BRDA:945,0,4,0
BRDA:945,0,5,3
DA:949,3
DA:951,3
BRDA:951,0,0,3
BRDA:951,0,1,0
DA:952,3
DA:953,0
DA:954,0
BRDA:954,0,0,-
BRDA:954,0,1,-
DA:955,0
DA:956,0
DA:971,3
DA:974,3
DA:1444,3
DA:1445,3
DA:1461,0
DA:1467,0
DA:1519,3
DA:1521,3
DA:1522,3
DA:1536,3
DA:1539,3
end_of_record
