TN:
SF:/home/marija/Documents/2023_Analysis_libfacedetection/libfacedetection/example/detect-camera.cpp
FN:48,main
FNDA:1,main
FNF:1
FNH:1
BRDA:50,0,0,0
BRDA:50,0,1,1
BRDA:52,0,0,-
BRDA:52,0,1,-
BRDA:60,0,0,0
BRDA:60,0,1,1
BRDA:62,0,0,-
BRDA:62,0,1,-
BRDA:67,0,0,1
BRDA:67,0,1,0
BRDA:68,0,0,1
BRDA:68,0,1,0
BRDA:70,0,0,1
BRDA:70,0,1,0
BRDA:72,0,0,1
BRDA:72,0,1,0
BRDA:72,0,2,1
BRDA:72,0,3,0
BRDA:73,0,0,1
BRDA:73,0,1,0
BRDA:73,0,2,0
BRDA:73,0,3,1
BRDA:75,0,0,-
BRDA:75,0,1,-
BRDA:75,0,2,-
BRDA:75,0,3,-
BRDA:80,0,0,1
BRDA:80,0,1,0
BRDA:80,0,2,1
BRDA:80,0,3,0
BRDA:84,0,0,26
BRDA:84,0,1,0
BRDA:85,0,0,1
BRDA:85,0,1,25
BRDA:88,0,0,25
BRDA:88,0,1,0
BRDA:96,0,0,25
BRDA:96,0,1,0
BRDA:97,0,0,25
BRDA:97,0,1,0
BRDA:99,0,0,25
BRDA:99,0,1,0
BRDA:101,0,0,25
BRDA:101,0,1,0
BRDA:102,0,0,25
BRDA:102,0,1,0
BRDA:102,0,2,25
BRDA:102,0,3,0
BRDA:104,0,0,25
BRDA:104,0,1,0
BRDA:104,0,2,25
BRDA:104,0,3,0
BRDA:106,0,0,25
BRDA:106,0,1,0
BRDA:108,0,0,52
BRDA:108,0,1,0
BRDA:108,0,2,27
BRDA:108,0,3,25
BRDA:120,0,0,27
BRDA:120,0,1,0
BRDA:120,0,2,27
BRDA:120,0,3,0
BRDA:120,0,4,27
BRDA:120,0,5,0
BRDA:120,0,6,27
BRDA:120,0,7,0
BRDA:123,0,0,27
BRDA:123,0,1,0
BRDA:123,0,2,27
BRDA:123,0,3,0
BRDA:123,0,4,27
BRDA:123,0,5,0
BRDA:125,0,0,27
BRDA:125,0,1,0
BRDA:125,0,2,27
BRDA:125,0,3,0
BRDA:125,0,4,27
BRDA:125,0,5,0
BRDA:126,0,0,27
BRDA:126,0,1,0
BRDA:126,0,2,27
BRDA:126,0,3,0
BRDA:126,0,4,27
BRDA:126,0,5,0
BRDA:127,0,0,27
BRDA:127,0,1,0
BRDA:127,0,2,27
BRDA:127,0,3,0
BRDA:127,0,4,27
BRDA:127,0,5,0
BRDA:128,0,0,27
BRDA:128,0,1,0
BRDA:128,0,2,27
BRDA:128,0,3,0
BRDA:128,0,4,27
BRDA:128,0,5,0
BRDA:129,0,0,27
BRDA:129,0,1,0
BRDA:129,0,2,27
BRDA:129,0,3,0
BRDA:129,0,4,27
BRDA:129,0,5,0
BRDA:134,0,0,27
BRDA:134,0,1,0
BRDA:138,0,0,25
BRDA:138,0,1,0
BRDA:138,0,2,25
BRDA:138,0,3,0
BRDA:138,0,4,25
BRDA:138,0,5,0
BRDA:140,0,0,25
BRDA:140,0,1,0
BRDA:140,0,2,0
BRDA:140,0,3,25
BRF:114
BRH:55
DA:48,1
DA:50,1
DA:52,0
DA:53,0
DA:56,1
DA:59,1
DA:60,1
DA:62,0
DA:63,0
DA:67,2
DA:68,2
DA:70,1
DA:72,1
DA:73,1
DA:75,0
DA:76,0
DA:80,1
DA:84,26
DA:85,26
DA:86,1
DA:88,25
DA:96,25
DA:97,25
DA:99,25
DA:101,25
DA:102,25
DA:104,25
DA:106,25
DA:108,52
DA:110,27
DA:111,27
DA:112,27
DA:113,27
DA:114,27
DA:115,27
DA:119,27
DA:120,27
DA:123,27
DA:125,27
DA:126,27
DA:127,27
DA:128,27
DA:129,27
DA:132,27
DA:134,27
DA:138,25
DA:140,25
DA:141,0
DA:142,25
DA:149,1
DA:151,1
LF:51
LH:44
end_of_record
TN:
SF:/home/marija/Documents/2023_Analysis_libfacedetection/libfacedetection/example/detect-image.cpp
FN:48,main
FNDA:3,main
FNF:1
FNH:1
BRDA:50,0,0,0
BRDA:50,0,1,3
BRDA:52,0,0,-
BRDA:52,0,1,-
BRDA:57,0,0,3
BRDA:57,0,1,0
BRDA:57,0,2,3
BRDA:57,0,3,0
BRDA:58,0,0,3
BRDA:58,0,1,0
BRDA:58,0,2,0
BRDA:58,0,3,3
BRDA:60,0,0,-
BRDA:60,0,1,-
BRDA:68,0,0,0
BRDA:68,0,1,3
BRDA:70,0,0,-
BRDA:70,0,1,-
BRDA:81,0,0,3
BRDA:81,0,1,0
BRDA:82,0,0,3
BRDA:82,0,1,0
BRDA:84,0,0,3
BRDA:84,0,1,0
BRDA:86,0,0,3
BRDA:86,0,1,0
BRDA:87,0,0,3
BRDA:87,0,1,0
BRDA:87,0,2,3
BRDA:87,0,3,0
BRDA:89,0,0,3
BRDA:89,0,1,0
BRDA:89,0,2,3
BRDA:89,0,3,0
BRDA:92,0,0,3
BRDA:92,0,1,0
BRDA:94,0,0,303
BRDA:94,0,1,0
BRDA:94,0,2,300
BRDA:94,0,3,3
BRDA:106,0,0,300
BRDA:106,0,1,0
BRDA:106,0,2,300
BRDA:106,0,3,0
BRDA:106,0,4,300
BRDA:106,0,5,0
BRDA:106,0,6,300
BRDA:106,0,7,0
BRDA:108,0,0,300
BRDA:108,0,1,0
BRDA:108,0,2,300
BRDA:108,0,3,0
BRDA:108,0,4,300
BRDA:108,0,5,0
BRDA:110,0,0,300
BRDA:110,0,1,0
BRDA:110,0,2,300
BRDA:110,0,3,0
BRDA:110,0,4,300
BRDA:110,0,5,0
BRDA:111,0,0,300
BRDA:111,0,1,0
BRDA:111,0,2,300
BRDA:111,0,3,0
BRDA:111,0,4,300
BRDA:111,0,5,0
BRDA:112,0,0,300
BRDA:112,0,1,0
BRDA:112,0,2,300
BRDA:112,0,3,0
BRDA:112,0,4,300
BRDA:112,0,5,0
BRDA:113,0,0,300
BRDA:113,0,1,0
BRDA:113,0,2,300
BRDA:113,0,3,0
BRDA:113,0,4,300
BRDA:113,0,5,0
BRDA:114,0,0,300
BRDA:114,0,1,0
BRDA:114,0,2,300
BRDA:114,0,3,0
BRDA:114,0,4,300
BRDA:114,0,5,0
BRDA:119,0,0,300
BRDA:119,0,1,0
BRDA:122,0,0,3
BRDA:122,0,1,0
BRDA:122,0,2,3
BRDA:122,0,3,0
BRDA:122,0,4,3
BRDA:122,0,5,0
BRDA:124,0,0,3
BRDA:124,0,1,0
BRF:94
BRH:45
DA:48,3
DA:50,3
DA:52,0
DA:53,0
DA:57,9
DA:58,3
DA:60,0
DA:61,0
DA:64,3
DA:67,3
DA:68,3
DA:70,0
DA:71,0
DA:81,3
DA:82,3
DA:84,3
DA:86,3
DA:87,3
DA:89,3
DA:92,3
DA:94,303
DA:96,300
DA:97,300
DA:98,300
DA:99,300
DA:100,300
DA:101,300
DA:105,300
DA:106,300
DA:108,300
DA:110,300
DA:111,300
DA:112,300
DA:113,300
DA:114,300
DA:117,300
DA:119,300
DA:122,3
DA:124,3
DA:127,3
DA:129,3
LF:41
LH:35
end_of_record
TN:
SF:/home/marija/Documents/2023_Analysis_libfacedetection/libfacedetection/src/facedetectcnn-model.cpp
FN:64,_Z15init_parametersv
FN:70,_Z16objectdetect_cnnPhiii
FN:206,_Z14facedetect_cnnPhS_iii
FNDA:25,_Z14facedetect_cnnPhS_iii
FNDA:25,_Z16objectdetect_cnnPhiii
FNDA:1,_Z15init_parametersv
FNF:3
FNH:3
BRDA:66,0,0,53
BRDA:66,0,1,1
BRDA:74,0,0,1
BRDA:74,0,1,24
BRDA:76,0,0,1
BRDA:76,0,1,0
BRDA:83,0,0,25
BRDA:83,0,1,0
BRDA:88,0,0,25
BRDA:88,0,1,0
BRDA:88,0,2,25
BRDA:88,0,3,0
BRDA:92,0,0,25
BRDA:92,0,1,0
BRDA:92,0,2,25
BRDA:92,0,3,0
BRDA:96,0,0,25
BRDA:96,0,1,0
BRDA:96,0,2,25
BRDA:96,0,3,0
BRDA:101,0,0,25
BRDA:101,0,1,0
BRDA:101,0,2,25
BRDA:101,0,3,0
BRDA:106,0,0,25
BRDA:106,0,1,0
BRDA:106,0,2,25
BRDA:106,0,3,0
BRDA:111,0,0,25
BRDA:111,0,1,0
BRDA:111,0,2,25
BRDA:111,0,3,0
BRDA:115,0,0,25
BRDA:115,0,1,0
BRDA:120,0,0,25
BRDA:120,0,1,0
BRDA:120,0,2,25
BRDA:120,0,3,0
BRDA:124,0,0,25
BRDA:124,0,1,0
BRDA:129,0,0,25
BRDA:129,0,1,0
BRDA:129,0,2,25
BRDA:129,0,3,0
BRDA:133,0,0,25
BRDA:133,0,1,0
BRDA:136,0,0,75
BRDA:136,0,1,25
BRDA:136,0,2,75
BRDA:136,0,3,25
BRDA:136,0,4,75
BRDA:136,0,5,25
BRDA:136,0,6,75
BRDA:136,0,7,25
BRDA:136,0,8,75
BRDA:136,0,9,25
BRDA:136,0,10,75
BRDA:136,0,11,25
BRDA:136,0,12,75
BRDA:136,0,13,25
BRDA:136,0,14,75
BRDA:136,0,15,25
BRDA:136,0,16,0
BRDA:136,0,17,0
BRDA:136,0,18,0
BRDA:136,0,19,0
BRDA:136,0,20,0
BRDA:136,0,21,0
BRDA:136,0,22,0
BRDA:136,0,23,0
BRDA:139,0,0,25
BRDA:139,0,1,0
BRDA:139,0,2,25
BRDA:139,0,3,0
BRDA:140,0,0,25
BRDA:140,0,1,0
BRDA:140,0,2,25
BRDA:140,0,3,0
BRDA:141,0,0,25
BRDA:141,0,1,0
BRDA:141,0,2,25
BRDA:141,0,3,0
BRDA:142,0,0,25
BRDA:142,0,1,0
BRDA:142,0,2,25
BRDA:142,0,3,0
BRDA:143,0,0,25
BRDA:143,0,1,0
BRDA:143,0,2,25
BRDA:143,0,3,0
BRDA:148,0,0,25
BRDA:148,0,1,0
BRDA:148,0,2,25
BRDA:148,0,3,0
BRDA:148,0,4,25
BRDA:148,0,5,0
BRDA:153,0,0,25
BRDA:153,0,1,0
BRDA:153,0,2,25
BRDA:153,0,3,0
BRDA:154,0,0,25
BRDA:154,0,1,0
BRDA:154,0,2,25
BRDA:154,0,3,0
BRDA:155,0,0,25
BRDA:155,0,1,0
BRDA:155,0,2,25
BRDA:155,0,3,0
BRDA:156,0,0,25
BRDA:156,0,1,0
BRDA:156,0,2,25
BRDA:156,0,3,0
BRDA:157,0,0,25
BRDA:157,0,1,0
BRDA:157,0,2,25
BRDA:157,0,3,0
BRDA:162,0,0,25
BRDA:162,0,1,0
BRDA:162,0,2,25
BRDA:162,0,3,0
BRDA:162,0,4,25
BRDA:162,0,5,0
BRDA:167,0,0,25
BRDA:167,0,1,0
BRDA:167,0,2,25
BRDA:167,0,3,0
BRDA:168,0,0,25
BRDA:168,0,1,0
BRDA:168,0,2,25
BRDA:168,0,3,0
BRDA:169,0,0,25
BRDA:169,0,1,0
BRDA:169,0,2,25
BRDA:169,0,3,0
BRDA:170,0,0,25
BRDA:170,0,1,0
BRDA:170,0,2,25
BRDA:170,0,3,0
BRDA:171,0,0,25
BRDA:171,0,1,0
BRDA:171,0,2,25
BRDA:171,0,3,0
BRDA:176,0,0,25
BRDA:176,0,1,0
BRDA:177,0,0,25
BRDA:177,0,1,0
BRDA:178,0,0,25
BRDA:178,0,1,0
BRDA:183,0,0,25
BRDA:183,0,1,0
BRDA:184,0,0,25
BRDA:184,0,1,0
BRDA:185,0,0,25
BRDA:185,0,1,0
BRDA:187,0,0,25
BRDA:187,0,1,0
BRDA:188,0,0,25
BRDA:188,0,1,0
BRDA:189,0,0,25
BRDA:189,0,1,0
BRDA:191,0,0,25
BRDA:191,0,1,0
BRDA:191,0,2,25
BRDA:191,0,3,0
BRDA:191,0,4,25
BRDA:191,0,5,0
BRDA:191,0,6,25
BRDA:191,0,7,0
BRDA:192,0,0,25
BRDA:192,0,1,0
BRDA:192,0,2,25
BRDA:192,0,3,0
BRDA:192,0,4,25
BRDA:192,0,5,0
BRDA:192,0,6,25
BRDA:192,0,7,0
BRDA:193,0,0,25
BRDA:193,0,1,0
BRDA:193,0,2,25
BRDA:193,0,3,0
BRDA:193,0,4,25
BRDA:193,0,5,0
BRDA:193,0,6,25
BRDA:193,0,7,0
BRDA:194,0,0,25
BRDA:194,0,1,0
BRDA:194,0,2,25
BRDA:194,0,3,0
BRDA:194,0,4,25
BRDA:194,0,5,0
BRDA:194,0,6,25
BRDA:194,0,7,0
BRDA:196,0,0,25
BRDA:196,0,1,0
BRDA:197,0,0,25
BRDA:197,0,1,0
BRDA:201,0,0,25
BRDA:201,0,1,0
BRDA:210,0,0,0
BRDA:210,0,1,25
BRDA:212,0,0,-
BRDA:212,0,1,-
BRDA:222,0,0,25
BRDA:222,0,1,0
BRDA:230,0,0,27
BRDA:230,0,1,25
BRDA:240,0,0,270
BRDA:240,0,1,27
BRF:208
BRH:111
DA:64,1
DA:66,54
DA:67,53
DA:68,1
DA:70,25
DA:74,25
DA:76,1
DA:77,1
DA:83,50
DA:88,25
DA:92,25
DA:96,25
DA:101,25
DA:106,25
DA:111,25
DA:115,50
DA:120,25
DA:124,50
DA:129,25
DA:133,50
DA:136,650
DA:139,25
DA:140,25
DA:141,25
DA:142,25
DA:143,25
DA:148,25
DA:153,25
DA:154,25
DA:155,25
DA:156,25
DA:157,25
DA:162,25
DA:167,25
DA:168,25
DA:169,25
DA:170,25
DA:171,25
DA:176,50
DA:177,50
DA:178,50
DA:183,25
DA:184,25
DA:185,25
DA:187,25
DA:188,25
DA:189,25
DA:191,75
DA:192,75
DA:193,75
DA:194,75
DA:196,25
DA:197,25
DA:201,25
DA:203,50
DA:206,25
DA:210,25
DA:212,0
DA:213,0
DA:217,25
DA:218,25
DA:219,25
DA:220,25
DA:222,25
DA:224,25
DA:225,25
DA:227,25
DA:228,25
DA:230,52
DA:233,27
DA:234,27
DA:235,27
DA:236,27
DA:237,27
DA:238,27
DA:240,297
DA:242,270
DA:246,25
LF:78
LH:76
end_of_record
TN:
SF:/home/marija/Documents/2023_Analysis_libfacedetection/libfacedetection/src/facedetectcnn.cpp
FN:54,_Z7myAllocm
FN:70,_Z7myFree_Pv
FN:82,_Z36setDataFrom3x3S2P1to1x1S1P0FromImagePKhiiiii
FN:128,_Z10dotProductPKfS0_i
FN:178,_Z9vecMulAddPKfS0_Pfi
FN:218,_Z6vecAddPKfPfi
FN:256,_Z6vecAddPKfS0_Pfi
FN:294,_Z24convolution_1x1pointwiseRK9CDataBlobIfERK7FiltersIfERS0_
FN:316,_Z24convolution_3x3depthwiseRK9CDataBlobIfERK7FiltersIfERS0_
FN:353,_Z4reluR9CDataBlobIfE
FN:390,_Z13IntersectBBoxRK15NormalizedBBox_S1_PS_
FN:411,_Z14JaccardOverlapRK15NormalizedBBox_S1_
FN:432,_Z24SortScoreBBoxPairDescendRKSt4pairIf15NormalizedBBox_ES3_
FN:438,_Z10upsampleX2RK9CDataBlobIfE
FN:462,_Z10elementAddRK9CDataBlobIfES2_
FN:479,_Z11convolutionRK9CDataBlobIfERK7FiltersIfEb
FN:508,_Z13convolutionDPRK9CDataBlobIfERK7FiltersIfES6_b
FN:516,_Z21convolution4layerUnitRK9CDataBlobIfERK7FiltersIfES6_S6_S6_b
FN:527,_Z15maxpooling2x2S2RK9CDataBlobIfE
FN:622,_Z8meshgridiiif
FN:635,_Z11bbox_decodeR9CDataBlobIfERKS0_i
FN:661,_Z10kps_decodeR9CDataBlobIfERKS0_i
FN:686,_Z7concat3IfE9CDataBlobIT_ERKS2_S4_S4_
FN:733,_Z11blob2vectorIfE9CDataBlobIT_ERKS2_
FN:759,_Z7sigmoidR9CDataBlobIfE
FN:773,_Z16detection_outputRK9CDataBlobIfES2_S2_S2_ffii
FNDA:25,_Z16detection_outputRK9CDataBlobIfES2_S2_S2_ffii
FNDA:300,_Z11blob2vectorIfE9CDataBlobIT_ERKS2_
FNDA:50,_Z7sigmoidR9CDataBlobIfE
FNDA:25,_Z36setDataFrom3x3S2P1to1x1S1P0FromImagePKhiiiii
FNDA:2131,_Z7myAllocm
FNDA:75,_Z8meshgridiiif
FNDA:650,_Z13convolutionDPRK9CDataBlobIfERK7FiltersIfES6_b
FNDA:301116000,_Z9vecMulAddPKfS0_Pfi
FNDA:75,_Z11bbox_decodeR9CDataBlobIfERKS0_i
FNDA:125,_Z21convolution4layerUnitRK9CDataBlobIfERK7FiltersIfES6_S6_S6_b
FNDA:1254,_Z24SortScoreBBoxPairDescendRKSt4pairIf15NormalizedBBox_ES3_
FNDA:650,_Z24convolution_3x3depthwiseRK9CDataBlobIfERK7FiltersIfERS0_
FNDA:100,_Z7concat3IfE9CDataBlobIT_ERKS2_S4_S4_
FNDA:50,_Z10elementAddRK9CDataBlobIfES2_
FNDA:50,_Z10upsampleX2RK9CDataBlobIfE
FNDA:375,_Z4reluR9CDataBlobIfE
FNDA:1020000,_Z6vecAddPKfS0_Pfi
FNDA:1110580000,_Z10dotProductPKfS0_i
FNDA:1325,_Z11convolutionRK9CDataBlobIfERK7FiltersIfEb
FNDA:369,_Z14JaccardOverlapRK15NormalizedBBox_S1_
FNDA:33609000,_Z6vecAddPKfPfi
FNDA:675,_Z24convolution_1x1pointwiseRK9CDataBlobIfERK7FiltersIfERS0_
FNDA:100,_Z15maxpooling2x2S2RK9CDataBlobIfE
FNDA:369,_Z13IntersectBBoxRK15NormalizedBBox_S1_PS_
FNDA:2131,_Z7myFree_Pv
FNDA:75,_Z10kps_decodeR9CDataBlobIfERKS0_i
FNF:26
FNH:26
BRDA:58,0,0,2036
BRDA:58,0,1,95
BRDA:60,0,0,0
BRDA:60,0,1,2131
BRDA:73,0,0,2131
BRDA:73,0,1,0
BRDA:75,0,0,0
BRDA:75,0,1,2131
BRDA:83,0,0,0
BRDA:83,0,1,25
BRDA:87,0,0,0
BRDA:87,0,1,25
BRDA:99,0,0,13600
BRDA:99,0,1,25
BRDA:100,0,0,13056000
BRDA:100,0,1,13600
BRDA:102,0,0,39168000
BRDA:102,0,1,13056000
BRDA:105,0,0,39144000
BRDA:105,0,1,24000
BRDA:105,0,2,264000
BRDA:105,0,3,38880000
BRDA:108,0,0,116640000
BRDA:108,0,1,38880000
BRDA:111,0,0,116600000
BRDA:111,0,1,40500
BRDA:111,0,2,0
BRDA:111,0,3,116600000
BRDA:169,0,0,36817900000
BRDA:169,0,1,1110580000
BRDA:211,0,0,8074820000
BRDA:211,0,1,301116000
BRDA:248,0,0,901680000
BRDA:248,0,1,33609000
BRDA:286,0,0,65280000
BRDA:286,0,1,1020000
BRDA:299,0,0,96050
BRDA:299,0,1,675
BRDA:301,0,0,46665000
BRDA:301,0,1,96050
BRDA:305,0,0,1110580000
BRDA:305,0,1,46665000
BRDA:323,0,0,82450
BRDA:323,0,1,650
BRDA:328,0,0,650
BRDA:328,0,1,81800
BRDA:330,0,0,33609000
BRDA:330,0,1,82450
BRDA:336,0,0,82450
BRDA:336,0,1,33526600
BRDA:339,0,0,100536000
BRDA:339,0,1,33609000
BRDA:340,0,0,301116000
BRDA:340,0,1,100536000
BRDA:355,0,0,0
BRDA:355,0,1,375
BRDA:383,0,0,1093440000
BRDA:383,0,1,375
BRDA:384,0,0,723326000
BRDA:384,0,1,370114000
BRDA:393,0,0,369
BRDA:393,0,1,0
BRDA:393,0,2,369
BRDA:393,0,3,0
BRDA:394,0,0,369
BRDA:394,0,1,0
BRDA:394,0,2,0
BRDA:394,0,3,369
BRDA:414,0,0,369
BRDA:414,0,1,0
BRDA:419,0,0,369
BRDA:419,0,1,0
BRDA:419,0,2,369
BRDA:419,0,3,0
BRDA:439,0,0,0
BRDA:439,0,1,50
BRDA:446,0,0,2550
BRDA:446,0,1,50
BRDA:447,0,0,255000
BRDA:447,0,1,2550
BRDA:451,0,0,16320000
BRDA:451,0,1,255000
BRDA:463,0,0,50
BRDA:463,0,1,0
BRDA:463,0,2,50
BRDA:463,0,3,0
BRDA:463,0,4,0
BRDA:463,0,5,50
BRDA:468,0,0,5100
BRDA:468,0,1,50
BRDA:469,0,0,1020000
BRDA:469,0,1,5100
BRDA:481,0,0,1325
BRDA:481,0,1,0
BRDA:481,0,2,1325
BRDA:481,0,3,0
BRDA:481,0,4,0
BRDA:481,0,5,1325
BRDA:481,0,6,0
BRDA:481,0,7,1325
BRDA:486,0,0,0
BRDA:486,0,1,1325
BRDA:492,0,0,675
BRDA:492,0,1,650
BRDA:492,0,2,675
BRDA:492,0,3,0
BRDA:493,0,0,675
BRDA:493,0,1,0
BRDA:494,0,0,650
BRDA:494,0,1,0
BRDA:494,0,2,650
BRDA:494,0,3,0
BRDA:495,0,0,650
BRDA:495,0,1,0
BRDA:498,0,0,-
BRDA:498,0,1,-
BRDA:498,0,2,-
BRDA:498,0,3,-
BRDA:498,0,4,-
BRDA:498,0,5,-
BRDA:502,0,0,375
BRDA:502,0,1,950
BRDA:503,0,0,375
BRDA:503,0,1,0
BRDA:511,0,0,650
BRDA:511,0,1,0
BRDA:512,0,0,650
BRDA:512,0,1,0
BRDA:520,0,0,125
BRDA:520,0,1,0
BRDA:521,0,0,125
BRDA:521,0,1,0
BRDA:529,0,0,0
BRDA:529,0,1,100
BRDA:538,0,0,100
BRDA:538,0,1,0
BRDA:538,0,2,0
BRDA:538,0,3,100
BRDA:547,0,0,12750
BRDA:547,0,1,100
BRDA:549,0,0,4335000
BRDA:549,0,1,12750
BRDA:556,0,0,0
BRDA:556,0,1,4335000
BRDA:557,0,0,0
BRDA:557,0,1,4335000
BRDA:559,0,0,8670000
BRDA:559,0,1,4335000
BRDA:561,0,0,17340000
BRDA:561,0,1,8670000
BRDA:607,0,0,120768000
BRDA:607,0,1,4335000
BRDA:610,0,0,362304000
BRDA:610,0,1,120768000
BRDA:612,0,0,55204200
BRDA:612,0,1,307100000
BRDA:624,0,0,5950
BRDA:624,0,1,75
BRDA:626,0,0,1071000
BRDA:626,0,1,5950
BRDA:636,0,0,75
BRDA:636,0,1,0
BRDA:636,0,2,0
BRDA:636,0,3,75
BRDA:639,0,0,-
BRDA:639,0,1,-
BRDA:639,0,2,-
BRDA:639,0,3,-
BRDA:639,0,4,-
BRDA:639,0,5,-
BRDA:639,0,6,-
BRDA:639,0,7,-
BRDA:639,0,8,-
BRDA:639,0,9,-
BRDA:639,0,10,-
BRDA:639,0,11,-
BRDA:639,0,12,-
BRDA:639,0,13,-
BRDA:639,0,14,-
BRDA:639,0,15,-
BRDA:639,0,16,-
BRDA:639,0,17,-
BRDA:639,0,18,-
BRDA:639,0,19,-
BRDA:639,0,20,-
BRDA:639,0,21,-
BRDA:639,0,22,-
BRDA:639,0,23,-
BRDA:641,0,0,0
BRDA:641,0,1,75
BRDA:645,0,0,5950
BRDA:645,0,1,75
BRDA:646,0,0,1071000
BRDA:646,0,1,5950
BRDA:662,0,0,75
BRDA:662,0,1,0
BRDA:662,0,2,0
BRDA:662,0,3,75
BRDA:666,0,0,0
BRDA:666,0,1,75
BRDA:673,0,0,5950
BRDA:673,0,1,75
BRDA:674,0,0,1071000
BRDA:674,0,1,5950
BRDA:677,0,0,5355000
BRDA:677,0,1,1071000
BRDA:688,0,0,100
BRDA:688,0,1,0
BRDA:688,0,2,100
BRDA:688,0,3,0
BRDA:688,0,4,0
BRDA:688,0,5,100
BRDA:688,0,6,0
BRDA:688,0,7,100
BRDA:694,0,0,100
BRDA:694,0,1,0
BRDA:695,0,0,100
BRDA:695,0,1,0
BRDA:696,0,0,100
BRDA:696,0,1,0
BRDA:697,0,0,0
BRDA:697,0,1,100
BRDA:706,0,0,100
BRDA:706,0,1,0
BRDA:706,0,2,100
BRDA:706,0,3,0
BRDA:706,0,4,0
BRDA:706,0,5,100
BRDA:714,0,0,100
BRDA:714,0,1,100
BRDA:716,0,0,100
BRDA:716,0,1,100
BRDA:735,0,0,0
BRDA:735,0,1,300
BRDA:745,0,0,23800
BRDA:745,0,1,300
BRDA:747,0,0,4284000
BRDA:747,0,1,23800
BRDA:760,0,0,50
BRDA:760,0,1,50
BRDA:761,0,0,50
BRDA:761,0,1,50
BRDA:763,0,0,2142000
BRDA:763,0,1,50
BRDA:782,0,0,25
BRDA:782,0,1,0
BRDA:782,0,2,25
BRDA:782,0,3,0
BRDA:782,0,4,25
BRDA:782,0,5,0
BRDA:782,0,6,0
BRDA:782,0,7,25
BRDA:782,0,8,0
BRDA:782,0,9,25
BRDA:784,0,0,-
BRDA:784,0,1,-
BRDA:784,0,2,-
BRDA:784,0,3,-
BRDA:784,0,4,-
BRDA:784,0,5,-
BRDA:787,0,0,25
BRDA:787,0,1,0
BRDA:787,0,2,25
BRDA:787,0,3,0
BRDA:787,0,4,25
BRDA:787,0,5,0
BRDA:787,0,6,25
BRDA:787,0,7,0
BRDA:787,0,8,25
BRDA:787,0,9,0
BRDA:787,0,10,25
BRDA:787,0,11,0
BRDA:787,0,12,25
BRDA:787,0,13,0
BRDA:787,0,14,0
BRDA:787,0,15,25
BRDA:788,0,0,-
BRDA:788,0,1,-
BRDA:788,0,2,-
BRDA:788,0,3,-
BRDA:788,0,4,-
BRDA:788,0,5,-
BRDA:792,0,0,0
BRDA:792,0,1,25
BRDA:793,0,0,-
BRDA:793,0,1,-
BRDA:793,0,2,-
BRDA:793,0,3,-
BRDA:793,0,4,-
BRDA:793,0,5,-
BRDA:793,0,6,-
BRDA:793,0,7,-
BRDA:793,0,8,-
BRDA:793,0,9,-
BRDA:806,0,0,1071000
BRDA:806,0,1,25
BRDA:811,0,0,394
BRDA:811,0,1,1070610
BRDA:821,0,0,394
BRDA:821,0,1,0
BRDA:821,0,2,394
BRDA:821,0,3,0
BRDA:826,0,0,25
BRDA:826,0,1,0
BRDA:829,0,0,25
BRDA:829,0,1,0
BRDA:829,0,2,0
BRDA:829,0,3,25
BRDA:829,0,4,0
BRDA:829,0,5,25
BRDA:830,0,0,-
BRDA:830,0,1,-
BRDA:835,0,0,394
BRDA:835,0,1,25
BRDA:838,0,0,369
BRDA:838,0,1,394
BRDA:840,0,0,369
BRDA:840,0,1,0
BRDA:843,0,0,369
BRDA:843,0,1,0
BRDA:851,0,0,27
BRDA:851,0,1,367
BRDA:852,0,0,27
BRDA:852,0,1,0
BRDA:854,0,0,394
BRDA:854,0,1,0
BRDA:856,0,0,25
BRDA:856,0,1,0
BRDA:856,0,2,0
BRDA:856,0,3,25
BRDA:856,0,4,0
BRDA:856,0,5,25
BRDA:857,0,0,-
BRDA:857,0,1,-
BRDA:864,0,0,27
BRDA:864,0,1,25
BRDA:875,0,0,270
BRDA:875,0,1,27
BRDA:878,0,0,27
BRDA:878,0,1,0
BRF:340
BRH:200
DA:54,2131
DA:57,2131
DA:58,2131
DA:60,2131
DA:61,0
DA:64,2131
DA:65,2131
DA:67,2131
DA:70,2131
DA:73,2131
DA:75,2131
DA:76,0
DA:77,2131
DA:82,25
DA:83,25
DA:84,0
DA:85,0
DA:87,25
DA:88,0
DA:89,0
DA:91,25
DA:92,25
DA:93,25
DA:94,25
DA:99,13625
DA:100,13069600
DA:101,13056000
DA:102,52224000
DA:103,39168000
DA:105,39168000
DA:106,288000
DA:108,155520000
DA:109,116640000
DA:111,116640000
DA:112,40500
DA:114,116600000
DA:116,116600000
DA:117,116600000
DA:118,116600000
DA:119,116600000
DA:124,25
DA:128,1110580000
DA:130,1110580000
DA:169,37928500000
DA:171,36817900000
DA:175,1110580000
DA:178,301116000
DA:211,8375930000
DA:212,8074820000
DA:215,301116000
DA:218,33609000
DA:248,935289000
DA:250,901680000
DA:253,33609000
DA:256,1020000
DA:286,66300000
DA:288,65280000
DA:291,1020000
DA:294,675
DA:299,96725
DA:301,46761000
DA:303,46665000
DA:304,46665000
DA:305,1157240000
DA:307,1110580000
DA:308,1110580000
DA:309,1110580000
DA:313,675
DA:316,650
DA:319,650
DA:323,83100
DA:325,82450
DA:326,82450
DA:327,82450
DA:328,82450
DA:330,33691400
DA:332,33609000
DA:333,33609000
DA:334,33609000
DA:335,33609000
DA:336,33609000
DA:339,134145000
DA:340,401652000
DA:342,301116000
DA:343,301116000
DA:344,301116000
DA:345,301116000
DA:347,33609000
DA:350,650
DA:353,375
DA:355,375
DA:357,0
DA:358,0
DA:361,375
DA:383,1093440000
DA:384,1093440000
DA:387,375
DA:390,369
DA:393,369
DA:394,369
DA:397,0
DA:398,0
DA:399,0
DA:400,0
DA:404,369
DA:405,369
DA:406,369
DA:407,369
DA:409,369
DA:411,369
DA:414,369
DA:416,369
DA:417,369
DA:419,369
DA:421,369
DA:422,369
DA:423,369
DA:424,369
DA:428,0
DA:432,1254
DA:434,1254
DA:438,50
DA:439,50
DA:440,0
DA:441,0
DA:444,50
DA:446,2600
DA:447,257550
DA:448,255000
DA:449,255000
DA:450,255000
DA:451,16575000
DA:452,16320000
DA:453,16320000
DA:454,16320000
DA:455,16320000
DA:459,50
DA:462,50
DA:463,50
DA:464,0
DA:465,0
DA:467,50
DA:468,5150
DA:469,1025100
DA:470,1020000
DA:471,1020000
DA:472,1020000
DA:473,1020000
DA:476,50
DA:479,1325
DA:481,1325
DA:483,0
DA:484,0
DA:486,1325
DA:488,0
DA:489,0
DA:491,1325
DA:492,1325
DA:493,675
DA:494,650
DA:495,650
DA:498,0
DA:499,0
DA:502,1325
DA:503,375
DA:505,1325
DA:508,650
DA:511,1300
DA:512,650
DA:513,1300
DA:516,125
DA:520,250
DA:521,125
DA:522,250
DA:527,100
DA:529,100
DA:531,0
DA:532,0
DA:534,100
DA:535,100
DA:536,100
DA:538,100
DA:540,0
DA:541,0
DA:544,100
DA:545,100
DA:547,12850
DA:549,4347750
DA:552,4335000
DA:554,4335000
DA:555,4335000
DA:556,4335000
DA:557,4335000
DA:559,13005000
DA:561,26010000
DA:563,17340000
DA:567,4335000
DA:568,4335000
DA:607,125103000
DA:609,120768000
DA:610,483072000
DA:612,362304000
DA:614,120768000
DA:619,100
DA:622,75
DA:623,75
DA:624,6025
DA:625,5950
DA:626,1076950
DA:627,1071000
DA:628,1071000
DA:629,1071000
DA:632,75
DA:635,75
DA:636,75
DA:638,0
DA:639,0
DA:641,75
DA:642,0
DA:644,75
DA:645,6025
DA:646,1076950
DA:647,1071000
DA:648,1071000
DA:649,1071000
DA:650,1071000
DA:651,1071000
DA:652,1071000
DA:653,1071000
DA:654,1071000
DA:655,1071000
DA:656,1071000
DA:659,75
DA:661,75
DA:662,75
DA:663,0
DA:664,0
DA:666,75
DA:667,0
DA:668,0
DA:670,75
DA:671,75
DA:673,6025
DA:674,1076950
DA:675,1071000
DA:676,1071000
DA:677,6426000
DA:678,5355000
DA:679,5355000
DA:683,75
DA:686,100
DA:688,100
DA:690,0
DA:691,0
DA:694,100
DA:695,100
DA:696,100
DA:697,100
DA:699,0
DA:700,0
DA:702,100
DA:703,100
DA:704,100
DA:706,100
DA:708,0
DA:709,0
DA:712,100
DA:714,200
DA:716,200
DA:718,100
DA:719,100
DA:720,100
DA:721,100
DA:723,100
DA:724,100
DA:725,100
DA:728,100
DA:733,300
DA:735,300
DA:737,0
DA:738,0
DA:741,300
DA:743,300
DA:744,300
DA:745,24100
DA:747,4307800
DA:749,4284000
DA:750,4284000
DA:751,4284000
DA:755,300
DA:759,50
DA:760,100
DA:761,100
DA:762,50
DA:763,2142050
DA:764,2142000
DA:765,2142000
DA:766,2142000
DA:767,2142000
DA:771,50
DA:773,25
DA:782,25
DA:784,0
DA:785,0
DA:787,25
DA:788,0
DA:789,0
DA:792,25
DA:793,0
DA:794,0
DA:797,25
DA:798,25
DA:799,25
DA:800,25
DA:802,50
DA:803,50
DA:806,1071020
DA:808,1071000
DA:811,1071000
DA:814,394
DA:815,394
DA:816,394
DA:817,394
DA:820,394
DA:821,394
DA:826,25
DA:829,25
DA:830,0
DA:834,25
DA:835,419
DA:836,394
DA:837,394
DA:838,763
DA:840,369
DA:842,369
DA:843,369
DA:844,369
DA:848,0
DA:851,394
DA:852,27
DA:854,394
DA:856,25
DA:857,0
DA:861,25
DA:863,25
DA:864,52
DA:866,27
DA:869,27
DA:870,27
DA:871,27
DA:872,27
DA:873,27
DA:875,297
DA:876,270
DA:878,27
DA:881,50
LF:356
LH:305
end_of_record
TN:
SF:/home/marija/Documents/2023_Analysis_libfacedetection/libfacedetection/src/facedetectcnn.h
FN:142,_ZN9CDataBlobIfEC2Ev
FN:149,_ZN9CDataBlobIfEC2Eiii
FN:156,_ZN9CDataBlobIfED2Ev
FN:161,_ZN9CDataBlobIfEC2EOS0_
FN:170,_ZN9CDataBlobIfEaSEOS0_
FN:176,_ZN9CDataBlobIfE7setNULLEv
FN:184,_ZN9CDataBlobIfE7setZeroEv
FN:190,_ZNK9CDataBlobIfE7isEmptyEv
FN:195,_ZN9CDataBlobIfE6createEiii
FN:242,_ZN9CDataBlobIfE3ptrEii
FN:249,_ZNK9CDataBlobIfE3ptrEii
FN:350,_ZN7FiltersIfEC2Ev
FN:359,_ZN7FiltersIfEaSER15ConvInfoStruct_
FNDA:5187,_ZN9CDataBlobIfE7setNULLEv
FNDA:406,_ZN9CDataBlobIfEC2Ev
FNDA:5200,_ZNK9CDataBlobIfE7isEmptyEv
FNDA:53,_ZN7FiltersIfEaSER15ConvInfoStruct_
FNDA:625,_ZN9CDataBlobIfEC2EOS0_
FNDA:53,_ZN7FiltersIfEC2Ev
FNDA:2775,_ZN9CDataBlobIfE7setZeroEv
FNDA:2131,_ZN9CDataBlobIfE6createEiii
FNDA:1801800000,_ZNK9CDataBlobIfE3ptrEii
FNDA:625,_ZN9CDataBlobIfEaSEOS0_
FNDA:167180000,_ZN9CDataBlobIfE3ptrEii
FNDA:2025,_ZN9CDataBlobIfEC2Eiii
FNDA:3056,_ZN9CDataBlobIfED2Ev
FNF:13
FNH:13
BRDA:178,0,0,2131
BRDA:178,0,1,3056
BRDA:186,0,0,2775
BRDA:186,0,1,0
BRDA:192,0,0,5200
BRDA:192,0,1,0
BRDA:192,0,2,5200
BRDA:192,0,3,0
BRDA:192,0,4,5200
BRDA:192,0,5,0
BRDA:192,0,6,0
BRDA:192,0,7,5200
BRDA:205,0,0,1579
BRDA:205,0,1,552
BRDA:211,0,0,0
BRDA:211,0,1,2131
BRDA:244,0,0,167180000
BRDA:244,0,1,0
BRDA:244,0,2,167180000
BRDA:244,0,3,0
BRDA:244,0,4,167180000
BRDA:244,0,5,0
BRDA:244,0,6,0
BRDA:244,0,7,167180000
BRDA:251,0,0,1801800000
BRDA:251,0,1,0
BRDA:251,0,2,1801800000
BRDA:251,0,3,0
BRDA:251,0,4,1801800000
BRDA:251,0,5,0
BRDA:251,0,6,0
BRDA:251,0,7,1801800000
BRDA:361,0,0,0
BRDA:361,0,1,53
BRDA:366,0,0,53
BRDA:366,0,1,0
BRDA:366,0,2,0
BRDA:366,0,3,53
BRDA:366,0,4,0
BRDA:366,0,5,53
BRDA:379,0,0,27
BRDA:379,0,1,26
BRDA:379,0,2,27
BRDA:379,0,3,0
BRDA:383,0,0,26
BRDA:383,0,1,0
BRDA:383,0,2,26
BRDA:383,0,3,0
BRDA:396,0,0,1034
BRDA:396,0,1,53
BRF:50
BRH:29
DA:142,406
DA:143,406
DA:144,406
DA:145,406
DA:146,406
DA:147,406
DA:148,406
DA:149,2025
DA:151,2025
DA:152,2025
DA:154,2025
DA:155,2025
DA:156,3056
DA:158,3056
DA:159,3056
DA:161,625
DA:162,625
DA:163,625
DA:164,625
DA:165,625
DA:166,625
DA:167,625
DA:168,625
DA:170,625
DA:171,625
DA:172,625
DA:173,625
DA:176,5187
DA:178,5187
DA:179,2131
DA:180,5187
DA:181,5187
DA:182,5187
DA:184,2775
DA:186,2775
DA:187,2775
DA:188,2775
DA:190,5200
DA:192,5200
DA:195,2131
DA:197,2131
DA:199,2131
DA:200,2131
DA:201,2131
DA:204,2131
DA:205,2131
DA:206,1579
DA:208,552
DA:209,2131
DA:211,2131
DA:213,0
DA:214,0
DA:215,0
DA:216,0
DA:217,0
DA:239,2131
DA:242,167180000
DA:244,167180000
DA:245,0
DA:247,167180000
DA:249,1801800000
DA:251,1801800000
DA:252,0
DA:254,1801800000
DA:350,53
DA:351,53
DA:352,53
DA:353,53
DA:354,53
DA:355,53
DA:356,53
DA:357,53
DA:359,53
DA:361,53
DA:363,0
DA:364,0
DA:366,106
DA:367,53
DA:369,0
DA:370,0
DA:373,53
DA:374,53
DA:375,53
DA:376,53
DA:377,53
DA:379,53
DA:381,27
DA:383,26
DA:385,26
DA:389,0
DA:390,0
DA:393,53
DA:396,1087
DA:397,1034
DA:398,1034
DA:399,1034
DA:400,53
DA:402,53
LF:98
LH:85
end_of_record
